[2024-04-04T16:35:49.005+0000] {processor.py:161} INFO - Started process (PID=54977) to work on /home/airflow/.local/lib/python3.8/site-packages/airflow/example_dags/example_nested_branch_dag.py
[2024-04-04T16:35:49.006+0000] {processor.py:830} INFO - Processing file /home/airflow/.local/lib/python3.8/site-packages/airflow/example_dags/example_nested_branch_dag.py for tasks to queue
[2024-04-04T16:35:49.009+0000] {logging_mixin.py:188} INFO - [2024-04-04T16:35:49.008+0000] {dagbag.py:540} INFO - Filling up the DagBag from /home/airflow/.local/lib/python3.8/site-packages/airflow/example_dags/example_nested_branch_dag.py
[2024-04-04T16:35:49.019+0000] {processor.py:840} INFO - DAG(s) 'example_nested_branch_dag' retrieved from /home/airflow/.local/lib/python3.8/site-packages/airflow/example_dags/example_nested_branch_dag.py
[2024-04-04T16:35:49.049+0000] {logging_mixin.py:188} INFO - [2024-04-04T16:35:49.048+0000] {dag.py:3047} INFO - Sync 1 DAGs
[2024-04-04T16:35:49.072+0000] {logging_mixin.py:188} INFO - [2024-04-04T16:35:49.071+0000] {dag.py:3834} INFO - Setting next_dagrun for example_nested_branch_dag to 2024-04-03 00:00:00+00:00, run_after=2024-04-04 00:00:00+00:00
[2024-04-04T16:35:49.094+0000] {processor.py:183} INFO - Processing /home/airflow/.local/lib/python3.8/site-packages/airflow/example_dags/example_nested_branch_dag.py took 0.093 seconds
[2024-04-04T16:46:26.370+0000] {processor.py:161} INFO - Started process (PID=55026) to work on /home/airflow/.local/lib/python3.8/site-packages/airflow/example_dags/example_nested_branch_dag.py
[2024-04-04T16:46:26.372+0000] {processor.py:830} INFO - Processing file /home/airflow/.local/lib/python3.8/site-packages/airflow/example_dags/example_nested_branch_dag.py for tasks to queue
[2024-04-04T16:46:26.378+0000] {logging_mixin.py:188} INFO - [2024-04-04T16:46:26.376+0000] {dagbag.py:540} INFO - Filling up the DagBag from /home/airflow/.local/lib/python3.8/site-packages/airflow/example_dags/example_nested_branch_dag.py
[2024-04-04T16:46:26.398+0000] {processor.py:840} INFO - DAG(s) 'example_nested_branch_dag' retrieved from /home/airflow/.local/lib/python3.8/site-packages/airflow/example_dags/example_nested_branch_dag.py
[2024-04-04T16:46:26.437+0000] {logging_mixin.py:188} INFO - [2024-04-04T16:46:26.435+0000] {dag.py:3047} INFO - Sync 1 DAGs
[2024-04-04T16:46:26.484+0000] {logging_mixin.py:188} INFO - [2024-04-04T16:46:26.484+0000] {dag.py:3834} INFO - Setting next_dagrun for example_nested_branch_dag to 2024-04-03 00:00:00+00:00, run_after=2024-04-04 00:00:00+00:00
[2024-04-04T16:46:26.534+0000] {processor.py:183} INFO - Processing /home/airflow/.local/lib/python3.8/site-packages/airflow/example_dags/example_nested_branch_dag.py took 0.170 seconds
[2024-04-04T16:46:57.156+0000] {processor.py:161} INFO - Started process (PID=55081) to work on /home/airflow/.local/lib/python3.8/site-packages/airflow/example_dags/example_nested_branch_dag.py
[2024-04-04T16:46:57.157+0000] {processor.py:830} INFO - Processing file /home/airflow/.local/lib/python3.8/site-packages/airflow/example_dags/example_nested_branch_dag.py for tasks to queue
[2024-04-04T16:46:57.160+0000] {logging_mixin.py:188} INFO - [2024-04-04T16:46:57.160+0000] {dagbag.py:540} INFO - Filling up the DagBag from /home/airflow/.local/lib/python3.8/site-packages/airflow/example_dags/example_nested_branch_dag.py
[2024-04-04T16:46:57.173+0000] {processor.py:840} INFO - DAG(s) 'example_nested_branch_dag' retrieved from /home/airflow/.local/lib/python3.8/site-packages/airflow/example_dags/example_nested_branch_dag.py
[2024-04-04T16:46:57.203+0000] {logging_mixin.py:188} INFO - [2024-04-04T16:46:57.202+0000] {dag.py:3047} INFO - Sync 1 DAGs
[2024-04-04T16:46:57.232+0000] {logging_mixin.py:188} INFO - [2024-04-04T16:46:57.232+0000] {dag.py:3834} INFO - Setting next_dagrun for example_nested_branch_dag to 2024-04-03 00:00:00+00:00, run_after=2024-04-04 00:00:00+00:00
[2024-04-04T16:46:57.266+0000] {processor.py:183} INFO - Processing /home/airflow/.local/lib/python3.8/site-packages/airflow/example_dags/example_nested_branch_dag.py took 0.114 seconds
[2024-04-04T16:47:28.230+0000] {processor.py:161} INFO - Started process (PID=55136) to work on /home/airflow/.local/lib/python3.8/site-packages/airflow/example_dags/example_nested_branch_dag.py
[2024-04-04T16:47:28.232+0000] {processor.py:830} INFO - Processing file /home/airflow/.local/lib/python3.8/site-packages/airflow/example_dags/example_nested_branch_dag.py for tasks to queue
[2024-04-04T16:47:28.236+0000] {logging_mixin.py:188} INFO - [2024-04-04T16:47:28.236+0000] {dagbag.py:540} INFO - Filling up the DagBag from /home/airflow/.local/lib/python3.8/site-packages/airflow/example_dags/example_nested_branch_dag.py
[2024-04-04T16:47:28.249+0000] {processor.py:840} INFO - DAG(s) 'example_nested_branch_dag' retrieved from /home/airflow/.local/lib/python3.8/site-packages/airflow/example_dags/example_nested_branch_dag.py
[2024-04-04T16:47:28.282+0000] {logging_mixin.py:188} INFO - [2024-04-04T16:47:28.281+0000] {dag.py:3047} INFO - Sync 1 DAGs
[2024-04-04T16:47:28.316+0000] {logging_mixin.py:188} INFO - [2024-04-04T16:47:28.316+0000] {dag.py:3834} INFO - Setting next_dagrun for example_nested_branch_dag to 2024-04-03 00:00:00+00:00, run_after=2024-04-04 00:00:00+00:00
[2024-04-04T16:47:28.350+0000] {processor.py:183} INFO - Processing /home/airflow/.local/lib/python3.8/site-packages/airflow/example_dags/example_nested_branch_dag.py took 0.125 seconds
[2024-04-04T16:47:58.686+0000] {processor.py:161} INFO - Started process (PID=55191) to work on /home/airflow/.local/lib/python3.8/site-packages/airflow/example_dags/example_nested_branch_dag.py
[2024-04-04T16:47:58.688+0000] {processor.py:830} INFO - Processing file /home/airflow/.local/lib/python3.8/site-packages/airflow/example_dags/example_nested_branch_dag.py for tasks to queue
[2024-04-04T16:47:58.690+0000] {logging_mixin.py:188} INFO - [2024-04-04T16:47:58.690+0000] {dagbag.py:540} INFO - Filling up the DagBag from /home/airflow/.local/lib/python3.8/site-packages/airflow/example_dags/example_nested_branch_dag.py
[2024-04-04T16:47:58.704+0000] {processor.py:840} INFO - DAG(s) 'example_nested_branch_dag' retrieved from /home/airflow/.local/lib/python3.8/site-packages/airflow/example_dags/example_nested_branch_dag.py
[2024-04-04T16:47:58.732+0000] {logging_mixin.py:188} INFO - [2024-04-04T16:47:58.731+0000] {dag.py:3047} INFO - Sync 1 DAGs
[2024-04-04T16:47:58.759+0000] {logging_mixin.py:188} INFO - [2024-04-04T16:47:58.759+0000] {dag.py:3834} INFO - Setting next_dagrun for example_nested_branch_dag to 2024-04-03 00:00:00+00:00, run_after=2024-04-04 00:00:00+00:00
[2024-04-04T16:47:58.782+0000] {processor.py:183} INFO - Processing /home/airflow/.local/lib/python3.8/site-packages/airflow/example_dags/example_nested_branch_dag.py took 0.101 seconds
