[2024-04-04T16:35:51.055+0000] {processor.py:161} INFO - Started process (PID=55002) to work on /home/airflow/.local/lib/python3.8/site-packages/airflow/example_dags/example_params_ui_tutorial.py
[2024-04-04T16:35:51.056+0000] {processor.py:830} INFO - Processing file /home/airflow/.local/lib/python3.8/site-packages/airflow/example_dags/example_params_ui_tutorial.py for tasks to queue
[2024-04-04T16:35:51.058+0000] {logging_mixin.py:188} INFO - [2024-04-04T16:35:51.058+0000] {dagbag.py:540} INFO - Filling up the DagBag from /home/airflow/.local/lib/python3.8/site-packages/airflow/example_dags/example_params_ui_tutorial.py
[2024-04-04T16:35:51.068+0000] {processor.py:840} INFO - DAG(s) 'example_params_ui_tutorial' retrieved from /home/airflow/.local/lib/python3.8/site-packages/airflow/example_dags/example_params_ui_tutorial.py
[2024-04-04T16:35:51.176+0000] {logging_mixin.py:188} INFO - [2024-04-04T16:35:51.176+0000] {dag.py:3047} INFO - Sync 1 DAGs
[2024-04-04T16:35:51.188+0000] {logging_mixin.py:188} INFO - [2024-04-04T16:35:51.187+0000] {dag.py:3834} INFO - Setting next_dagrun for example_params_ui_tutorial to None, run_after=None
[2024-04-04T16:35:51.209+0000] {processor.py:183} INFO - Processing /home/airflow/.local/lib/python3.8/site-packages/airflow/example_dags/example_params_ui_tutorial.py took 0.157 seconds
[2024-04-04T16:46:29.009+0000] {processor.py:161} INFO - Started process (PID=55051) to work on /home/airflow/.local/lib/python3.8/site-packages/airflow/example_dags/example_params_ui_tutorial.py
[2024-04-04T16:46:29.010+0000] {processor.py:830} INFO - Processing file /home/airflow/.local/lib/python3.8/site-packages/airflow/example_dags/example_params_ui_tutorial.py for tasks to queue
[2024-04-04T16:46:29.013+0000] {logging_mixin.py:188} INFO - [2024-04-04T16:46:29.013+0000] {dagbag.py:540} INFO - Filling up the DagBag from /home/airflow/.local/lib/python3.8/site-packages/airflow/example_dags/example_params_ui_tutorial.py
[2024-04-04T16:46:29.033+0000] {processor.py:840} INFO - DAG(s) 'example_params_ui_tutorial' retrieved from /home/airflow/.local/lib/python3.8/site-packages/airflow/example_dags/example_params_ui_tutorial.py
[2024-04-04T16:46:29.109+0000] {logging_mixin.py:188} INFO - [2024-04-04T16:46:29.108+0000] {dag.py:3047} INFO - Sync 1 DAGs
[2024-04-04T16:46:29.126+0000] {logging_mixin.py:188} INFO - [2024-04-04T16:46:29.125+0000] {dag.py:3834} INFO - Setting next_dagrun for example_params_ui_tutorial to None, run_after=None
[2024-04-04T16:46:29.155+0000] {processor.py:183} INFO - Processing /home/airflow/.local/lib/python3.8/site-packages/airflow/example_dags/example_params_ui_tutorial.py took 0.151 seconds
[2024-04-04T16:46:59.920+0000] {processor.py:161} INFO - Started process (PID=55106) to work on /home/airflow/.local/lib/python3.8/site-packages/airflow/example_dags/example_params_ui_tutorial.py
[2024-04-04T16:46:59.922+0000] {processor.py:830} INFO - Processing file /home/airflow/.local/lib/python3.8/site-packages/airflow/example_dags/example_params_ui_tutorial.py for tasks to queue
[2024-04-04T16:46:59.925+0000] {logging_mixin.py:188} INFO - [2024-04-04T16:46:59.925+0000] {dagbag.py:540} INFO - Filling up the DagBag from /home/airflow/.local/lib/python3.8/site-packages/airflow/example_dags/example_params_ui_tutorial.py
[2024-04-04T16:46:59.948+0000] {processor.py:840} INFO - DAG(s) 'example_params_ui_tutorial' retrieved from /home/airflow/.local/lib/python3.8/site-packages/airflow/example_dags/example_params_ui_tutorial.py
[2024-04-04T16:47:00.042+0000] {logging_mixin.py:188} INFO - [2024-04-04T16:47:00.042+0000] {dag.py:3047} INFO - Sync 1 DAGs
[2024-04-04T16:47:00.065+0000] {logging_mixin.py:188} INFO - [2024-04-04T16:47:00.064+0000] {dag.py:3834} INFO - Setting next_dagrun for example_params_ui_tutorial to None, run_after=None
[2024-04-04T16:47:00.103+0000] {processor.py:183} INFO - Processing /home/airflow/.local/lib/python3.8/site-packages/airflow/example_dags/example_params_ui_tutorial.py took 0.187 seconds
[2024-04-04T16:47:30.523+0000] {processor.py:161} INFO - Started process (PID=55161) to work on /home/airflow/.local/lib/python3.8/site-packages/airflow/example_dags/example_params_ui_tutorial.py
[2024-04-04T16:47:30.524+0000] {processor.py:830} INFO - Processing file /home/airflow/.local/lib/python3.8/site-packages/airflow/example_dags/example_params_ui_tutorial.py for tasks to queue
[2024-04-04T16:47:30.527+0000] {logging_mixin.py:188} INFO - [2024-04-04T16:47:30.527+0000] {dagbag.py:540} INFO - Filling up the DagBag from /home/airflow/.local/lib/python3.8/site-packages/airflow/example_dags/example_params_ui_tutorial.py
[2024-04-04T16:47:30.541+0000] {processor.py:840} INFO - DAG(s) 'example_params_ui_tutorial' retrieved from /home/airflow/.local/lib/python3.8/site-packages/airflow/example_dags/example_params_ui_tutorial.py
[2024-04-04T16:47:30.602+0000] {logging_mixin.py:188} INFO - [2024-04-04T16:47:30.601+0000] {dag.py:3047} INFO - Sync 1 DAGs
[2024-04-04T16:47:30.619+0000] {logging_mixin.py:188} INFO - [2024-04-04T16:47:30.619+0000] {dag.py:3834} INFO - Setting next_dagrun for example_params_ui_tutorial to None, run_after=None
[2024-04-04T16:47:30.647+0000] {processor.py:183} INFO - Processing /home/airflow/.local/lib/python3.8/site-packages/airflow/example_dags/example_params_ui_tutorial.py took 0.129 seconds
[2024-04-04T16:48:00.845+0000] {processor.py:161} INFO - Started process (PID=55216) to work on /home/airflow/.local/lib/python3.8/site-packages/airflow/example_dags/example_params_ui_tutorial.py
[2024-04-04T16:48:00.847+0000] {processor.py:830} INFO - Processing file /home/airflow/.local/lib/python3.8/site-packages/airflow/example_dags/example_params_ui_tutorial.py for tasks to queue
[2024-04-04T16:48:00.849+0000] {logging_mixin.py:188} INFO - [2024-04-04T16:48:00.849+0000] {dagbag.py:540} INFO - Filling up the DagBag from /home/airflow/.local/lib/python3.8/site-packages/airflow/example_dags/example_params_ui_tutorial.py
[2024-04-04T16:48:00.862+0000] {processor.py:840} INFO - DAG(s) 'example_params_ui_tutorial' retrieved from /home/airflow/.local/lib/python3.8/site-packages/airflow/example_dags/example_params_ui_tutorial.py
[2024-04-04T16:48:00.931+0000] {logging_mixin.py:188} INFO - [2024-04-04T16:48:00.930+0000] {dag.py:3047} INFO - Sync 1 DAGs
[2024-04-04T16:48:00.945+0000] {logging_mixin.py:188} INFO - [2024-04-04T16:48:00.944+0000] {dag.py:3834} INFO - Setting next_dagrun for example_params_ui_tutorial to None, run_after=None
[2024-04-04T16:48:00.969+0000] {processor.py:183} INFO - Processing /home/airflow/.local/lib/python3.8/site-packages/airflow/example_dags/example_params_ui_tutorial.py took 0.127 seconds
