[2024-04-04T16:35:49.889+0000] {processor.py:161} INFO - Started process (PID=54988) to work on /home/airflow/.local/lib/python3.8/site-packages/airflow/example_dags/example_setup_teardown.py
[2024-04-04T16:35:49.893+0000] {processor.py:830} INFO - Processing file /home/airflow/.local/lib/python3.8/site-packages/airflow/example_dags/example_setup_teardown.py for tasks to queue
[2024-04-04T16:35:49.899+0000] {logging_mixin.py:188} INFO - [2024-04-04T16:35:49.898+0000] {dagbag.py:540} INFO - Filling up the DagBag from /home/airflow/.local/lib/python3.8/site-packages/airflow/example_dags/example_setup_teardown.py
[2024-04-04T16:35:49.916+0000] {processor.py:840} INFO - DAG(s) 'example_setup_teardown' retrieved from /home/airflow/.local/lib/python3.8/site-packages/airflow/example_dags/example_setup_teardown.py
[2024-04-04T16:35:49.948+0000] {logging_mixin.py:188} INFO - [2024-04-04T16:35:49.948+0000] {dag.py:3047} INFO - Sync 1 DAGs
[2024-04-04T16:35:49.977+0000] {logging_mixin.py:188} INFO - [2024-04-04T16:35:49.977+0000] {dag.py:3834} INFO - Setting next_dagrun for example_setup_teardown to 2024-04-03 00:00:00+00:00, run_after=2024-04-04 00:00:00+00:00
[2024-04-04T16:35:50.000+0000] {processor.py:183} INFO - Processing /home/airflow/.local/lib/python3.8/site-packages/airflow/example_dags/example_setup_teardown.py took 0.119 seconds
[2024-04-04T16:46:27.865+0000] {processor.py:161} INFO - Started process (PID=55037) to work on /home/airflow/.local/lib/python3.8/site-packages/airflow/example_dags/example_setup_teardown.py
[2024-04-04T16:46:27.868+0000] {processor.py:830} INFO - Processing file /home/airflow/.local/lib/python3.8/site-packages/airflow/example_dags/example_setup_teardown.py for tasks to queue
[2024-04-04T16:46:27.872+0000] {logging_mixin.py:188} INFO - [2024-04-04T16:46:27.871+0000] {dagbag.py:540} INFO - Filling up the DagBag from /home/airflow/.local/lib/python3.8/site-packages/airflow/example_dags/example_setup_teardown.py
[2024-04-04T16:46:27.888+0000] {processor.py:840} INFO - DAG(s) 'example_setup_teardown' retrieved from /home/airflow/.local/lib/python3.8/site-packages/airflow/example_dags/example_setup_teardown.py
[2024-04-04T16:46:27.922+0000] {logging_mixin.py:188} INFO - [2024-04-04T16:46:27.922+0000] {dag.py:3047} INFO - Sync 1 DAGs
[2024-04-04T16:46:27.958+0000] {logging_mixin.py:188} INFO - [2024-04-04T16:46:27.958+0000] {dag.py:3834} INFO - Setting next_dagrun for example_setup_teardown to 2024-04-03 00:00:00+00:00, run_after=2024-04-04 00:00:00+00:00
[2024-04-04T16:46:27.999+0000] {processor.py:183} INFO - Processing /home/airflow/.local/lib/python3.8/site-packages/airflow/example_dags/example_setup_teardown.py took 0.138 seconds
[2024-04-04T16:46:58.386+0000] {processor.py:161} INFO - Started process (PID=55092) to work on /home/airflow/.local/lib/python3.8/site-packages/airflow/example_dags/example_setup_teardown.py
[2024-04-04T16:46:58.388+0000] {processor.py:830} INFO - Processing file /home/airflow/.local/lib/python3.8/site-packages/airflow/example_dags/example_setup_teardown.py for tasks to queue
[2024-04-04T16:46:58.392+0000] {logging_mixin.py:188} INFO - [2024-04-04T16:46:58.391+0000] {dagbag.py:540} INFO - Filling up the DagBag from /home/airflow/.local/lib/python3.8/site-packages/airflow/example_dags/example_setup_teardown.py
[2024-04-04T16:46:58.406+0000] {processor.py:840} INFO - DAG(s) 'example_setup_teardown' retrieved from /home/airflow/.local/lib/python3.8/site-packages/airflow/example_dags/example_setup_teardown.py
[2024-04-04T16:46:58.441+0000] {logging_mixin.py:188} INFO - [2024-04-04T16:46:58.441+0000] {dag.py:3047} INFO - Sync 1 DAGs
[2024-04-04T16:46:58.489+0000] {logging_mixin.py:188} INFO - [2024-04-04T16:46:58.488+0000] {dag.py:3834} INFO - Setting next_dagrun for example_setup_teardown to 2024-04-03 00:00:00+00:00, run_after=2024-04-04 00:00:00+00:00
[2024-04-04T16:46:58.521+0000] {processor.py:183} INFO - Processing /home/airflow/.local/lib/python3.8/site-packages/airflow/example_dags/example_setup_teardown.py took 0.141 seconds
[2024-04-04T16:47:29.332+0000] {processor.py:161} INFO - Started process (PID=55147) to work on /home/airflow/.local/lib/python3.8/site-packages/airflow/example_dags/example_setup_teardown.py
[2024-04-04T16:47:29.334+0000] {processor.py:830} INFO - Processing file /home/airflow/.local/lib/python3.8/site-packages/airflow/example_dags/example_setup_teardown.py for tasks to queue
[2024-04-04T16:47:29.337+0000] {logging_mixin.py:188} INFO - [2024-04-04T16:47:29.336+0000] {dagbag.py:540} INFO - Filling up the DagBag from /home/airflow/.local/lib/python3.8/site-packages/airflow/example_dags/example_setup_teardown.py
[2024-04-04T16:47:29.345+0000] {processor.py:840} INFO - DAG(s) 'example_setup_teardown' retrieved from /home/airflow/.local/lib/python3.8/site-packages/airflow/example_dags/example_setup_teardown.py
[2024-04-04T16:47:29.371+0000] {logging_mixin.py:188} INFO - [2024-04-04T16:47:29.370+0000] {dag.py:3047} INFO - Sync 1 DAGs
[2024-04-04T16:47:29.395+0000] {logging_mixin.py:188} INFO - [2024-04-04T16:47:29.395+0000] {dag.py:3834} INFO - Setting next_dagrun for example_setup_teardown to 2024-04-03 00:00:00+00:00, run_after=2024-04-04 00:00:00+00:00
[2024-04-04T16:47:29.421+0000] {processor.py:183} INFO - Processing /home/airflow/.local/lib/python3.8/site-packages/airflow/example_dags/example_setup_teardown.py took 0.092 seconds
[2024-04-04T16:47:59.504+0000] {processor.py:161} INFO - Started process (PID=55202) to work on /home/airflow/.local/lib/python3.8/site-packages/airflow/example_dags/example_setup_teardown.py
[2024-04-04T16:47:59.505+0000] {processor.py:830} INFO - Processing file /home/airflow/.local/lib/python3.8/site-packages/airflow/example_dags/example_setup_teardown.py for tasks to queue
[2024-04-04T16:47:59.507+0000] {logging_mixin.py:188} INFO - [2024-04-04T16:47:59.507+0000] {dagbag.py:540} INFO - Filling up the DagBag from /home/airflow/.local/lib/python3.8/site-packages/airflow/example_dags/example_setup_teardown.py
[2024-04-04T16:47:59.515+0000] {processor.py:840} INFO - DAG(s) 'example_setup_teardown' retrieved from /home/airflow/.local/lib/python3.8/site-packages/airflow/example_dags/example_setup_teardown.py
[2024-04-04T16:47:59.537+0000] {logging_mixin.py:188} INFO - [2024-04-04T16:47:59.537+0000] {dag.py:3047} INFO - Sync 1 DAGs
[2024-04-04T16:47:59.566+0000] {logging_mixin.py:188} INFO - [2024-04-04T16:47:59.566+0000] {dag.py:3834} INFO - Setting next_dagrun for example_setup_teardown to 2024-04-03 00:00:00+00:00, run_after=2024-04-04 00:00:00+00:00
[2024-04-04T16:47:59.589+0000] {processor.py:183} INFO - Processing /home/airflow/.local/lib/python3.8/site-packages/airflow/example_dags/example_setup_teardown.py took 0.088 seconds
