[2024-04-04T16:35:49.687+0000] {processor.py:161} INFO - Started process (PID=54985) to work on /home/airflow/.local/lib/python3.8/site-packages/airflow/example_dags/example_branch_python_dop_operator_3.py
[2024-04-04T16:35:49.688+0000] {processor.py:830} INFO - Processing file /home/airflow/.local/lib/python3.8/site-packages/airflow/example_dags/example_branch_python_dop_operator_3.py for tasks to queue
[2024-04-04T16:35:49.691+0000] {logging_mixin.py:188} INFO - [2024-04-04T16:35:49.690+0000] {dagbag.py:540} INFO - Filling up the DagBag from /home/airflow/.local/lib/python3.8/site-packages/airflow/example_dags/example_branch_python_dop_operator_3.py
[2024-04-04T16:35:49.701+0000] {processor.py:840} INFO - DAG(s) 'example_branch_dop_operator_v3' retrieved from /home/airflow/.local/lib/python3.8/site-packages/airflow/example_dags/example_branch_python_dop_operator_3.py
[2024-04-04T16:35:49.748+0000] {logging_mixin.py:188} INFO - [2024-04-04T16:35:49.747+0000] {dag.py:3047} INFO - Sync 1 DAGs
[2024-04-04T16:35:49.796+0000] {logging_mixin.py:188} INFO - [2024-04-04T16:35:49.796+0000] {dag.py:3834} INFO - Setting next_dagrun for example_branch_dop_operator_v3 to 2024-04-04 16:34:00+00:00, run_after=2024-04-04 16:35:00+00:00
[2024-04-04T16:35:49.828+0000] {processor.py:183} INFO - Processing /home/airflow/.local/lib/python3.8/site-packages/airflow/example_dags/example_branch_python_dop_operator_3.py took 0.146 seconds
[2024-04-04T16:46:27.531+0000] {processor.py:161} INFO - Started process (PID=55034) to work on /home/airflow/.local/lib/python3.8/site-packages/airflow/example_dags/example_branch_python_dop_operator_3.py
[2024-04-04T16:46:27.533+0000] {processor.py:830} INFO - Processing file /home/airflow/.local/lib/python3.8/site-packages/airflow/example_dags/example_branch_python_dop_operator_3.py for tasks to queue
[2024-04-04T16:46:27.537+0000] {logging_mixin.py:188} INFO - [2024-04-04T16:46:27.536+0000] {dagbag.py:540} INFO - Filling up the DagBag from /home/airflow/.local/lib/python3.8/site-packages/airflow/example_dags/example_branch_python_dop_operator_3.py
[2024-04-04T16:46:27.558+0000] {processor.py:840} INFO - DAG(s) 'example_branch_dop_operator_v3' retrieved from /home/airflow/.local/lib/python3.8/site-packages/airflow/example_dags/example_branch_python_dop_operator_3.py
[2024-04-04T16:46:27.613+0000] {logging_mixin.py:188} INFO - [2024-04-04T16:46:27.612+0000] {dag.py:3047} INFO - Sync 1 DAGs
[2024-04-04T16:46:27.693+0000] {logging_mixin.py:188} INFO - [2024-04-04T16:46:27.692+0000] {dag.py:3834} INFO - Setting next_dagrun for example_branch_dop_operator_v3 to 2024-04-04 16:45:00+00:00, run_after=2024-04-04 16:46:00+00:00
[2024-04-04T16:46:27.738+0000] {processor.py:183} INFO - Processing /home/airflow/.local/lib/python3.8/site-packages/airflow/example_dags/example_branch_python_dop_operator_3.py took 0.216 seconds
[2024-04-04T16:46:57.999+0000] {processor.py:161} INFO - Started process (PID=55089) to work on /home/airflow/.local/lib/python3.8/site-packages/airflow/example_dags/example_branch_python_dop_operator_3.py
[2024-04-04T16:46:58.000+0000] {processor.py:830} INFO - Processing file /home/airflow/.local/lib/python3.8/site-packages/airflow/example_dags/example_branch_python_dop_operator_3.py for tasks to queue
[2024-04-04T16:46:58.003+0000] {logging_mixin.py:188} INFO - [2024-04-04T16:46:58.003+0000] {dagbag.py:540} INFO - Filling up the DagBag from /home/airflow/.local/lib/python3.8/site-packages/airflow/example_dags/example_branch_python_dop_operator_3.py
[2024-04-04T16:46:58.017+0000] {processor.py:840} INFO - DAG(s) 'example_branch_dop_operator_v3' retrieved from /home/airflow/.local/lib/python3.8/site-packages/airflow/example_dags/example_branch_python_dop_operator_3.py
[2024-04-04T16:46:58.050+0000] {logging_mixin.py:188} INFO - [2024-04-04T16:46:58.049+0000] {dag.py:3047} INFO - Sync 1 DAGs
[2024-04-04T16:46:58.087+0000] {logging_mixin.py:188} INFO - [2024-04-04T16:46:58.087+0000] {dag.py:3834} INFO - Setting next_dagrun for example_branch_dop_operator_v3 to 2024-04-04 16:45:00+00:00, run_after=2024-04-04 16:46:00+00:00
[2024-04-04T16:46:58.118+0000] {processor.py:183} INFO - Processing /home/airflow/.local/lib/python3.8/site-packages/airflow/example_dags/example_branch_python_dop_operator_3.py took 0.123 seconds
[2024-04-04T16:47:29.020+0000] {processor.py:161} INFO - Started process (PID=55144) to work on /home/airflow/.local/lib/python3.8/site-packages/airflow/example_dags/example_branch_python_dop_operator_3.py
[2024-04-04T16:47:29.023+0000] {processor.py:830} INFO - Processing file /home/airflow/.local/lib/python3.8/site-packages/airflow/example_dags/example_branch_python_dop_operator_3.py for tasks to queue
[2024-04-04T16:47:29.027+0000] {logging_mixin.py:188} INFO - [2024-04-04T16:47:29.026+0000] {dagbag.py:540} INFO - Filling up the DagBag from /home/airflow/.local/lib/python3.8/site-packages/airflow/example_dags/example_branch_python_dop_operator_3.py
[2024-04-04T16:47:29.041+0000] {processor.py:840} INFO - DAG(s) 'example_branch_dop_operator_v3' retrieved from /home/airflow/.local/lib/python3.8/site-packages/airflow/example_dags/example_branch_python_dop_operator_3.py
[2024-04-04T16:47:29.071+0000] {logging_mixin.py:188} INFO - [2024-04-04T16:47:29.070+0000] {dag.py:3047} INFO - Sync 1 DAGs
[2024-04-04T16:47:29.112+0000] {logging_mixin.py:188} INFO - [2024-04-04T16:47:29.112+0000] {dag.py:3834} INFO - Setting next_dagrun for example_branch_dop_operator_v3 to 2024-04-04 16:46:00+00:00, run_after=2024-04-04 16:47:00+00:00
[2024-04-04T16:47:29.142+0000] {processor.py:183} INFO - Processing /home/airflow/.local/lib/python3.8/site-packages/airflow/example_dags/example_branch_python_dop_operator_3.py took 0.127 seconds
[2024-04-04T16:47:59.229+0000] {processor.py:161} INFO - Started process (PID=55199) to work on /home/airflow/.local/lib/python3.8/site-packages/airflow/example_dags/example_branch_python_dop_operator_3.py
[2024-04-04T16:47:59.232+0000] {processor.py:830} INFO - Processing file /home/airflow/.local/lib/python3.8/site-packages/airflow/example_dags/example_branch_python_dop_operator_3.py for tasks to queue
[2024-04-04T16:47:59.234+0000] {logging_mixin.py:188} INFO - [2024-04-04T16:47:59.233+0000] {dagbag.py:540} INFO - Filling up the DagBag from /home/airflow/.local/lib/python3.8/site-packages/airflow/example_dags/example_branch_python_dop_operator_3.py
[2024-04-04T16:47:59.246+0000] {processor.py:840} INFO - DAG(s) 'example_branch_dop_operator_v3' retrieved from /home/airflow/.local/lib/python3.8/site-packages/airflow/example_dags/example_branch_python_dop_operator_3.py
[2024-04-04T16:47:59.273+0000] {logging_mixin.py:188} INFO - [2024-04-04T16:47:59.272+0000] {dag.py:3047} INFO - Sync 1 DAGs
[2024-04-04T16:47:59.310+0000] {logging_mixin.py:188} INFO - [2024-04-04T16:47:59.309+0000] {dag.py:3834} INFO - Setting next_dagrun for example_branch_dop_operator_v3 to 2024-04-04 16:46:00+00:00, run_after=2024-04-04 16:47:00+00:00
[2024-04-04T16:47:59.330+0000] {processor.py:183} INFO - Processing /home/airflow/.local/lib/python3.8/site-packages/airflow/example_dags/example_branch_python_dop_operator_3.py took 0.104 seconds
