[2024-04-04T16:35:50.824+0000] {processor.py:161} INFO - Started process (PID=54998) to work on /home/airflow/.local/lib/python3.8/site-packages/airflow/example_dags/example_sla_dag.py
[2024-04-04T16:35:50.826+0000] {processor.py:830} INFO - Processing file /home/airflow/.local/lib/python3.8/site-packages/airflow/example_dags/example_sla_dag.py for tasks to queue
[2024-04-04T16:35:50.828+0000] {logging_mixin.py:188} INFO - [2024-04-04T16:35:50.828+0000] {dagbag.py:540} INFO - Filling up the DagBag from /home/airflow/.local/lib/python3.8/site-packages/airflow/example_dags/example_sla_dag.py
[2024-04-04T16:35:50.840+0000] {processor.py:840} INFO - DAG(s) 'example_sla_dag' retrieved from /home/airflow/.local/lib/python3.8/site-packages/airflow/example_dags/example_sla_dag.py
[2024-04-04T16:35:50.868+0000] {logging_mixin.py:188} INFO - [2024-04-04T16:35:50.866+0000] {dag.py:3047} INFO - Sync 1 DAGs
[2024-04-04T16:35:50.898+0000] {logging_mixin.py:188} INFO - [2024-04-04T16:35:50.898+0000] {dag.py:3834} INFO - Setting next_dagrun for example_sla_dag to 2024-04-04 16:32:00+00:00, run_after=2024-04-04 16:34:00+00:00
[2024-04-04T16:35:50.920+0000] {processor.py:183} INFO - Processing /home/airflow/.local/lib/python3.8/site-packages/airflow/example_dags/example_sla_dag.py took 0.098 seconds
[2024-04-04T16:46:28.701+0000] {processor.py:161} INFO - Started process (PID=55047) to work on /home/airflow/.local/lib/python3.8/site-packages/airflow/example_dags/example_sla_dag.py
[2024-04-04T16:46:28.703+0000] {processor.py:830} INFO - Processing file /home/airflow/.local/lib/python3.8/site-packages/airflow/example_dags/example_sla_dag.py for tasks to queue
[2024-04-04T16:46:28.706+0000] {logging_mixin.py:188} INFO - [2024-04-04T16:46:28.705+0000] {dagbag.py:540} INFO - Filling up the DagBag from /home/airflow/.local/lib/python3.8/site-packages/airflow/example_dags/example_sla_dag.py
[2024-04-04T16:46:28.716+0000] {processor.py:840} INFO - DAG(s) 'example_sla_dag' retrieved from /home/airflow/.local/lib/python3.8/site-packages/airflow/example_dags/example_sla_dag.py
[2024-04-04T16:46:28.740+0000] {logging_mixin.py:188} INFO - [2024-04-04T16:46:28.739+0000] {dag.py:3047} INFO - Sync 1 DAGs
[2024-04-04T16:46:28.781+0000] {logging_mixin.py:188} INFO - [2024-04-04T16:46:28.781+0000] {dag.py:3834} INFO - Setting next_dagrun for example_sla_dag to 2024-04-04 16:44:00+00:00, run_after=2024-04-04 16:46:00+00:00
[2024-04-04T16:46:28.810+0000] {processor.py:183} INFO - Processing /home/airflow/.local/lib/python3.8/site-packages/airflow/example_dags/example_sla_dag.py took 0.112 seconds
[2024-04-04T16:46:59.520+0000] {processor.py:161} INFO - Started process (PID=55102) to work on /home/airflow/.local/lib/python3.8/site-packages/airflow/example_dags/example_sla_dag.py
[2024-04-04T16:46:59.522+0000] {processor.py:830} INFO - Processing file /home/airflow/.local/lib/python3.8/site-packages/airflow/example_dags/example_sla_dag.py for tasks to queue
[2024-04-04T16:46:59.526+0000] {logging_mixin.py:188} INFO - [2024-04-04T16:46:59.525+0000] {dagbag.py:540} INFO - Filling up the DagBag from /home/airflow/.local/lib/python3.8/site-packages/airflow/example_dags/example_sla_dag.py
[2024-04-04T16:46:59.541+0000] {processor.py:840} INFO - DAG(s) 'example_sla_dag' retrieved from /home/airflow/.local/lib/python3.8/site-packages/airflow/example_dags/example_sla_dag.py
[2024-04-04T16:46:59.573+0000] {logging_mixin.py:188} INFO - [2024-04-04T16:46:59.571+0000] {dag.py:3047} INFO - Sync 1 DAGs
[2024-04-04T16:46:59.620+0000] {logging_mixin.py:188} INFO - [2024-04-04T16:46:59.620+0000] {dag.py:3834} INFO - Setting next_dagrun for example_sla_dag to 2024-04-04 16:44:00+00:00, run_after=2024-04-04 16:46:00+00:00
[2024-04-04T16:46:59.660+0000] {processor.py:183} INFO - Processing /home/airflow/.local/lib/python3.8/site-packages/airflow/example_dags/example_sla_dag.py took 0.145 seconds
[2024-04-04T16:47:30.242+0000] {processor.py:161} INFO - Started process (PID=55157) to work on /home/airflow/.local/lib/python3.8/site-packages/airflow/example_dags/example_sla_dag.py
[2024-04-04T16:47:30.244+0000] {processor.py:830} INFO - Processing file /home/airflow/.local/lib/python3.8/site-packages/airflow/example_dags/example_sla_dag.py for tasks to queue
[2024-04-04T16:47:30.247+0000] {logging_mixin.py:188} INFO - [2024-04-04T16:47:30.246+0000] {dagbag.py:540} INFO - Filling up the DagBag from /home/airflow/.local/lib/python3.8/site-packages/airflow/example_dags/example_sla_dag.py
[2024-04-04T16:47:30.256+0000] {processor.py:840} INFO - DAG(s) 'example_sla_dag' retrieved from /home/airflow/.local/lib/python3.8/site-packages/airflow/example_dags/example_sla_dag.py
[2024-04-04T16:47:30.280+0000] {logging_mixin.py:188} INFO - [2024-04-04T16:47:30.280+0000] {dag.py:3047} INFO - Sync 1 DAGs
[2024-04-04T16:47:30.308+0000] {logging_mixin.py:188} INFO - [2024-04-04T16:47:30.307+0000] {dag.py:3834} INFO - Setting next_dagrun for example_sla_dag to 2024-04-04 16:44:00+00:00, run_after=2024-04-04 16:46:00+00:00
[2024-04-04T16:47:30.334+0000] {processor.py:183} INFO - Processing /home/airflow/.local/lib/python3.8/site-packages/airflow/example_dags/example_sla_dag.py took 0.095 seconds
[2024-04-04T16:48:00.538+0000] {processor.py:161} INFO - Started process (PID=55212) to work on /home/airflow/.local/lib/python3.8/site-packages/airflow/example_dags/example_sla_dag.py
[2024-04-04T16:48:00.540+0000] {processor.py:830} INFO - Processing file /home/airflow/.local/lib/python3.8/site-packages/airflow/example_dags/example_sla_dag.py for tasks to queue
[2024-04-04T16:48:00.543+0000] {logging_mixin.py:188} INFO - [2024-04-04T16:48:00.542+0000] {dagbag.py:540} INFO - Filling up the DagBag from /home/airflow/.local/lib/python3.8/site-packages/airflow/example_dags/example_sla_dag.py
[2024-04-04T16:48:00.552+0000] {processor.py:840} INFO - DAG(s) 'example_sla_dag' retrieved from /home/airflow/.local/lib/python3.8/site-packages/airflow/example_dags/example_sla_dag.py
[2024-04-04T16:48:00.578+0000] {logging_mixin.py:188} INFO - [2024-04-04T16:48:00.577+0000] {dag.py:3047} INFO - Sync 1 DAGs
[2024-04-04T16:48:00.607+0000] {logging_mixin.py:188} INFO - [2024-04-04T16:48:00.607+0000] {dag.py:3834} INFO - Setting next_dagrun for example_sla_dag to 2024-04-04 16:46:00+00:00, run_after=2024-04-04 16:48:00+00:00
[2024-04-04T16:48:00.652+0000] {processor.py:183} INFO - Processing /home/airflow/.local/lib/python3.8/site-packages/airflow/example_dags/example_sla_dag.py took 0.117 seconds
