[2024-04-04T16:35:50.038+0000] {processor.py:161} INFO - Started process (PID=54989) to work on /home/airflow/.local/lib/python3.8/site-packages/airflow/example_dags/example_branch_day_of_week_operator.py
[2024-04-04T16:35:50.039+0000] {processor.py:830} INFO - Processing file /home/airflow/.local/lib/python3.8/site-packages/airflow/example_dags/example_branch_day_of_week_operator.py for tasks to queue
[2024-04-04T16:35:50.042+0000] {logging_mixin.py:188} INFO - [2024-04-04T16:35:50.041+0000] {dagbag.py:540} INFO - Filling up the DagBag from /home/airflow/.local/lib/python3.8/site-packages/airflow/example_dags/example_branch_day_of_week_operator.py
[2024-04-04T16:35:50.049+0000] {processor.py:840} INFO - DAG(s) 'example_weekday_branch_operator' retrieved from /home/airflow/.local/lib/python3.8/site-packages/airflow/example_dags/example_branch_day_of_week_operator.py
[2024-04-04T16:35:50.071+0000] {logging_mixin.py:188} INFO - [2024-04-04T16:35:50.070+0000] {dag.py:3047} INFO - Sync 1 DAGs
[2024-04-04T16:35:50.096+0000] {logging_mixin.py:188} INFO - [2024-04-04T16:35:50.096+0000] {dag.py:3834} INFO - Setting next_dagrun for example_weekday_branch_operator to 2024-04-03 00:00:00+00:00, run_after=2024-04-04 00:00:00+00:00
[2024-04-04T16:35:50.122+0000] {processor.py:183} INFO - Processing /home/airflow/.local/lib/python3.8/site-packages/airflow/example_dags/example_branch_day_of_week_operator.py took 0.088 seconds
[2024-04-04T16:46:28.004+0000] {processor.py:161} INFO - Started process (PID=55038) to work on /home/airflow/.local/lib/python3.8/site-packages/airflow/example_dags/example_branch_day_of_week_operator.py
[2024-04-04T16:46:28.006+0000] {processor.py:830} INFO - Processing file /home/airflow/.local/lib/python3.8/site-packages/airflow/example_dags/example_branch_day_of_week_operator.py for tasks to queue
[2024-04-04T16:46:28.013+0000] {logging_mixin.py:188} INFO - [2024-04-04T16:46:28.012+0000] {dagbag.py:540} INFO - Filling up the DagBag from /home/airflow/.local/lib/python3.8/site-packages/airflow/example_dags/example_branch_day_of_week_operator.py
[2024-04-04T16:46:28.021+0000] {processor.py:840} INFO - DAG(s) 'example_weekday_branch_operator' retrieved from /home/airflow/.local/lib/python3.8/site-packages/airflow/example_dags/example_branch_day_of_week_operator.py
[2024-04-04T16:46:28.047+0000] {logging_mixin.py:188} INFO - [2024-04-04T16:46:28.047+0000] {dag.py:3047} INFO - Sync 1 DAGs
[2024-04-04T16:46:28.075+0000] {logging_mixin.py:188} INFO - [2024-04-04T16:46:28.075+0000] {dag.py:3834} INFO - Setting next_dagrun for example_weekday_branch_operator to 2024-04-03 00:00:00+00:00, run_after=2024-04-04 00:00:00+00:00
[2024-04-04T16:46:28.098+0000] {processor.py:183} INFO - Processing /home/airflow/.local/lib/python3.8/site-packages/airflow/example_dags/example_branch_day_of_week_operator.py took 0.100 seconds
[2024-04-04T16:46:58.572+0000] {processor.py:161} INFO - Started process (PID=55093) to work on /home/airflow/.local/lib/python3.8/site-packages/airflow/example_dags/example_branch_day_of_week_operator.py
[2024-04-04T16:46:58.575+0000] {processor.py:830} INFO - Processing file /home/airflow/.local/lib/python3.8/site-packages/airflow/example_dags/example_branch_day_of_week_operator.py for tasks to queue
[2024-04-04T16:46:58.579+0000] {logging_mixin.py:188} INFO - [2024-04-04T16:46:58.578+0000] {dagbag.py:540} INFO - Filling up the DagBag from /home/airflow/.local/lib/python3.8/site-packages/airflow/example_dags/example_branch_day_of_week_operator.py
[2024-04-04T16:46:58.593+0000] {processor.py:840} INFO - DAG(s) 'example_weekday_branch_operator' retrieved from /home/airflow/.local/lib/python3.8/site-packages/airflow/example_dags/example_branch_day_of_week_operator.py
[2024-04-04T16:46:58.630+0000] {logging_mixin.py:188} INFO - [2024-04-04T16:46:58.629+0000] {dag.py:3047} INFO - Sync 1 DAGs
[2024-04-04T16:46:58.664+0000] {logging_mixin.py:188} INFO - [2024-04-04T16:46:58.663+0000] {dag.py:3834} INFO - Setting next_dagrun for example_weekday_branch_operator to 2024-04-03 00:00:00+00:00, run_after=2024-04-04 00:00:00+00:00
[2024-04-04T16:46:58.697+0000] {processor.py:183} INFO - Processing /home/airflow/.local/lib/python3.8/site-packages/airflow/example_dags/example_branch_day_of_week_operator.py took 0.130 seconds
[2024-04-04T16:47:29.468+0000] {processor.py:161} INFO - Started process (PID=55148) to work on /home/airflow/.local/lib/python3.8/site-packages/airflow/example_dags/example_branch_day_of_week_operator.py
[2024-04-04T16:47:29.469+0000] {processor.py:830} INFO - Processing file /home/airflow/.local/lib/python3.8/site-packages/airflow/example_dags/example_branch_day_of_week_operator.py for tasks to queue
[2024-04-04T16:47:29.472+0000] {logging_mixin.py:188} INFO - [2024-04-04T16:47:29.472+0000] {dagbag.py:540} INFO - Filling up the DagBag from /home/airflow/.local/lib/python3.8/site-packages/airflow/example_dags/example_branch_day_of_week_operator.py
[2024-04-04T16:47:29.481+0000] {processor.py:840} INFO - DAG(s) 'example_weekday_branch_operator' retrieved from /home/airflow/.local/lib/python3.8/site-packages/airflow/example_dags/example_branch_day_of_week_operator.py
[2024-04-04T16:47:29.510+0000] {logging_mixin.py:188} INFO - [2024-04-04T16:47:29.509+0000] {dag.py:3047} INFO - Sync 1 DAGs
[2024-04-04T16:47:29.540+0000] {logging_mixin.py:188} INFO - [2024-04-04T16:47:29.540+0000] {dag.py:3834} INFO - Setting next_dagrun for example_weekday_branch_operator to 2024-04-03 00:00:00+00:00, run_after=2024-04-04 00:00:00+00:00
[2024-04-04T16:47:29.570+0000] {processor.py:183} INFO - Processing /home/airflow/.local/lib/python3.8/site-packages/airflow/example_dags/example_branch_day_of_week_operator.py took 0.106 seconds
[2024-04-04T16:47:59.631+0000] {processor.py:161} INFO - Started process (PID=55203) to work on /home/airflow/.local/lib/python3.8/site-packages/airflow/example_dags/example_branch_day_of_week_operator.py
[2024-04-04T16:47:59.633+0000] {processor.py:830} INFO - Processing file /home/airflow/.local/lib/python3.8/site-packages/airflow/example_dags/example_branch_day_of_week_operator.py for tasks to queue
[2024-04-04T16:47:59.636+0000] {logging_mixin.py:188} INFO - [2024-04-04T16:47:59.635+0000] {dagbag.py:540} INFO - Filling up the DagBag from /home/airflow/.local/lib/python3.8/site-packages/airflow/example_dags/example_branch_day_of_week_operator.py
[2024-04-04T16:47:59.644+0000] {processor.py:840} INFO - DAG(s) 'example_weekday_branch_operator' retrieved from /home/airflow/.local/lib/python3.8/site-packages/airflow/example_dags/example_branch_day_of_week_operator.py
[2024-04-04T16:47:59.678+0000] {logging_mixin.py:188} INFO - [2024-04-04T16:47:59.678+0000] {dag.py:3047} INFO - Sync 1 DAGs
[2024-04-04T16:47:59.708+0000] {logging_mixin.py:188} INFO - [2024-04-04T16:47:59.707+0000] {dag.py:3834} INFO - Setting next_dagrun for example_weekday_branch_operator to 2024-04-03 00:00:00+00:00, run_after=2024-04-04 00:00:00+00:00
[2024-04-04T16:47:59.730+0000] {processor.py:183} INFO - Processing /home/airflow/.local/lib/python3.8/site-packages/airflow/example_dags/example_branch_day_of_week_operator.py took 0.103 seconds
