[2024-04-04T16:35:50.222+0000] {processor.py:161} INFO - Started process (PID=54991) to work on /home/airflow/.local/lib/python3.8/site-packages/airflow/example_dags/example_xcom.py
[2024-04-04T16:35:50.224+0000] {processor.py:830} INFO - Processing file /home/airflow/.local/lib/python3.8/site-packages/airflow/example_dags/example_xcom.py for tasks to queue
[2024-04-04T16:35:50.226+0000] {logging_mixin.py:188} INFO - [2024-04-04T16:35:50.226+0000] {dagbag.py:540} INFO - Filling up the DagBag from /home/airflow/.local/lib/python3.8/site-packages/airflow/example_dags/example_xcom.py
[2024-04-04T16:35:50.241+0000] {processor.py:840} INFO - DAG(s) 'example_xcom' retrieved from /home/airflow/.local/lib/python3.8/site-packages/airflow/example_dags/example_xcom.py
[2024-04-04T16:35:50.277+0000] {logging_mixin.py:188} INFO - [2024-04-04T16:35:50.277+0000] {dag.py:3047} INFO - Sync 1 DAGs
[2024-04-04T16:35:50.319+0000] {logging_mixin.py:188} INFO - [2024-04-04T16:35:50.318+0000] {dag.py:3834} INFO - Setting next_dagrun for example_xcom to 2021-01-01 00:00:00+00:00, run_after=2021-01-01 00:00:00+00:00
[2024-04-04T16:35:50.345+0000] {processor.py:183} INFO - Processing /home/airflow/.local/lib/python3.8/site-packages/airflow/example_dags/example_xcom.py took 0.128 seconds
[2024-04-04T16:46:28.131+0000] {processor.py:161} INFO - Started process (PID=55040) to work on /home/airflow/.local/lib/python3.8/site-packages/airflow/example_dags/example_xcom.py
[2024-04-04T16:46:28.132+0000] {processor.py:830} INFO - Processing file /home/airflow/.local/lib/python3.8/site-packages/airflow/example_dags/example_xcom.py for tasks to queue
[2024-04-04T16:46:28.135+0000] {logging_mixin.py:188} INFO - [2024-04-04T16:46:28.134+0000] {dagbag.py:540} INFO - Filling up the DagBag from /home/airflow/.local/lib/python3.8/site-packages/airflow/example_dags/example_xcom.py
[2024-04-04T16:46:28.144+0000] {processor.py:840} INFO - DAG(s) 'example_xcom' retrieved from /home/airflow/.local/lib/python3.8/site-packages/airflow/example_dags/example_xcom.py
[2024-04-04T16:46:28.170+0000] {logging_mixin.py:188} INFO - [2024-04-04T16:46:28.170+0000] {dag.py:3047} INFO - Sync 1 DAGs
[2024-04-04T16:46:28.196+0000] {logging_mixin.py:188} INFO - [2024-04-04T16:46:28.196+0000] {dag.py:3834} INFO - Setting next_dagrun for example_xcom to 2021-01-01 00:00:00+00:00, run_after=2021-01-01 00:00:00+00:00
[2024-04-04T16:46:28.228+0000] {processor.py:183} INFO - Processing /home/airflow/.local/lib/python3.8/site-packages/airflow/example_dags/example_xcom.py took 0.100 seconds
[2024-04-04T16:46:58.742+0000] {processor.py:161} INFO - Started process (PID=55095) to work on /home/airflow/.local/lib/python3.8/site-packages/airflow/example_dags/example_xcom.py
[2024-04-04T16:46:58.743+0000] {processor.py:830} INFO - Processing file /home/airflow/.local/lib/python3.8/site-packages/airflow/example_dags/example_xcom.py for tasks to queue
[2024-04-04T16:46:58.746+0000] {logging_mixin.py:188} INFO - [2024-04-04T16:46:58.745+0000] {dagbag.py:540} INFO - Filling up the DagBag from /home/airflow/.local/lib/python3.8/site-packages/airflow/example_dags/example_xcom.py
[2024-04-04T16:46:58.756+0000] {processor.py:840} INFO - DAG(s) 'example_xcom' retrieved from /home/airflow/.local/lib/python3.8/site-packages/airflow/example_dags/example_xcom.py
[2024-04-04T16:46:58.786+0000] {logging_mixin.py:188} INFO - [2024-04-04T16:46:58.785+0000] {dag.py:3047} INFO - Sync 1 DAGs
[2024-04-04T16:46:58.814+0000] {logging_mixin.py:188} INFO - [2024-04-04T16:46:58.813+0000] {dag.py:3834} INFO - Setting next_dagrun for example_xcom to 2021-01-01 00:00:00+00:00, run_after=2021-01-01 00:00:00+00:00
[2024-04-04T16:46:58.847+0000] {processor.py:183} INFO - Processing /home/airflow/.local/lib/python3.8/site-packages/airflow/example_dags/example_xcom.py took 0.110 seconds
[2024-04-04T16:47:29.594+0000] {processor.py:161} INFO - Started process (PID=55150) to work on /home/airflow/.local/lib/python3.8/site-packages/airflow/example_dags/example_xcom.py
[2024-04-04T16:47:29.595+0000] {processor.py:830} INFO - Processing file /home/airflow/.local/lib/python3.8/site-packages/airflow/example_dags/example_xcom.py for tasks to queue
[2024-04-04T16:47:29.598+0000] {logging_mixin.py:188} INFO - [2024-04-04T16:47:29.598+0000] {dagbag.py:540} INFO - Filling up the DagBag from /home/airflow/.local/lib/python3.8/site-packages/airflow/example_dags/example_xcom.py
[2024-04-04T16:47:29.607+0000] {processor.py:840} INFO - DAG(s) 'example_xcom' retrieved from /home/airflow/.local/lib/python3.8/site-packages/airflow/example_dags/example_xcom.py
[2024-04-04T16:47:29.641+0000] {logging_mixin.py:188} INFO - [2024-04-04T16:47:29.641+0000] {dag.py:3047} INFO - Sync 1 DAGs
[2024-04-04T16:47:29.673+0000] {logging_mixin.py:188} INFO - [2024-04-04T16:47:29.672+0000] {dag.py:3834} INFO - Setting next_dagrun for example_xcom to 2021-01-01 00:00:00+00:00, run_after=2021-01-01 00:00:00+00:00
[2024-04-04T16:47:29.703+0000] {processor.py:183} INFO - Processing /home/airflow/.local/lib/python3.8/site-packages/airflow/example_dags/example_xcom.py took 0.112 seconds
[2024-04-04T16:47:59.755+0000] {processor.py:161} INFO - Started process (PID=55205) to work on /home/airflow/.local/lib/python3.8/site-packages/airflow/example_dags/example_xcom.py
[2024-04-04T16:47:59.757+0000] {processor.py:830} INFO - Processing file /home/airflow/.local/lib/python3.8/site-packages/airflow/example_dags/example_xcom.py for tasks to queue
[2024-04-04T16:47:59.759+0000] {logging_mixin.py:188} INFO - [2024-04-04T16:47:59.758+0000] {dagbag.py:540} INFO - Filling up the DagBag from /home/airflow/.local/lib/python3.8/site-packages/airflow/example_dags/example_xcom.py
[2024-04-04T16:47:59.769+0000] {processor.py:840} INFO - DAG(s) 'example_xcom' retrieved from /home/airflow/.local/lib/python3.8/site-packages/airflow/example_dags/example_xcom.py
[2024-04-04T16:47:59.793+0000] {logging_mixin.py:188} INFO - [2024-04-04T16:47:59.793+0000] {dag.py:3047} INFO - Sync 1 DAGs
[2024-04-04T16:47:59.816+0000] {logging_mixin.py:188} INFO - [2024-04-04T16:47:59.816+0000] {dag.py:3834} INFO - Setting next_dagrun for example_xcom to 2021-01-01 00:00:00+00:00, run_after=2021-01-01 00:00:00+00:00
[2024-04-04T16:47:59.843+0000] {processor.py:183} INFO - Processing /home/airflow/.local/lib/python3.8/site-packages/airflow/example_dags/example_xcom.py took 0.091 seconds
