[2024-04-04T16:35:48.017+0000] {processor.py:161} INFO - Started process (PID=54968) to work on /home/airflow/.local/lib/python3.8/site-packages/airflow/example_dags/example_params_trigger_ui.py
[2024-04-04T16:35:48.019+0000] {processor.py:830} INFO - Processing file /home/airflow/.local/lib/python3.8/site-packages/airflow/example_dags/example_params_trigger_ui.py for tasks to queue
[2024-04-04T16:35:48.024+0000] {logging_mixin.py:188} INFO - [2024-04-04T16:35:48.023+0000] {dagbag.py:540} INFO - Filling up the DagBag from /home/airflow/.local/lib/python3.8/site-packages/airflow/example_dags/example_params_trigger_ui.py
[2024-04-04T16:35:48.055+0000] {processor.py:840} INFO - DAG(s) 'example_params_trigger_ui' retrieved from /home/airflow/.local/lib/python3.8/site-packages/airflow/example_dags/example_params_trigger_ui.py
[2024-04-04T16:35:48.128+0000] {logging_mixin.py:188} INFO - [2024-04-04T16:35:48.127+0000] {dag.py:3047} INFO - Sync 1 DAGs
[2024-04-04T16:35:48.147+0000] {logging_mixin.py:188} INFO - [2024-04-04T16:35:48.146+0000] {dag.py:3834} INFO - Setting next_dagrun for example_params_trigger_ui to None, run_after=None
[2024-04-04T16:35:48.175+0000] {processor.py:183} INFO - Processing /home/airflow/.local/lib/python3.8/site-packages/airflow/example_dags/example_params_trigger_ui.py took 0.166 seconds
[2024-04-04T16:46:24.573+0000] {processor.py:161} INFO - Started process (PID=55017) to work on /home/airflow/.local/lib/python3.8/site-packages/airflow/example_dags/example_params_trigger_ui.py
[2024-04-04T16:46:24.577+0000] {processor.py:830} INFO - Processing file /home/airflow/.local/lib/python3.8/site-packages/airflow/example_dags/example_params_trigger_ui.py for tasks to queue
[2024-04-04T16:46:24.589+0000] {logging_mixin.py:188} INFO - [2024-04-04T16:46:24.588+0000] {dagbag.py:540} INFO - Filling up the DagBag from /home/airflow/.local/lib/python3.8/site-packages/airflow/example_dags/example_params_trigger_ui.py
[2024-04-04T16:46:24.643+0000] {processor.py:840} INFO - DAG(s) 'example_params_trigger_ui' retrieved from /home/airflow/.local/lib/python3.8/site-packages/airflow/example_dags/example_params_trigger_ui.py
[2024-04-04T16:46:24.815+0000] {logging_mixin.py:188} INFO - [2024-04-04T16:46:24.814+0000] {dag.py:3047} INFO - Sync 1 DAGs
[2024-04-04T16:46:24.862+0000] {logging_mixin.py:188} INFO - [2024-04-04T16:46:24.861+0000] {dag.py:3834} INFO - Setting next_dagrun for example_params_trigger_ui to None, run_after=None
[2024-04-04T16:46:24.940+0000] {processor.py:183} INFO - Processing /home/airflow/.local/lib/python3.8/site-packages/airflow/example_dags/example_params_trigger_ui.py took 0.383 seconds
[2024-04-04T16:46:55.314+0000] {processor.py:161} INFO - Started process (PID=55072) to work on /home/airflow/.local/lib/python3.8/site-packages/airflow/example_dags/example_params_trigger_ui.py
[2024-04-04T16:46:55.315+0000] {processor.py:830} INFO - Processing file /home/airflow/.local/lib/python3.8/site-packages/airflow/example_dags/example_params_trigger_ui.py for tasks to queue
[2024-04-04T16:46:55.317+0000] {logging_mixin.py:188} INFO - [2024-04-04T16:46:55.317+0000] {dagbag.py:540} INFO - Filling up the DagBag from /home/airflow/.local/lib/python3.8/site-packages/airflow/example_dags/example_params_trigger_ui.py
[2024-04-04T16:46:55.338+0000] {processor.py:840} INFO - DAG(s) 'example_params_trigger_ui' retrieved from /home/airflow/.local/lib/python3.8/site-packages/airflow/example_dags/example_params_trigger_ui.py
[2024-04-04T16:46:55.393+0000] {logging_mixin.py:188} INFO - [2024-04-04T16:46:55.392+0000] {dag.py:3047} INFO - Sync 1 DAGs
[2024-04-04T16:46:55.408+0000] {logging_mixin.py:188} INFO - [2024-04-04T16:46:55.408+0000] {dag.py:3834} INFO - Setting next_dagrun for example_params_trigger_ui to None, run_after=None
[2024-04-04T16:46:55.432+0000] {processor.py:183} INFO - Processing /home/airflow/.local/lib/python3.8/site-packages/airflow/example_dags/example_params_trigger_ui.py took 0.120 seconds
[2024-04-04T16:47:26.300+0000] {processor.py:161} INFO - Started process (PID=55127) to work on /home/airflow/.local/lib/python3.8/site-packages/airflow/example_dags/example_params_trigger_ui.py
[2024-04-04T16:47:26.301+0000] {processor.py:830} INFO - Processing file /home/airflow/.local/lib/python3.8/site-packages/airflow/example_dags/example_params_trigger_ui.py for tasks to queue
[2024-04-04T16:47:26.304+0000] {logging_mixin.py:188} INFO - [2024-04-04T16:47:26.303+0000] {dagbag.py:540} INFO - Filling up the DagBag from /home/airflow/.local/lib/python3.8/site-packages/airflow/example_dags/example_params_trigger_ui.py
[2024-04-04T16:47:26.318+0000] {processor.py:840} INFO - DAG(s) 'example_params_trigger_ui' retrieved from /home/airflow/.local/lib/python3.8/site-packages/airflow/example_dags/example_params_trigger_ui.py
[2024-04-04T16:47:26.359+0000] {logging_mixin.py:188} INFO - [2024-04-04T16:47:26.359+0000] {dag.py:3047} INFO - Sync 1 DAGs
[2024-04-04T16:47:26.369+0000] {logging_mixin.py:188} INFO - [2024-04-04T16:47:26.369+0000] {dag.py:3834} INFO - Setting next_dagrun for example_params_trigger_ui to None, run_after=None
[2024-04-04T16:47:26.388+0000] {processor.py:183} INFO - Processing /home/airflow/.local/lib/python3.8/site-packages/airflow/example_dags/example_params_trigger_ui.py took 0.091 seconds
[2024-04-04T16:47:56.715+0000] {processor.py:161} INFO - Started process (PID=55182) to work on /home/airflow/.local/lib/python3.8/site-packages/airflow/example_dags/example_params_trigger_ui.py
[2024-04-04T16:47:56.716+0000] {processor.py:830} INFO - Processing file /home/airflow/.local/lib/python3.8/site-packages/airflow/example_dags/example_params_trigger_ui.py for tasks to queue
[2024-04-04T16:47:56.718+0000] {logging_mixin.py:188} INFO - [2024-04-04T16:47:56.718+0000] {dagbag.py:540} INFO - Filling up the DagBag from /home/airflow/.local/lib/python3.8/site-packages/airflow/example_dags/example_params_trigger_ui.py
[2024-04-04T16:47:56.733+0000] {processor.py:840} INFO - DAG(s) 'example_params_trigger_ui' retrieved from /home/airflow/.local/lib/python3.8/site-packages/airflow/example_dags/example_params_trigger_ui.py
[2024-04-04T16:47:56.786+0000] {logging_mixin.py:188} INFO - [2024-04-04T16:47:56.785+0000] {dag.py:3047} INFO - Sync 1 DAGs
[2024-04-04T16:47:56.799+0000] {logging_mixin.py:188} INFO - [2024-04-04T16:47:56.799+0000] {dag.py:3834} INFO - Setting next_dagrun for example_params_trigger_ui to None, run_after=None
[2024-04-04T16:47:56.820+0000] {processor.py:183} INFO - Processing /home/airflow/.local/lib/python3.8/site-packages/airflow/example_dags/example_params_trigger_ui.py took 0.108 seconds
