[2024-04-04T16:35:51.254+0000] {processor.py:161} INFO - Started process (PID=55005) to work on /home/airflow/.local/lib/python3.8/site-packages/airflow/example_dags/example_sensors.py
[2024-04-04T16:35:51.256+0000] {processor.py:830} INFO - Processing file /home/airflow/.local/lib/python3.8/site-packages/airflow/example_dags/example_sensors.py for tasks to queue
[2024-04-04T16:35:51.258+0000] {logging_mixin.py:188} INFO - [2024-04-04T16:35:51.258+0000] {dagbag.py:540} INFO - Filling up the DagBag from /home/airflow/.local/lib/python3.8/site-packages/airflow/example_dags/example_sensors.py
[2024-04-04T16:35:51.267+0000] {processor.py:840} INFO - DAG(s) 'example_sensors' retrieved from /home/airflow/.local/lib/python3.8/site-packages/airflow/example_dags/example_sensors.py
[2024-04-04T16:35:51.292+0000] {logging_mixin.py:188} INFO - [2024-04-04T16:35:51.291+0000] {dag.py:3047} INFO - Sync 1 DAGs
[2024-04-04T16:35:51.305+0000] {logging_mixin.py:188} INFO - [2024-04-04T16:35:51.305+0000] {dag.py:3834} INFO - Setting next_dagrun for example_sensors to None, run_after=None
[2024-04-04T16:35:51.328+0000] {processor.py:183} INFO - Processing /home/airflow/.local/lib/python3.8/site-packages/airflow/example_dags/example_sensors.py took 0.077 seconds
[2024-04-04T16:46:29.299+0000] {processor.py:161} INFO - Started process (PID=55054) to work on /home/airflow/.local/lib/python3.8/site-packages/airflow/example_dags/example_sensors.py
[2024-04-04T16:46:29.301+0000] {processor.py:830} INFO - Processing file /home/airflow/.local/lib/python3.8/site-packages/airflow/example_dags/example_sensors.py for tasks to queue
[2024-04-04T16:46:29.304+0000] {logging_mixin.py:188} INFO - [2024-04-04T16:46:29.304+0000] {dagbag.py:540} INFO - Filling up the DagBag from /home/airflow/.local/lib/python3.8/site-packages/airflow/example_dags/example_sensors.py
[2024-04-04T16:46:29.319+0000] {processor.py:840} INFO - DAG(s) 'example_sensors' retrieved from /home/airflow/.local/lib/python3.8/site-packages/airflow/example_dags/example_sensors.py
[2024-04-04T16:46:29.357+0000] {logging_mixin.py:188} INFO - [2024-04-04T16:46:29.356+0000] {dag.py:3047} INFO - Sync 1 DAGs
[2024-04-04T16:46:29.384+0000] {logging_mixin.py:188} INFO - [2024-04-04T16:46:29.383+0000] {dag.py:3834} INFO - Setting next_dagrun for example_sensors to None, run_after=None
[2024-04-04T16:46:29.419+0000] {processor.py:183} INFO - Processing /home/airflow/.local/lib/python3.8/site-packages/airflow/example_dags/example_sensors.py took 0.125 seconds
[2024-04-04T16:47:00.271+0000] {processor.py:161} INFO - Started process (PID=55109) to work on /home/airflow/.local/lib/python3.8/site-packages/airflow/example_dags/example_sensors.py
[2024-04-04T16:47:00.273+0000] {processor.py:830} INFO - Processing file /home/airflow/.local/lib/python3.8/site-packages/airflow/example_dags/example_sensors.py for tasks to queue
[2024-04-04T16:47:00.277+0000] {logging_mixin.py:188} INFO - [2024-04-04T16:47:00.276+0000] {dagbag.py:540} INFO - Filling up the DagBag from /home/airflow/.local/lib/python3.8/site-packages/airflow/example_dags/example_sensors.py
[2024-04-04T16:47:00.291+0000] {processor.py:840} INFO - DAG(s) 'example_sensors' retrieved from /home/airflow/.local/lib/python3.8/site-packages/airflow/example_dags/example_sensors.py
[2024-04-04T16:47:00.335+0000] {logging_mixin.py:188} INFO - [2024-04-04T16:47:00.335+0000] {dag.py:3047} INFO - Sync 1 DAGs
[2024-04-04T16:47:00.358+0000] {logging_mixin.py:188} INFO - [2024-04-04T16:47:00.357+0000] {dag.py:3834} INFO - Setting next_dagrun for example_sensors to None, run_after=None
[2024-04-04T16:47:00.396+0000] {processor.py:183} INFO - Processing /home/airflow/.local/lib/python3.8/site-packages/airflow/example_dags/example_sensors.py took 0.130 seconds
[2024-04-04T16:47:30.785+0000] {processor.py:161} INFO - Started process (PID=55164) to work on /home/airflow/.local/lib/python3.8/site-packages/airflow/example_dags/example_sensors.py
[2024-04-04T16:47:30.787+0000] {processor.py:830} INFO - Processing file /home/airflow/.local/lib/python3.8/site-packages/airflow/example_dags/example_sensors.py for tasks to queue
[2024-04-04T16:47:30.791+0000] {logging_mixin.py:188} INFO - [2024-04-04T16:47:30.790+0000] {dagbag.py:540} INFO - Filling up the DagBag from /home/airflow/.local/lib/python3.8/site-packages/airflow/example_dags/example_sensors.py
[2024-04-04T16:47:30.802+0000] {processor.py:840} INFO - DAG(s) 'example_sensors' retrieved from /home/airflow/.local/lib/python3.8/site-packages/airflow/example_dags/example_sensors.py
[2024-04-04T16:47:30.833+0000] {logging_mixin.py:188} INFO - [2024-04-04T16:47:30.833+0000] {dag.py:3047} INFO - Sync 1 DAGs
[2024-04-04T16:47:30.849+0000] {logging_mixin.py:188} INFO - [2024-04-04T16:47:30.848+0000] {dag.py:3834} INFO - Setting next_dagrun for example_sensors to None, run_after=None
[2024-04-04T16:47:30.879+0000] {processor.py:183} INFO - Processing /home/airflow/.local/lib/python3.8/site-packages/airflow/example_dags/example_sensors.py took 0.097 seconds
[2024-04-04T16:48:01.046+0000] {processor.py:161} INFO - Started process (PID=55219) to work on /home/airflow/.local/lib/python3.8/site-packages/airflow/example_dags/example_sensors.py
[2024-04-04T16:48:01.047+0000] {processor.py:830} INFO - Processing file /home/airflow/.local/lib/python3.8/site-packages/airflow/example_dags/example_sensors.py for tasks to queue
[2024-04-04T16:48:01.050+0000] {logging_mixin.py:188} INFO - [2024-04-04T16:48:01.049+0000] {dagbag.py:540} INFO - Filling up the DagBag from /home/airflow/.local/lib/python3.8/site-packages/airflow/example_dags/example_sensors.py
[2024-04-04T16:48:01.060+0000] {processor.py:840} INFO - DAG(s) 'example_sensors' retrieved from /home/airflow/.local/lib/python3.8/site-packages/airflow/example_dags/example_sensors.py
[2024-04-04T16:48:01.089+0000] {logging_mixin.py:188} INFO - [2024-04-04T16:48:01.089+0000] {dag.py:3047} INFO - Sync 1 DAGs
[2024-04-04T16:48:01.108+0000] {logging_mixin.py:188} INFO - [2024-04-04T16:48:01.107+0000] {dag.py:3834} INFO - Setting next_dagrun for example_sensors to None, run_after=None
[2024-04-04T16:48:01.131+0000] {processor.py:183} INFO - Processing /home/airflow/.local/lib/python3.8/site-packages/airflow/example_dags/example_sensors.py took 0.090 seconds
