[2024-04-04T16:35:51.246+0000] {processor.py:161} INFO - Started process (PID=55004) to work on /home/airflow/.local/lib/python3.8/site-packages/airflow/example_dags/example_dynamic_task_mapping.py
[2024-04-04T16:35:51.248+0000] {processor.py:830} INFO - Processing file /home/airflow/.local/lib/python3.8/site-packages/airflow/example_dags/example_dynamic_task_mapping.py for tasks to queue
[2024-04-04T16:35:51.250+0000] {logging_mixin.py:188} INFO - [2024-04-04T16:35:51.249+0000] {dagbag.py:540} INFO - Filling up the DagBag from /home/airflow/.local/lib/python3.8/site-packages/airflow/example_dags/example_dynamic_task_mapping.py
[2024-04-04T16:35:51.256+0000] {processor.py:840} INFO - DAG(s) 'example_dynamic_task_mapping' retrieved from /home/airflow/.local/lib/python3.8/site-packages/airflow/example_dags/example_dynamic_task_mapping.py
[2024-04-04T16:35:51.276+0000] {logging_mixin.py:188} INFO - [2024-04-04T16:35:51.276+0000] {dag.py:3047} INFO - Sync 1 DAGs
[2024-04-04T16:35:51.299+0000] {logging_mixin.py:188} INFO - [2024-04-04T16:35:51.298+0000] {dag.py:3834} INFO - Setting next_dagrun for example_dynamic_task_mapping to 2022-03-04 00:00:00+00:00, run_after=2022-03-05 00:00:00+00:00
[2024-04-04T16:35:51.321+0000] {processor.py:183} INFO - Processing /home/airflow/.local/lib/python3.8/site-packages/airflow/example_dags/example_dynamic_task_mapping.py took 0.077 seconds
[2024-04-04T16:46:29.192+0000] {processor.py:161} INFO - Started process (PID=55053) to work on /home/airflow/.local/lib/python3.8/site-packages/airflow/example_dags/example_dynamic_task_mapping.py
[2024-04-04T16:46:29.194+0000] {processor.py:830} INFO - Processing file /home/airflow/.local/lib/python3.8/site-packages/airflow/example_dags/example_dynamic_task_mapping.py for tasks to queue
[2024-04-04T16:46:29.198+0000] {logging_mixin.py:188} INFO - [2024-04-04T16:46:29.197+0000] {dagbag.py:540} INFO - Filling up the DagBag from /home/airflow/.local/lib/python3.8/site-packages/airflow/example_dags/example_dynamic_task_mapping.py
[2024-04-04T16:46:29.210+0000] {processor.py:840} INFO - DAG(s) 'example_dynamic_task_mapping' retrieved from /home/airflow/.local/lib/python3.8/site-packages/airflow/example_dags/example_dynamic_task_mapping.py
[2024-04-04T16:46:29.242+0000] {logging_mixin.py:188} INFO - [2024-04-04T16:46:29.242+0000] {dag.py:3047} INFO - Sync 1 DAGs
[2024-04-04T16:46:29.282+0000] {logging_mixin.py:188} INFO - [2024-04-04T16:46:29.282+0000] {dag.py:3834} INFO - Setting next_dagrun for example_dynamic_task_mapping to 2022-03-04 00:00:00+00:00, run_after=2022-03-05 00:00:00+00:00
[2024-04-04T16:46:29.317+0000] {processor.py:183} INFO - Processing /home/airflow/.local/lib/python3.8/site-packages/airflow/example_dags/example_dynamic_task_mapping.py took 0.128 seconds
[2024-04-04T16:47:00.154+0000] {processor.py:161} INFO - Started process (PID=55108) to work on /home/airflow/.local/lib/python3.8/site-packages/airflow/example_dags/example_dynamic_task_mapping.py
[2024-04-04T16:47:00.156+0000] {processor.py:830} INFO - Processing file /home/airflow/.local/lib/python3.8/site-packages/airflow/example_dags/example_dynamic_task_mapping.py for tasks to queue
[2024-04-04T16:47:00.161+0000] {logging_mixin.py:188} INFO - [2024-04-04T16:47:00.160+0000] {dagbag.py:540} INFO - Filling up the DagBag from /home/airflow/.local/lib/python3.8/site-packages/airflow/example_dags/example_dynamic_task_mapping.py
[2024-04-04T16:47:00.171+0000] {processor.py:840} INFO - DAG(s) 'example_dynamic_task_mapping' retrieved from /home/airflow/.local/lib/python3.8/site-packages/airflow/example_dags/example_dynamic_task_mapping.py
[2024-04-04T16:47:00.212+0000] {logging_mixin.py:188} INFO - [2024-04-04T16:47:00.211+0000] {dag.py:3047} INFO - Sync 1 DAGs
[2024-04-04T16:47:00.256+0000] {logging_mixin.py:188} INFO - [2024-04-04T16:47:00.255+0000] {dag.py:3834} INFO - Setting next_dagrun for example_dynamic_task_mapping to 2022-03-04 00:00:00+00:00, run_after=2022-03-05 00:00:00+00:00
[2024-04-04T16:47:00.294+0000] {processor.py:183} INFO - Processing /home/airflow/.local/lib/python3.8/site-packages/airflow/example_dags/example_dynamic_task_mapping.py took 0.146 seconds
[2024-04-04T16:47:30.688+0000] {processor.py:161} INFO - Started process (PID=55163) to work on /home/airflow/.local/lib/python3.8/site-packages/airflow/example_dags/example_dynamic_task_mapping.py
[2024-04-04T16:47:30.689+0000] {processor.py:830} INFO - Processing file /home/airflow/.local/lib/python3.8/site-packages/airflow/example_dags/example_dynamic_task_mapping.py for tasks to queue
[2024-04-04T16:47:30.693+0000] {logging_mixin.py:188} INFO - [2024-04-04T16:47:30.692+0000] {dagbag.py:540} INFO - Filling up the DagBag from /home/airflow/.local/lib/python3.8/site-packages/airflow/example_dags/example_dynamic_task_mapping.py
[2024-04-04T16:47:30.701+0000] {processor.py:840} INFO - DAG(s) 'example_dynamic_task_mapping' retrieved from /home/airflow/.local/lib/python3.8/site-packages/airflow/example_dags/example_dynamic_task_mapping.py
[2024-04-04T16:47:30.729+0000] {logging_mixin.py:188} INFO - [2024-04-04T16:47:30.728+0000] {dag.py:3047} INFO - Sync 1 DAGs
[2024-04-04T16:47:30.756+0000] {logging_mixin.py:188} INFO - [2024-04-04T16:47:30.756+0000] {dag.py:3834} INFO - Setting next_dagrun for example_dynamic_task_mapping to 2022-03-04 00:00:00+00:00, run_after=2022-03-05 00:00:00+00:00
[2024-04-04T16:47:30.784+0000] {processor.py:183} INFO - Processing /home/airflow/.local/lib/python3.8/site-packages/airflow/example_dags/example_dynamic_task_mapping.py took 0.099 seconds
[2024-04-04T16:48:01.004+0000] {processor.py:161} INFO - Started process (PID=55218) to work on /home/airflow/.local/lib/python3.8/site-packages/airflow/example_dags/example_dynamic_task_mapping.py
[2024-04-04T16:48:01.005+0000] {processor.py:830} INFO - Processing file /home/airflow/.local/lib/python3.8/site-packages/airflow/example_dags/example_dynamic_task_mapping.py for tasks to queue
[2024-04-04T16:48:01.007+0000] {logging_mixin.py:188} INFO - [2024-04-04T16:48:01.007+0000] {dagbag.py:540} INFO - Filling up the DagBag from /home/airflow/.local/lib/python3.8/site-packages/airflow/example_dags/example_dynamic_task_mapping.py
[2024-04-04T16:48:01.016+0000] {processor.py:840} INFO - DAG(s) 'example_dynamic_task_mapping' retrieved from /home/airflow/.local/lib/python3.8/site-packages/airflow/example_dags/example_dynamic_task_mapping.py
[2024-04-04T16:48:01.043+0000] {logging_mixin.py:188} INFO - [2024-04-04T16:48:01.042+0000] {dag.py:3047} INFO - Sync 1 DAGs
[2024-04-04T16:48:01.067+0000] {logging_mixin.py:188} INFO - [2024-04-04T16:48:01.067+0000] {dag.py:3834} INFO - Setting next_dagrun for example_dynamic_task_mapping to 2022-03-04 00:00:00+00:00, run_after=2022-03-05 00:00:00+00:00
[2024-04-04T16:48:01.090+0000] {processor.py:183} INFO - Processing /home/airflow/.local/lib/python3.8/site-packages/airflow/example_dags/example_dynamic_task_mapping.py took 0.089 seconds
