[2024-04-04T16:35:50.952+0000] {processor.py:161} INFO - Started process (PID=55000) to work on /home/airflow/.local/lib/python3.8/site-packages/airflow/example_dags/example_local_kubernetes_executor.py
[2024-04-04T16:35:50.953+0000] {processor.py:830} INFO - Processing file /home/airflow/.local/lib/python3.8/site-packages/airflow/example_dags/example_local_kubernetes_executor.py for tasks to queue
[2024-04-04T16:35:50.955+0000] {logging_mixin.py:188} INFO - [2024-04-04T16:35:50.954+0000] {dagbag.py:540} INFO - Filling up the DagBag from /home/airflow/.local/lib/python3.8/site-packages/airflow/example_dags/example_local_kubernetes_executor.py
[2024-04-04T16:35:50.961+0000] {processor.py:840} INFO - DAG(s) 'example_local_kubernetes_executor' retrieved from /home/airflow/.local/lib/python3.8/site-packages/airflow/example_dags/example_local_kubernetes_executor.py
[2024-04-04T16:35:50.990+0000] {logging_mixin.py:188} INFO - [2024-04-04T16:35:50.989+0000] {dag.py:3047} INFO - Sync 1 DAGs
[2024-04-04T16:35:50.998+0000] {logging_mixin.py:188} INFO - [2024-04-04T16:35:50.998+0000] {dag.py:3834} INFO - Setting next_dagrun for example_local_kubernetes_executor to None, run_after=None
[2024-04-04T16:35:51.012+0000] {processor.py:183} INFO - Processing /home/airflow/.local/lib/python3.8/site-packages/airflow/example_dags/example_local_kubernetes_executor.py took 0.063 seconds
[2024-04-04T16:46:28.855+0000] {processor.py:161} INFO - Started process (PID=55049) to work on /home/airflow/.local/lib/python3.8/site-packages/airflow/example_dags/example_local_kubernetes_executor.py
[2024-04-04T16:46:28.857+0000] {processor.py:830} INFO - Processing file /home/airflow/.local/lib/python3.8/site-packages/airflow/example_dags/example_local_kubernetes_executor.py for tasks to queue
[2024-04-04T16:46:28.860+0000] {logging_mixin.py:188} INFO - [2024-04-04T16:46:28.859+0000] {dagbag.py:540} INFO - Filling up the DagBag from /home/airflow/.local/lib/python3.8/site-packages/airflow/example_dags/example_local_kubernetes_executor.py
[2024-04-04T16:46:28.869+0000] {processor.py:840} INFO - DAG(s) 'example_local_kubernetes_executor' retrieved from /home/airflow/.local/lib/python3.8/site-packages/airflow/example_dags/example_local_kubernetes_executor.py
[2024-04-04T16:46:28.911+0000] {logging_mixin.py:188} INFO - [2024-04-04T16:46:28.908+0000] {dag.py:3047} INFO - Sync 1 DAGs
[2024-04-04T16:46:28.924+0000] {logging_mixin.py:188} INFO - [2024-04-04T16:46:28.924+0000] {dag.py:3834} INFO - Setting next_dagrun for example_local_kubernetes_executor to None, run_after=None
[2024-04-04T16:46:28.956+0000] {processor.py:183} INFO - Processing /home/airflow/.local/lib/python3.8/site-packages/airflow/example_dags/example_local_kubernetes_executor.py took 0.105 seconds
[2024-04-04T16:46:59.720+0000] {processor.py:161} INFO - Started process (PID=55104) to work on /home/airflow/.local/lib/python3.8/site-packages/airflow/example_dags/example_local_kubernetes_executor.py
[2024-04-04T16:46:59.722+0000] {processor.py:830} INFO - Processing file /home/airflow/.local/lib/python3.8/site-packages/airflow/example_dags/example_local_kubernetes_executor.py for tasks to queue
[2024-04-04T16:46:59.727+0000] {logging_mixin.py:188} INFO - [2024-04-04T16:46:59.726+0000] {dagbag.py:540} INFO - Filling up the DagBag from /home/airflow/.local/lib/python3.8/site-packages/airflow/example_dags/example_local_kubernetes_executor.py
[2024-04-04T16:46:59.745+0000] {processor.py:840} INFO - DAG(s) 'example_local_kubernetes_executor' retrieved from /home/airflow/.local/lib/python3.8/site-packages/airflow/example_dags/example_local_kubernetes_executor.py
[2024-04-04T16:46:59.806+0000] {logging_mixin.py:188} INFO - [2024-04-04T16:46:59.805+0000] {dag.py:3047} INFO - Sync 1 DAGs
[2024-04-04T16:46:59.825+0000] {logging_mixin.py:188} INFO - [2024-04-04T16:46:59.825+0000] {dag.py:3834} INFO - Setting next_dagrun for example_local_kubernetes_executor to None, run_after=None
[2024-04-04T16:46:59.860+0000] {processor.py:183} INFO - Processing /home/airflow/.local/lib/python3.8/site-packages/airflow/example_dags/example_local_kubernetes_executor.py took 0.146 seconds
[2024-04-04T16:47:30.379+0000] {processor.py:161} INFO - Started process (PID=55159) to work on /home/airflow/.local/lib/python3.8/site-packages/airflow/example_dags/example_local_kubernetes_executor.py
[2024-04-04T16:47:30.380+0000] {processor.py:830} INFO - Processing file /home/airflow/.local/lib/python3.8/site-packages/airflow/example_dags/example_local_kubernetes_executor.py for tasks to queue
[2024-04-04T16:47:30.383+0000] {logging_mixin.py:188} INFO - [2024-04-04T16:47:30.383+0000] {dagbag.py:540} INFO - Filling up the DagBag from /home/airflow/.local/lib/python3.8/site-packages/airflow/example_dags/example_local_kubernetes_executor.py
[2024-04-04T16:47:30.392+0000] {processor.py:840} INFO - DAG(s) 'example_local_kubernetes_executor' retrieved from /home/airflow/.local/lib/python3.8/site-packages/airflow/example_dags/example_local_kubernetes_executor.py
[2024-04-04T16:47:30.435+0000] {logging_mixin.py:188} INFO - [2024-04-04T16:47:30.434+0000] {dag.py:3047} INFO - Sync 1 DAGs
[2024-04-04T16:47:30.448+0000] {logging_mixin.py:188} INFO - [2024-04-04T16:47:30.448+0000] {dag.py:3834} INFO - Setting next_dagrun for example_local_kubernetes_executor to None, run_after=None
[2024-04-04T16:47:30.477+0000] {processor.py:183} INFO - Processing /home/airflow/.local/lib/python3.8/site-packages/airflow/example_dags/example_local_kubernetes_executor.py took 0.102 seconds
[2024-04-04T16:48:00.716+0000] {processor.py:161} INFO - Started process (PID=55214) to work on /home/airflow/.local/lib/python3.8/site-packages/airflow/example_dags/example_local_kubernetes_executor.py
[2024-04-04T16:48:00.717+0000] {processor.py:830} INFO - Processing file /home/airflow/.local/lib/python3.8/site-packages/airflow/example_dags/example_local_kubernetes_executor.py for tasks to queue
[2024-04-04T16:48:00.721+0000] {logging_mixin.py:188} INFO - [2024-04-04T16:48:00.720+0000] {dagbag.py:540} INFO - Filling up the DagBag from /home/airflow/.local/lib/python3.8/site-packages/airflow/example_dags/example_local_kubernetes_executor.py
[2024-04-04T16:48:00.731+0000] {processor.py:840} INFO - DAG(s) 'example_local_kubernetes_executor' retrieved from /home/airflow/.local/lib/python3.8/site-packages/airflow/example_dags/example_local_kubernetes_executor.py
[2024-04-04T16:48:00.770+0000] {logging_mixin.py:188} INFO - [2024-04-04T16:48:00.769+0000] {dag.py:3047} INFO - Sync 1 DAGs
[2024-04-04T16:48:00.783+0000] {logging_mixin.py:188} INFO - [2024-04-04T16:48:00.783+0000] {dag.py:3834} INFO - Setting next_dagrun for example_local_kubernetes_executor to None, run_after=None
[2024-04-04T16:48:00.808+0000] {processor.py:183} INFO - Processing /home/airflow/.local/lib/python3.8/site-packages/airflow/example_dags/example_local_kubernetes_executor.py took 0.097 seconds
