[2024-04-04T16:35:48.458+0000] {processor.py:161} INFO - Started process (PID=54972) to work on /home/airflow/.local/lib/python3.8/site-packages/airflow/example_dags/example_xcomargs.py
[2024-04-04T16:35:48.459+0000] {processor.py:830} INFO - Processing file /home/airflow/.local/lib/python3.8/site-packages/airflow/example_dags/example_xcomargs.py for tasks to queue
[2024-04-04T16:35:48.461+0000] {logging_mixin.py:188} INFO - [2024-04-04T16:35:48.461+0000] {dagbag.py:540} INFO - Filling up the DagBag from /home/airflow/.local/lib/python3.8/site-packages/airflow/example_dags/example_xcomargs.py
[2024-04-04T16:35:48.479+0000] {processor.py:840} INFO - DAG(s) 'example_xcom_args', 'example_xcom_args_with_operators' retrieved from /home/airflow/.local/lib/python3.8/site-packages/airflow/example_dags/example_xcomargs.py
[2024-04-04T16:35:48.511+0000] {logging_mixin.py:188} INFO - [2024-04-04T16:35:48.511+0000] {dag.py:3047} INFO - Sync 2 DAGs
[2024-04-04T16:35:48.530+0000] {logging_mixin.py:188} INFO - [2024-04-04T16:35:48.530+0000] {dag.py:3834} INFO - Setting next_dagrun for example_xcom_args to None, run_after=None
[2024-04-04T16:35:48.535+0000] {logging_mixin.py:188} INFO - [2024-04-04T16:35:48.535+0000] {dag.py:3834} INFO - Setting next_dagrun for example_xcom_args_with_operators to None, run_after=None
[2024-04-04T16:35:48.561+0000] {processor.py:183} INFO - Processing /home/airflow/.local/lib/python3.8/site-packages/airflow/example_dags/example_xcomargs.py took 0.107 seconds
[2024-04-04T16:46:25.584+0000] {processor.py:161} INFO - Started process (PID=55021) to work on /home/airflow/.local/lib/python3.8/site-packages/airflow/example_dags/example_xcomargs.py
[2024-04-04T16:46:25.586+0000] {processor.py:830} INFO - Processing file /home/airflow/.local/lib/python3.8/site-packages/airflow/example_dags/example_xcomargs.py for tasks to queue
[2024-04-04T16:46:25.593+0000] {logging_mixin.py:188} INFO - [2024-04-04T16:46:25.592+0000] {dagbag.py:540} INFO - Filling up the DagBag from /home/airflow/.local/lib/python3.8/site-packages/airflow/example_dags/example_xcomargs.py
[2024-04-04T16:46:25.619+0000] {processor.py:840} INFO - DAG(s) 'example_xcom_args', 'example_xcom_args_with_operators' retrieved from /home/airflow/.local/lib/python3.8/site-packages/airflow/example_dags/example_xcomargs.py
[2024-04-04T16:46:25.673+0000] {logging_mixin.py:188} INFO - [2024-04-04T16:46:25.672+0000] {dag.py:3047} INFO - Sync 2 DAGs
[2024-04-04T16:46:25.698+0000] {logging_mixin.py:188} INFO - [2024-04-04T16:46:25.697+0000] {dag.py:3834} INFO - Setting next_dagrun for example_xcom_args to None, run_after=None
[2024-04-04T16:46:25.705+0000] {logging_mixin.py:188} INFO - [2024-04-04T16:46:25.705+0000] {dag.py:3834} INFO - Setting next_dagrun for example_xcom_args_with_operators to None, run_after=None
[2024-04-04T16:46:25.747+0000] {processor.py:183} INFO - Processing /home/airflow/.local/lib/python3.8/site-packages/airflow/example_dags/example_xcomargs.py took 0.170 seconds
[2024-04-04T16:46:56.609+0000] {processor.py:161} INFO - Started process (PID=55076) to work on /home/airflow/.local/lib/python3.8/site-packages/airflow/example_dags/example_xcomargs.py
[2024-04-04T16:46:56.611+0000] {processor.py:830} INFO - Processing file /home/airflow/.local/lib/python3.8/site-packages/airflow/example_dags/example_xcomargs.py for tasks to queue
[2024-04-04T16:46:56.613+0000] {logging_mixin.py:188} INFO - [2024-04-04T16:46:56.613+0000] {dagbag.py:540} INFO - Filling up the DagBag from /home/airflow/.local/lib/python3.8/site-packages/airflow/example_dags/example_xcomargs.py
[2024-04-04T16:46:56.621+0000] {processor.py:840} INFO - DAG(s) 'example_xcom_args_with_operators', 'example_xcom_args' retrieved from /home/airflow/.local/lib/python3.8/site-packages/airflow/example_dags/example_xcomargs.py
[2024-04-04T16:46:56.646+0000] {logging_mixin.py:188} INFO - [2024-04-04T16:46:56.646+0000] {dag.py:3047} INFO - Sync 2 DAGs
[2024-04-04T16:46:56.658+0000] {logging_mixin.py:188} INFO - [2024-04-04T16:46:56.658+0000] {dag.py:3834} INFO - Setting next_dagrun for example_xcom_args to None, run_after=None
[2024-04-04T16:46:56.663+0000] {logging_mixin.py:188} INFO - [2024-04-04T16:46:56.662+0000] {dag.py:3834} INFO - Setting next_dagrun for example_xcom_args_with_operators to None, run_after=None
[2024-04-04T16:46:56.685+0000] {processor.py:183} INFO - Processing /home/airflow/.local/lib/python3.8/site-packages/airflow/example_dags/example_xcomargs.py took 0.078 seconds
[2024-04-04T16:47:27.533+0000] {processor.py:161} INFO - Started process (PID=55131) to work on /home/airflow/.local/lib/python3.8/site-packages/airflow/example_dags/example_xcomargs.py
[2024-04-04T16:47:27.534+0000] {processor.py:830} INFO - Processing file /home/airflow/.local/lib/python3.8/site-packages/airflow/example_dags/example_xcomargs.py for tasks to queue
[2024-04-04T16:47:27.537+0000] {logging_mixin.py:188} INFO - [2024-04-04T16:47:27.537+0000] {dagbag.py:540} INFO - Filling up the DagBag from /home/airflow/.local/lib/python3.8/site-packages/airflow/example_dags/example_xcomargs.py
[2024-04-04T16:47:27.545+0000] {processor.py:840} INFO - DAG(s) 'example_xcom_args_with_operators', 'example_xcom_args' retrieved from /home/airflow/.local/lib/python3.8/site-packages/airflow/example_dags/example_xcomargs.py
[2024-04-04T16:47:27.580+0000] {logging_mixin.py:188} INFO - [2024-04-04T16:47:27.579+0000] {dag.py:3047} INFO - Sync 2 DAGs
[2024-04-04T16:47:27.599+0000] {logging_mixin.py:188} INFO - [2024-04-04T16:47:27.599+0000] {dag.py:3834} INFO - Setting next_dagrun for example_xcom_args to None, run_after=None
[2024-04-04T16:47:27.604+0000] {logging_mixin.py:188} INFO - [2024-04-04T16:47:27.603+0000] {dag.py:3834} INFO - Setting next_dagrun for example_xcom_args_with_operators to None, run_after=None
[2024-04-04T16:47:27.629+0000] {processor.py:183} INFO - Processing /home/airflow/.local/lib/python3.8/site-packages/airflow/example_dags/example_xcomargs.py took 0.099 seconds
[2024-04-04T16:47:58.055+0000] {processor.py:161} INFO - Started process (PID=55186) to work on /home/airflow/.local/lib/python3.8/site-packages/airflow/example_dags/example_xcomargs.py
[2024-04-04T16:47:58.056+0000] {processor.py:830} INFO - Processing file /home/airflow/.local/lib/python3.8/site-packages/airflow/example_dags/example_xcomargs.py for tasks to queue
[2024-04-04T16:47:58.059+0000] {logging_mixin.py:188} INFO - [2024-04-04T16:47:58.059+0000] {dagbag.py:540} INFO - Filling up the DagBag from /home/airflow/.local/lib/python3.8/site-packages/airflow/example_dags/example_xcomargs.py
[2024-04-04T16:47:58.071+0000] {processor.py:840} INFO - DAG(s) 'example_xcom_args', 'example_xcom_args_with_operators' retrieved from /home/airflow/.local/lib/python3.8/site-packages/airflow/example_dags/example_xcomargs.py
[2024-04-04T16:47:58.096+0000] {logging_mixin.py:188} INFO - [2024-04-04T16:47:58.095+0000] {dag.py:3047} INFO - Sync 2 DAGs
[2024-04-04T16:47:58.108+0000] {logging_mixin.py:188} INFO - [2024-04-04T16:47:58.108+0000] {dag.py:3834} INFO - Setting next_dagrun for example_xcom_args to None, run_after=None
[2024-04-04T16:47:58.112+0000] {logging_mixin.py:188} INFO - [2024-04-04T16:47:58.112+0000] {dag.py:3834} INFO - Setting next_dagrun for example_xcom_args_with_operators to None, run_after=None
[2024-04-04T16:47:58.133+0000] {processor.py:183} INFO - Processing /home/airflow/.local/lib/python3.8/site-packages/airflow/example_dags/example_xcomargs.py took 0.081 seconds
