[2024-04-04T16:35:51.455+0000] {processor.py:161} INFO - Started process (PID=55008) to work on /home/airflow/.local/lib/python3.8/site-packages/airflow/example_dags/example_branch_datetime_operator.py
[2024-04-04T16:35:51.456+0000] {processor.py:830} INFO - Processing file /home/airflow/.local/lib/python3.8/site-packages/airflow/example_dags/example_branch_datetime_operator.py for tasks to queue
[2024-04-04T16:35:51.458+0000] {logging_mixin.py:188} INFO - [2024-04-04T16:35:51.458+0000] {dagbag.py:540} INFO - Filling up the DagBag from /home/airflow/.local/lib/python3.8/site-packages/airflow/example_dags/example_branch_datetime_operator.py
[2024-04-04T16:35:51.465+0000] {processor.py:840} INFO - DAG(s) 'example_branch_datetime_operator_2', 'example_branch_datetime_operator_3', 'example_branch_datetime_operator' retrieved from /home/airflow/.local/lib/python3.8/site-packages/airflow/example_dags/example_branch_datetime_operator.py
[2024-04-04T16:35:51.492+0000] {logging_mixin.py:188} INFO - [2024-04-04T16:35:51.492+0000] {dag.py:3047} INFO - Sync 3 DAGs
[2024-04-04T16:35:51.512+0000] {logging_mixin.py:188} INFO - [2024-04-04T16:35:51.512+0000] {dag.py:3834} INFO - Setting next_dagrun for example_branch_datetime_operator to 2024-04-03 00:00:00+00:00, run_after=2024-04-04 00:00:00+00:00
[2024-04-04T16:35:51.516+0000] {logging_mixin.py:188} INFO - [2024-04-04T16:35:51.516+0000] {dag.py:3834} INFO - Setting next_dagrun for example_branch_datetime_operator_2 to 2024-04-03 00:00:00+00:00, run_after=2024-04-04 00:00:00+00:00
[2024-04-04T16:35:51.519+0000] {logging_mixin.py:188} INFO - [2024-04-04T16:35:51.519+0000] {dag.py:3834} INFO - Setting next_dagrun for example_branch_datetime_operator_3 to 2024-04-03 00:00:00+00:00, run_after=2024-04-04 00:00:00+00:00
[2024-04-04T16:35:51.538+0000] {processor.py:183} INFO - Processing /home/airflow/.local/lib/python3.8/site-packages/airflow/example_dags/example_branch_datetime_operator.py took 0.085 seconds
[2024-04-04T16:46:29.559+0000] {processor.py:161} INFO - Started process (PID=55057) to work on /home/airflow/.local/lib/python3.8/site-packages/airflow/example_dags/example_branch_datetime_operator.py
[2024-04-04T16:46:29.561+0000] {processor.py:830} INFO - Processing file /home/airflow/.local/lib/python3.8/site-packages/airflow/example_dags/example_branch_datetime_operator.py for tasks to queue
[2024-04-04T16:46:29.565+0000] {logging_mixin.py:188} INFO - [2024-04-04T16:46:29.564+0000] {dagbag.py:540} INFO - Filling up the DagBag from /home/airflow/.local/lib/python3.8/site-packages/airflow/example_dags/example_branch_datetime_operator.py
[2024-04-04T16:46:29.581+0000] {processor.py:840} INFO - DAG(s) 'example_branch_datetime_operator', 'example_branch_datetime_operator_3', 'example_branch_datetime_operator_2' retrieved from /home/airflow/.local/lib/python3.8/site-packages/airflow/example_dags/example_branch_datetime_operator.py
[2024-04-04T16:46:29.628+0000] {logging_mixin.py:188} INFO - [2024-04-04T16:46:29.627+0000] {dag.py:3047} INFO - Sync 3 DAGs
[2024-04-04T16:46:29.665+0000] {logging_mixin.py:188} INFO - [2024-04-04T16:46:29.665+0000] {dag.py:3834} INFO - Setting next_dagrun for example_branch_datetime_operator to 2024-04-03 00:00:00+00:00, run_after=2024-04-04 00:00:00+00:00
[2024-04-04T16:46:29.673+0000] {logging_mixin.py:188} INFO - [2024-04-04T16:46:29.672+0000] {dag.py:3834} INFO - Setting next_dagrun for example_branch_datetime_operator_2 to 2024-04-03 00:00:00+00:00, run_after=2024-04-04 00:00:00+00:00
[2024-04-04T16:46:29.678+0000] {logging_mixin.py:188} INFO - [2024-04-04T16:46:29.677+0000] {dag.py:3834} INFO - Setting next_dagrun for example_branch_datetime_operator_3 to 2024-04-03 00:00:00+00:00, run_after=2024-04-04 00:00:00+00:00
[2024-04-04T16:46:29.712+0000] {processor.py:183} INFO - Processing /home/airflow/.local/lib/python3.8/site-packages/airflow/example_dags/example_branch_datetime_operator.py took 0.158 seconds
[2024-04-04T16:47:00.548+0000] {processor.py:161} INFO - Started process (PID=55112) to work on /home/airflow/.local/lib/python3.8/site-packages/airflow/example_dags/example_branch_datetime_operator.py
[2024-04-04T16:47:00.550+0000] {processor.py:830} INFO - Processing file /home/airflow/.local/lib/python3.8/site-packages/airflow/example_dags/example_branch_datetime_operator.py for tasks to queue
[2024-04-04T16:47:00.555+0000] {logging_mixin.py:188} INFO - [2024-04-04T16:47:00.554+0000] {dagbag.py:540} INFO - Filling up the DagBag from /home/airflow/.local/lib/python3.8/site-packages/airflow/example_dags/example_branch_datetime_operator.py
[2024-04-04T16:47:00.577+0000] {processor.py:840} INFO - DAG(s) 'example_branch_datetime_operator_2', 'example_branch_datetime_operator', 'example_branch_datetime_operator_3' retrieved from /home/airflow/.local/lib/python3.8/site-packages/airflow/example_dags/example_branch_datetime_operator.py
[2024-04-04T16:47:00.627+0000] {logging_mixin.py:188} INFO - [2024-04-04T16:47:00.626+0000] {dag.py:3047} INFO - Sync 3 DAGs
[2024-04-04T16:47:00.670+0000] {logging_mixin.py:188} INFO - [2024-04-04T16:47:00.670+0000] {dag.py:3834} INFO - Setting next_dagrun for example_branch_datetime_operator to 2024-04-03 00:00:00+00:00, run_after=2024-04-04 00:00:00+00:00
[2024-04-04T16:47:00.680+0000] {logging_mixin.py:188} INFO - [2024-04-04T16:47:00.679+0000] {dag.py:3834} INFO - Setting next_dagrun for example_branch_datetime_operator_2 to 2024-04-03 00:00:00+00:00, run_after=2024-04-04 00:00:00+00:00
[2024-04-04T16:47:00.684+0000] {logging_mixin.py:188} INFO - [2024-04-04T16:47:00.684+0000] {dag.py:3834} INFO - Setting next_dagrun for example_branch_datetime_operator_3 to 2024-04-03 00:00:00+00:00, run_after=2024-04-04 00:00:00+00:00
[2024-04-04T16:47:00.719+0000] {processor.py:183} INFO - Processing /home/airflow/.local/lib/python3.8/site-packages/airflow/example_dags/example_branch_datetime_operator.py took 0.179 seconds
[2024-04-04T16:47:30.988+0000] {processor.py:161} INFO - Started process (PID=55167) to work on /home/airflow/.local/lib/python3.8/site-packages/airflow/example_dags/example_branch_datetime_operator.py
[2024-04-04T16:47:30.990+0000] {processor.py:830} INFO - Processing file /home/airflow/.local/lib/python3.8/site-packages/airflow/example_dags/example_branch_datetime_operator.py for tasks to queue
[2024-04-04T16:47:30.993+0000] {logging_mixin.py:188} INFO - [2024-04-04T16:47:30.992+0000] {dagbag.py:540} INFO - Filling up the DagBag from /home/airflow/.local/lib/python3.8/site-packages/airflow/example_dags/example_branch_datetime_operator.py
[2024-04-04T16:47:31.008+0000] {processor.py:840} INFO - DAG(s) 'example_branch_datetime_operator', 'example_branch_datetime_operator_2', 'example_branch_datetime_operator_3' retrieved from /home/airflow/.local/lib/python3.8/site-packages/airflow/example_dags/example_branch_datetime_operator.py
[2024-04-04T16:47:31.046+0000] {logging_mixin.py:188} INFO - [2024-04-04T16:47:31.045+0000] {dag.py:3047} INFO - Sync 3 DAGs
[2024-04-04T16:47:31.074+0000] {logging_mixin.py:188} INFO - [2024-04-04T16:47:31.073+0000] {dag.py:3834} INFO - Setting next_dagrun for example_branch_datetime_operator to 2024-04-03 00:00:00+00:00, run_after=2024-04-04 00:00:00+00:00
[2024-04-04T16:47:31.082+0000] {logging_mixin.py:188} INFO - [2024-04-04T16:47:31.081+0000] {dag.py:3834} INFO - Setting next_dagrun for example_branch_datetime_operator_2 to 2024-04-03 00:00:00+00:00, run_after=2024-04-04 00:00:00+00:00
[2024-04-04T16:47:31.085+0000] {logging_mixin.py:188} INFO - [2024-04-04T16:47:31.085+0000] {dag.py:3834} INFO - Setting next_dagrun for example_branch_datetime_operator_3 to 2024-04-03 00:00:00+00:00, run_after=2024-04-04 00:00:00+00:00
[2024-04-04T16:47:31.112+0000] {processor.py:183} INFO - Processing /home/airflow/.local/lib/python3.8/site-packages/airflow/example_dags/example_branch_datetime_operator.py took 0.128 seconds
[2024-04-04T16:48:01.370+0000] {processor.py:161} INFO - Started process (PID=55222) to work on /home/airflow/.local/lib/python3.8/site-packages/airflow/example_dags/example_branch_datetime_operator.py
[2024-04-04T16:48:01.371+0000] {processor.py:830} INFO - Processing file /home/airflow/.local/lib/python3.8/site-packages/airflow/example_dags/example_branch_datetime_operator.py for tasks to queue
[2024-04-04T16:48:01.374+0000] {logging_mixin.py:188} INFO - [2024-04-04T16:48:01.374+0000] {dagbag.py:540} INFO - Filling up the DagBag from /home/airflow/.local/lib/python3.8/site-packages/airflow/example_dags/example_branch_datetime_operator.py
[2024-04-04T16:48:01.395+0000] {processor.py:840} INFO - DAG(s) 'example_branch_datetime_operator_2', 'example_branch_datetime_operator', 'example_branch_datetime_operator_3' retrieved from /home/airflow/.local/lib/python3.8/site-packages/airflow/example_dags/example_branch_datetime_operator.py
[2024-04-04T16:48:01.431+0000] {logging_mixin.py:188} INFO - [2024-04-04T16:48:01.430+0000] {dag.py:3047} INFO - Sync 3 DAGs
[2024-04-04T16:48:01.455+0000] {logging_mixin.py:188} INFO - [2024-04-04T16:48:01.455+0000] {dag.py:3834} INFO - Setting next_dagrun for example_branch_datetime_operator to 2024-04-03 00:00:00+00:00, run_after=2024-04-04 00:00:00+00:00
[2024-04-04T16:48:01.460+0000] {logging_mixin.py:188} INFO - [2024-04-04T16:48:01.460+0000] {dag.py:3834} INFO - Setting next_dagrun for example_branch_datetime_operator_2 to 2024-04-03 00:00:00+00:00, run_after=2024-04-04 00:00:00+00:00
[2024-04-04T16:48:01.463+0000] {logging_mixin.py:188} INFO - [2024-04-04T16:48:01.463+0000] {dag.py:3834} INFO - Setting next_dagrun for example_branch_datetime_operator_3 to 2024-04-03 00:00:00+00:00, run_after=2024-04-04 00:00:00+00:00
[2024-04-04T16:48:01.489+0000] {processor.py:183} INFO - Processing /home/airflow/.local/lib/python3.8/site-packages/airflow/example_dags/example_branch_datetime_operator.py took 0.122 seconds
