[2024-04-04T16:35:48.926+0000] {processor.py:161} INFO - Started process (PID=54976) to work on /home/airflow/.local/lib/python3.8/site-packages/airflow/example_dags/example_complex.py
[2024-04-04T16:35:48.928+0000] {processor.py:830} INFO - Processing file /home/airflow/.local/lib/python3.8/site-packages/airflow/example_dags/example_complex.py for tasks to queue
[2024-04-04T16:35:48.930+0000] {logging_mixin.py:188} INFO - [2024-04-04T16:35:48.930+0000] {dagbag.py:540} INFO - Filling up the DagBag from /home/airflow/.local/lib/python3.8/site-packages/airflow/example_dags/example_complex.py
[2024-04-04T16:35:48.950+0000] {processor.py:840} INFO - DAG(s) 'example_complex' retrieved from /home/airflow/.local/lib/python3.8/site-packages/airflow/example_dags/example_complex.py
[2024-04-04T16:35:48.985+0000] {logging_mixin.py:188} INFO - [2024-04-04T16:35:48.984+0000] {dag.py:3047} INFO - Sync 1 DAGs
[2024-04-04T16:35:49.000+0000] {logging_mixin.py:188} INFO - [2024-04-04T16:35:49.000+0000] {dag.py:3834} INFO - Setting next_dagrun for example_complex to None, run_after=None
[2024-04-04T16:35:49.024+0000] {processor.py:183} INFO - Processing /home/airflow/.local/lib/python3.8/site-packages/airflow/example_dags/example_complex.py took 0.102 seconds
[2024-04-04T16:46:26.352+0000] {processor.py:161} INFO - Started process (PID=55025) to work on /home/airflow/.local/lib/python3.8/site-packages/airflow/example_dags/example_complex.py
[2024-04-04T16:46:26.355+0000] {processor.py:830} INFO - Processing file /home/airflow/.local/lib/python3.8/site-packages/airflow/example_dags/example_complex.py for tasks to queue
[2024-04-04T16:46:26.359+0000] {logging_mixin.py:188} INFO - [2024-04-04T16:46:26.359+0000] {dagbag.py:540} INFO - Filling up the DagBag from /home/airflow/.local/lib/python3.8/site-packages/airflow/example_dags/example_complex.py
[2024-04-04T16:46:26.379+0000] {processor.py:840} INFO - DAG(s) 'example_complex' retrieved from /home/airflow/.local/lib/python3.8/site-packages/airflow/example_dags/example_complex.py
[2024-04-04T16:46:26.434+0000] {logging_mixin.py:188} INFO - [2024-04-04T16:46:26.434+0000] {dag.py:3047} INFO - Sync 1 DAGs
[2024-04-04T16:46:26.464+0000] {logging_mixin.py:188} INFO - [2024-04-04T16:46:26.464+0000] {dag.py:3834} INFO - Setting next_dagrun for example_complex to None, run_after=None
[2024-04-04T16:46:26.514+0000] {processor.py:183} INFO - Processing /home/airflow/.local/lib/python3.8/site-packages/airflow/example_dags/example_complex.py took 0.165 seconds
[2024-04-04T16:46:57.080+0000] {processor.py:161} INFO - Started process (PID=55080) to work on /home/airflow/.local/lib/python3.8/site-packages/airflow/example_dags/example_complex.py
[2024-04-04T16:46:57.082+0000] {processor.py:830} INFO - Processing file /home/airflow/.local/lib/python3.8/site-packages/airflow/example_dags/example_complex.py for tasks to queue
[2024-04-04T16:46:57.085+0000] {logging_mixin.py:188} INFO - [2024-04-04T16:46:57.085+0000] {dagbag.py:540} INFO - Filling up the DagBag from /home/airflow/.local/lib/python3.8/site-packages/airflow/example_dags/example_complex.py
[2024-04-04T16:46:57.098+0000] {processor.py:840} INFO - DAG(s) 'example_complex' retrieved from /home/airflow/.local/lib/python3.8/site-packages/airflow/example_dags/example_complex.py
[2024-04-04T16:46:57.136+0000] {logging_mixin.py:188} INFO - [2024-04-04T16:46:57.136+0000] {dag.py:3047} INFO - Sync 1 DAGs
[2024-04-04T16:46:57.152+0000] {logging_mixin.py:188} INFO - [2024-04-04T16:46:57.151+0000] {dag.py:3834} INFO - Setting next_dagrun for example_complex to None, run_after=None
[2024-04-04T16:46:57.180+0000] {processor.py:183} INFO - Processing /home/airflow/.local/lib/python3.8/site-packages/airflow/example_dags/example_complex.py took 0.103 seconds
[2024-04-04T16:47:28.099+0000] {processor.py:161} INFO - Started process (PID=55135) to work on /home/airflow/.local/lib/python3.8/site-packages/airflow/example_dags/example_complex.py
[2024-04-04T16:47:28.105+0000] {processor.py:830} INFO - Processing file /home/airflow/.local/lib/python3.8/site-packages/airflow/example_dags/example_complex.py for tasks to queue
[2024-04-04T16:47:28.111+0000] {logging_mixin.py:188} INFO - [2024-04-04T16:47:28.110+0000] {dagbag.py:540} INFO - Filling up the DagBag from /home/airflow/.local/lib/python3.8/site-packages/airflow/example_dags/example_complex.py
[2024-04-04T16:47:28.139+0000] {processor.py:840} INFO - DAG(s) 'example_complex' retrieved from /home/airflow/.local/lib/python3.8/site-packages/airflow/example_dags/example_complex.py
[2024-04-04T16:47:28.208+0000] {logging_mixin.py:188} INFO - [2024-04-04T16:47:28.208+0000] {dag.py:3047} INFO - Sync 1 DAGs
[2024-04-04T16:47:28.225+0000] {logging_mixin.py:188} INFO - [2024-04-04T16:47:28.224+0000] {dag.py:3834} INFO - Setting next_dagrun for example_complex to None, run_after=None
[2024-04-04T16:47:28.256+0000] {processor.py:183} INFO - Processing /home/airflow/.local/lib/python3.8/site-packages/airflow/example_dags/example_complex.py took 0.171 seconds
[2024-04-04T16:47:58.618+0000] {processor.py:161} INFO - Started process (PID=55190) to work on /home/airflow/.local/lib/python3.8/site-packages/airflow/example_dags/example_complex.py
[2024-04-04T16:47:58.619+0000] {processor.py:830} INFO - Processing file /home/airflow/.local/lib/python3.8/site-packages/airflow/example_dags/example_complex.py for tasks to queue
[2024-04-04T16:47:58.622+0000] {logging_mixin.py:188} INFO - [2024-04-04T16:47:58.621+0000] {dagbag.py:540} INFO - Filling up the DagBag from /home/airflow/.local/lib/python3.8/site-packages/airflow/example_dags/example_complex.py
[2024-04-04T16:47:58.635+0000] {processor.py:840} INFO - DAG(s) 'example_complex' retrieved from /home/airflow/.local/lib/python3.8/site-packages/airflow/example_dags/example_complex.py
[2024-04-04T16:47:58.679+0000] {logging_mixin.py:188} INFO - [2024-04-04T16:47:58.678+0000] {dag.py:3047} INFO - Sync 1 DAGs
[2024-04-04T16:47:58.694+0000] {logging_mixin.py:188} INFO - [2024-04-04T16:47:58.694+0000] {dag.py:3834} INFO - Setting next_dagrun for example_complex to None, run_after=None
[2024-04-04T16:47:58.717+0000] {processor.py:183} INFO - Processing /home/airflow/.local/lib/python3.8/site-packages/airflow/example_dags/example_complex.py took 0.102 seconds
