[2024-04-04T16:35:50.847+0000] {processor.py:161} INFO - Started process (PID=54999) to work on /home/airflow/.local/lib/python3.8/site-packages/airflow/example_dags/example_trigger_target_dag.py
[2024-04-04T16:35:50.849+0000] {processor.py:830} INFO - Processing file /home/airflow/.local/lib/python3.8/site-packages/airflow/example_dags/example_trigger_target_dag.py for tasks to queue
[2024-04-04T16:35:50.852+0000] {logging_mixin.py:188} INFO - [2024-04-04T16:35:50.852+0000] {dagbag.py:540} INFO - Filling up the DagBag from /home/airflow/.local/lib/python3.8/site-packages/airflow/example_dags/example_trigger_target_dag.py
[2024-04-04T16:35:50.859+0000] {processor.py:840} INFO - DAG(s) 'example_trigger_target_dag' retrieved from /home/airflow/.local/lib/python3.8/site-packages/airflow/example_dags/example_trigger_target_dag.py
[2024-04-04T16:35:50.885+0000] {logging_mixin.py:188} INFO - [2024-04-04T16:35:50.884+0000] {dag.py:3047} INFO - Sync 1 DAGs
[2024-04-04T16:35:50.898+0000] {logging_mixin.py:188} INFO - [2024-04-04T16:35:50.898+0000] {dag.py:3834} INFO - Setting next_dagrun for example_trigger_target_dag to None, run_after=None
[2024-04-04T16:35:50.921+0000] {processor.py:183} INFO - Processing /home/airflow/.local/lib/python3.8/site-packages/airflow/example_dags/example_trigger_target_dag.py took 0.080 seconds
[2024-04-04T16:46:28.725+0000] {processor.py:161} INFO - Started process (PID=55048) to work on /home/airflow/.local/lib/python3.8/site-packages/airflow/example_dags/example_trigger_target_dag.py
[2024-04-04T16:46:28.726+0000] {processor.py:830} INFO - Processing file /home/airflow/.local/lib/python3.8/site-packages/airflow/example_dags/example_trigger_target_dag.py for tasks to queue
[2024-04-04T16:46:28.729+0000] {logging_mixin.py:188} INFO - [2024-04-04T16:46:28.728+0000] {dagbag.py:540} INFO - Filling up the DagBag from /home/airflow/.local/lib/python3.8/site-packages/airflow/example_dags/example_trigger_target_dag.py
[2024-04-04T16:46:28.738+0000] {processor.py:840} INFO - DAG(s) 'example_trigger_target_dag' retrieved from /home/airflow/.local/lib/python3.8/site-packages/airflow/example_dags/example_trigger_target_dag.py
[2024-04-04T16:46:28.767+0000] {logging_mixin.py:188} INFO - [2024-04-04T16:46:28.766+0000] {dag.py:3047} INFO - Sync 1 DAGs
[2024-04-04T16:46:28.784+0000] {logging_mixin.py:188} INFO - [2024-04-04T16:46:28.784+0000] {dag.py:3834} INFO - Setting next_dagrun for example_trigger_target_dag to None, run_after=None
[2024-04-04T16:46:28.814+0000] {processor.py:183} INFO - Processing /home/airflow/.local/lib/python3.8/site-packages/airflow/example_dags/example_trigger_target_dag.py took 0.093 seconds
[2024-04-04T16:46:59.553+0000] {processor.py:161} INFO - Started process (PID=55103) to work on /home/airflow/.local/lib/python3.8/site-packages/airflow/example_dags/example_trigger_target_dag.py
[2024-04-04T16:46:59.555+0000] {processor.py:830} INFO - Processing file /home/airflow/.local/lib/python3.8/site-packages/airflow/example_dags/example_trigger_target_dag.py for tasks to queue
[2024-04-04T16:46:59.559+0000] {logging_mixin.py:188} INFO - [2024-04-04T16:46:59.559+0000] {dagbag.py:540} INFO - Filling up the DagBag from /home/airflow/.local/lib/python3.8/site-packages/airflow/example_dags/example_trigger_target_dag.py
[2024-04-04T16:46:59.571+0000] {processor.py:840} INFO - DAG(s) 'example_trigger_target_dag' retrieved from /home/airflow/.local/lib/python3.8/site-packages/airflow/example_dags/example_trigger_target_dag.py
[2024-04-04T16:46:59.610+0000] {logging_mixin.py:188} INFO - [2024-04-04T16:46:59.610+0000] {dag.py:3047} INFO - Sync 1 DAGs
[2024-04-04T16:46:59.635+0000] {logging_mixin.py:188} INFO - [2024-04-04T16:46:59.634+0000] {dag.py:3834} INFO - Setting next_dagrun for example_trigger_target_dag to None, run_after=None
[2024-04-04T16:46:59.673+0000] {processor.py:183} INFO - Processing /home/airflow/.local/lib/python3.8/site-packages/airflow/example_dags/example_trigger_target_dag.py took 0.127 seconds
[2024-04-04T16:47:30.379+0000] {processor.py:161} INFO - Started process (PID=55158) to work on /home/airflow/.local/lib/python3.8/site-packages/airflow/example_dags/example_trigger_target_dag.py
[2024-04-04T16:47:30.380+0000] {processor.py:830} INFO - Processing file /home/airflow/.local/lib/python3.8/site-packages/airflow/example_dags/example_trigger_target_dag.py for tasks to queue
[2024-04-04T16:47:30.383+0000] {logging_mixin.py:188} INFO - [2024-04-04T16:47:30.383+0000] {dagbag.py:540} INFO - Filling up the DagBag from /home/airflow/.local/lib/python3.8/site-packages/airflow/example_dags/example_trigger_target_dag.py
[2024-04-04T16:47:30.393+0000] {processor.py:840} INFO - DAG(s) 'example_trigger_target_dag' retrieved from /home/airflow/.local/lib/python3.8/site-packages/airflow/example_dags/example_trigger_target_dag.py
[2024-04-04T16:47:30.418+0000] {logging_mixin.py:188} INFO - [2024-04-04T16:47:30.418+0000] {dag.py:3047} INFO - Sync 1 DAGs
[2024-04-04T16:47:30.434+0000] {logging_mixin.py:188} INFO - [2024-04-04T16:47:30.433+0000] {dag.py:3834} INFO - Setting next_dagrun for example_trigger_target_dag to None, run_after=None
[2024-04-04T16:47:30.462+0000] {processor.py:183} INFO - Processing /home/airflow/.local/lib/python3.8/site-packages/airflow/example_dags/example_trigger_target_dag.py took 0.086 seconds
[2024-04-04T16:48:00.705+0000] {processor.py:161} INFO - Started process (PID=55213) to work on /home/airflow/.local/lib/python3.8/site-packages/airflow/example_dags/example_trigger_target_dag.py
[2024-04-04T16:48:00.706+0000] {processor.py:830} INFO - Processing file /home/airflow/.local/lib/python3.8/site-packages/airflow/example_dags/example_trigger_target_dag.py for tasks to queue
[2024-04-04T16:48:00.709+0000] {logging_mixin.py:188} INFO - [2024-04-04T16:48:00.709+0000] {dagbag.py:540} INFO - Filling up the DagBag from /home/airflow/.local/lib/python3.8/site-packages/airflow/example_dags/example_trigger_target_dag.py
[2024-04-04T16:48:00.719+0000] {processor.py:840} INFO - DAG(s) 'example_trigger_target_dag' retrieved from /home/airflow/.local/lib/python3.8/site-packages/airflow/example_dags/example_trigger_target_dag.py
[2024-04-04T16:48:00.742+0000] {logging_mixin.py:188} INFO - [2024-04-04T16:48:00.742+0000] {dag.py:3047} INFO - Sync 1 DAGs
[2024-04-04T16:48:00.756+0000] {logging_mixin.py:188} INFO - [2024-04-04T16:48:00.755+0000] {dag.py:3834} INFO - Setting next_dagrun for example_trigger_target_dag to None, run_after=None
[2024-04-04T16:48:00.778+0000] {processor.py:183} INFO - Processing /home/airflow/.local/lib/python3.8/site-packages/airflow/example_dags/example_trigger_target_dag.py took 0.079 seconds
