[2024-04-04T16:35:51.690+0000] {processor.py:161} INFO - Started process (PID=55011) to work on /home/airflow/.local/lib/python3.8/site-packages/airflow/example_dags/example_python_decorator.py
[2024-04-04T16:35:51.692+0000] {processor.py:830} INFO - Processing file /home/airflow/.local/lib/python3.8/site-packages/airflow/example_dags/example_python_decorator.py for tasks to queue
[2024-04-04T16:35:51.693+0000] {logging_mixin.py:188} INFO - [2024-04-04T16:35:51.693+0000] {dagbag.py:540} INFO - Filling up the DagBag from /home/airflow/.local/lib/python3.8/site-packages/airflow/example_dags/example_python_decorator.py
[2024-04-04T16:35:51.702+0000] {processor.py:840} INFO - DAG(s) 'example_python_decorator' retrieved from /home/airflow/.local/lib/python3.8/site-packages/airflow/example_dags/example_python_decorator.py
[2024-04-04T16:35:51.719+0000] {logging_mixin.py:188} INFO - [2024-04-04T16:35:51.719+0000] {dag.py:3047} INFO - Sync 1 DAGs
[2024-04-04T16:35:51.729+0000] {logging_mixin.py:188} INFO - [2024-04-04T16:35:51.729+0000] {dag.py:3834} INFO - Setting next_dagrun for example_python_decorator to None, run_after=None
[2024-04-04T16:35:51.745+0000] {processor.py:183} INFO - Processing /home/airflow/.local/lib/python3.8/site-packages/airflow/example_dags/example_python_decorator.py took 0.057 seconds
[2024-04-04T16:46:29.812+0000] {processor.py:161} INFO - Started process (PID=55060) to work on /home/airflow/.local/lib/python3.8/site-packages/airflow/example_dags/example_python_decorator.py
[2024-04-04T16:46:29.814+0000] {processor.py:830} INFO - Processing file /home/airflow/.local/lib/python3.8/site-packages/airflow/example_dags/example_python_decorator.py for tasks to queue
[2024-04-04T16:46:29.818+0000] {logging_mixin.py:188} INFO - [2024-04-04T16:46:29.817+0000] {dagbag.py:540} INFO - Filling up the DagBag from /home/airflow/.local/lib/python3.8/site-packages/airflow/example_dags/example_python_decorator.py
[2024-04-04T16:46:29.839+0000] {processor.py:840} INFO - DAG(s) 'example_python_decorator' retrieved from /home/airflow/.local/lib/python3.8/site-packages/airflow/example_dags/example_python_decorator.py
[2024-04-04T16:46:29.873+0000] {logging_mixin.py:188} INFO - [2024-04-04T16:46:29.872+0000] {dag.py:3047} INFO - Sync 1 DAGs
[2024-04-04T16:46:29.890+0000] {logging_mixin.py:188} INFO - [2024-04-04T16:46:29.889+0000] {dag.py:3834} INFO - Setting next_dagrun for example_python_decorator to None, run_after=None
[2024-04-04T16:46:29.922+0000] {processor.py:183} INFO - Processing /home/airflow/.local/lib/python3.8/site-packages/airflow/example_dags/example_python_decorator.py took 0.116 seconds
[2024-04-04T16:47:00.848+0000] {processor.py:161} INFO - Started process (PID=55115) to work on /home/airflow/.local/lib/python3.8/site-packages/airflow/example_dags/example_python_decorator.py
[2024-04-04T16:47:00.850+0000] {processor.py:830} INFO - Processing file /home/airflow/.local/lib/python3.8/site-packages/airflow/example_dags/example_python_decorator.py for tasks to queue
[2024-04-04T16:47:00.853+0000] {logging_mixin.py:188} INFO - [2024-04-04T16:47:00.853+0000] {dagbag.py:540} INFO - Filling up the DagBag from /home/airflow/.local/lib/python3.8/site-packages/airflow/example_dags/example_python_decorator.py
[2024-04-04T16:47:00.874+0000] {processor.py:840} INFO - DAG(s) 'example_python_decorator' retrieved from /home/airflow/.local/lib/python3.8/site-packages/airflow/example_dags/example_python_decorator.py
[2024-04-04T16:47:00.910+0000] {logging_mixin.py:188} INFO - [2024-04-04T16:47:00.910+0000] {dag.py:3047} INFO - Sync 1 DAGs
[2024-04-04T16:47:00.927+0000] {logging_mixin.py:188} INFO - [2024-04-04T16:47:00.927+0000] {dag.py:3834} INFO - Setting next_dagrun for example_python_decorator to None, run_after=None
[2024-04-04T16:47:00.961+0000] {processor.py:183} INFO - Processing /home/airflow/.local/lib/python3.8/site-packages/airflow/example_dags/example_python_decorator.py took 0.117 seconds
[2024-04-04T16:47:31.229+0000] {processor.py:161} INFO - Started process (PID=55170) to work on /home/airflow/.local/lib/python3.8/site-packages/airflow/example_dags/example_python_decorator.py
[2024-04-04T16:47:31.231+0000] {processor.py:830} INFO - Processing file /home/airflow/.local/lib/python3.8/site-packages/airflow/example_dags/example_python_decorator.py for tasks to queue
[2024-04-04T16:47:31.234+0000] {logging_mixin.py:188} INFO - [2024-04-04T16:47:31.233+0000] {dagbag.py:540} INFO - Filling up the DagBag from /home/airflow/.local/lib/python3.8/site-packages/airflow/example_dags/example_python_decorator.py
[2024-04-04T16:47:31.250+0000] {processor.py:840} INFO - DAG(s) 'example_python_decorator' retrieved from /home/airflow/.local/lib/python3.8/site-packages/airflow/example_dags/example_python_decorator.py
[2024-04-04T16:47:31.278+0000] {logging_mixin.py:188} INFO - [2024-04-04T16:47:31.277+0000] {dag.py:3047} INFO - Sync 1 DAGs
[2024-04-04T16:47:31.292+0000] {logging_mixin.py:188} INFO - [2024-04-04T16:47:31.292+0000] {dag.py:3834} INFO - Setting next_dagrun for example_python_decorator to None, run_after=None
[2024-04-04T16:47:31.321+0000] {processor.py:183} INFO - Processing /home/airflow/.local/lib/python3.8/site-packages/airflow/example_dags/example_python_decorator.py took 0.095 seconds
[2024-04-04T16:48:01.647+0000] {processor.py:161} INFO - Started process (PID=55225) to work on /home/airflow/.local/lib/python3.8/site-packages/airflow/example_dags/example_python_decorator.py
[2024-04-04T16:48:01.649+0000] {processor.py:830} INFO - Processing file /home/airflow/.local/lib/python3.8/site-packages/airflow/example_dags/example_python_decorator.py for tasks to queue
[2024-04-04T16:48:01.651+0000] {logging_mixin.py:188} INFO - [2024-04-04T16:48:01.651+0000] {dagbag.py:540} INFO - Filling up the DagBag from /home/airflow/.local/lib/python3.8/site-packages/airflow/example_dags/example_python_decorator.py
[2024-04-04T16:48:01.668+0000] {processor.py:840} INFO - DAG(s) 'example_python_decorator' retrieved from /home/airflow/.local/lib/python3.8/site-packages/airflow/example_dags/example_python_decorator.py
[2024-04-04T16:48:01.716+0000] {logging_mixin.py:188} INFO - [2024-04-04T16:48:01.716+0000] {dag.py:3047} INFO - Sync 1 DAGs
[2024-04-04T16:48:01.753+0000] {logging_mixin.py:188} INFO - [2024-04-04T16:48:01.753+0000] {dag.py:3834} INFO - Setting next_dagrun for example_python_decorator to None, run_after=None
[2024-04-04T16:48:01.783+0000] {processor.py:183} INFO - Processing /home/airflow/.local/lib/python3.8/site-packages/airflow/example_dags/example_python_decorator.py took 0.139 seconds
