[2024-04-04T16:35:49.690+0000] {processor.py:161} INFO - Started process (PID=54986) to work on /home/airflow/.local/lib/python3.8/site-packages/airflow/example_dags/example_task_group_decorator.py
[2024-04-04T16:35:49.692+0000] {processor.py:830} INFO - Processing file /home/airflow/.local/lib/python3.8/site-packages/airflow/example_dags/example_task_group_decorator.py for tasks to queue
[2024-04-04T16:35:49.723+0000] {logging_mixin.py:188} INFO - [2024-04-04T16:35:49.723+0000] {dagbag.py:540} INFO - Filling up the DagBag from /home/airflow/.local/lib/python3.8/site-packages/airflow/example_dags/example_task_group_decorator.py
[2024-04-04T16:35:49.745+0000] {processor.py:840} INFO - DAG(s) 'example_task_group_decorator' retrieved from /home/airflow/.local/lib/python3.8/site-packages/airflow/example_dags/example_task_group_decorator.py
[2024-04-04T16:35:49.788+0000] {logging_mixin.py:188} INFO - [2024-04-04T16:35:49.788+0000] {dag.py:3047} INFO - Sync 1 DAGs
[2024-04-04T16:35:49.817+0000] {logging_mixin.py:188} INFO - [2024-04-04T16:35:49.816+0000] {dag.py:3834} INFO - Setting next_dagrun for example_task_group_decorator to 2024-04-03 00:00:00+00:00, run_after=2024-04-04 00:00:00+00:00
[2024-04-04T16:35:49.845+0000] {processor.py:183} INFO - Processing /home/airflow/.local/lib/python3.8/site-packages/airflow/example_dags/example_task_group_decorator.py took 0.160 seconds
[2024-04-04T16:46:27.574+0000] {processor.py:161} INFO - Started process (PID=55035) to work on /home/airflow/.local/lib/python3.8/site-packages/airflow/example_dags/example_task_group_decorator.py
[2024-04-04T16:46:27.584+0000] {processor.py:830} INFO - Processing file /home/airflow/.local/lib/python3.8/site-packages/airflow/example_dags/example_task_group_decorator.py for tasks to queue
[2024-04-04T16:46:27.590+0000] {logging_mixin.py:188} INFO - [2024-04-04T16:46:27.589+0000] {dagbag.py:540} INFO - Filling up the DagBag from /home/airflow/.local/lib/python3.8/site-packages/airflow/example_dags/example_task_group_decorator.py
[2024-04-04T16:46:27.643+0000] {processor.py:840} INFO - DAG(s) 'example_task_group_decorator' retrieved from /home/airflow/.local/lib/python3.8/site-packages/airflow/example_dags/example_task_group_decorator.py
[2024-04-04T16:46:27.707+0000] {logging_mixin.py:188} INFO - [2024-04-04T16:46:27.706+0000] {dag.py:3047} INFO - Sync 1 DAGs
[2024-04-04T16:46:27.747+0000] {logging_mixin.py:188} INFO - [2024-04-04T16:46:27.747+0000] {dag.py:3834} INFO - Setting next_dagrun for example_task_group_decorator to 2024-04-03 00:00:00+00:00, run_after=2024-04-04 00:00:00+00:00
[2024-04-04T16:46:27.798+0000] {processor.py:183} INFO - Processing /home/airflow/.local/lib/python3.8/site-packages/airflow/example_dags/example_task_group_decorator.py took 0.230 seconds
[2024-04-04T16:46:58.176+0000] {processor.py:161} INFO - Started process (PID=55090) to work on /home/airflow/.local/lib/python3.8/site-packages/airflow/example_dags/example_task_group_decorator.py
[2024-04-04T16:46:58.177+0000] {processor.py:830} INFO - Processing file /home/airflow/.local/lib/python3.8/site-packages/airflow/example_dags/example_task_group_decorator.py for tasks to queue
[2024-04-04T16:46:58.181+0000] {logging_mixin.py:188} INFO - [2024-04-04T16:46:58.180+0000] {dagbag.py:540} INFO - Filling up the DagBag from /home/airflow/.local/lib/python3.8/site-packages/airflow/example_dags/example_task_group_decorator.py
[2024-04-04T16:46:58.206+0000] {processor.py:840} INFO - DAG(s) 'example_task_group_decorator' retrieved from /home/airflow/.local/lib/python3.8/site-packages/airflow/example_dags/example_task_group_decorator.py
[2024-04-04T16:46:58.248+0000] {logging_mixin.py:188} INFO - [2024-04-04T16:46:58.247+0000] {dag.py:3047} INFO - Sync 1 DAGs
[2024-04-04T16:46:58.289+0000] {logging_mixin.py:188} INFO - [2024-04-04T16:46:58.289+0000] {dag.py:3834} INFO - Setting next_dagrun for example_task_group_decorator to 2024-04-03 00:00:00+00:00, run_after=2024-04-04 00:00:00+00:00
[2024-04-04T16:46:58.322+0000] {processor.py:183} INFO - Processing /home/airflow/.local/lib/python3.8/site-packages/airflow/example_dags/example_task_group_decorator.py took 0.152 seconds
[2024-04-04T16:47:29.022+0000] {processor.py:161} INFO - Started process (PID=55145) to work on /home/airflow/.local/lib/python3.8/site-packages/airflow/example_dags/example_task_group_decorator.py
[2024-04-04T16:47:29.023+0000] {processor.py:830} INFO - Processing file /home/airflow/.local/lib/python3.8/site-packages/airflow/example_dags/example_task_group_decorator.py for tasks to queue
[2024-04-04T16:47:29.027+0000] {logging_mixin.py:188} INFO - [2024-04-04T16:47:29.027+0000] {dagbag.py:540} INFO - Filling up the DagBag from /home/airflow/.local/lib/python3.8/site-packages/airflow/example_dags/example_task_group_decorator.py
[2024-04-04T16:47:29.049+0000] {processor.py:840} INFO - DAG(s) 'example_task_group_decorator' retrieved from /home/airflow/.local/lib/python3.8/site-packages/airflow/example_dags/example_task_group_decorator.py
[2024-04-04T16:47:29.088+0000] {logging_mixin.py:188} INFO - [2024-04-04T16:47:29.087+0000] {dag.py:3047} INFO - Sync 1 DAGs
[2024-04-04T16:47:29.118+0000] {logging_mixin.py:188} INFO - [2024-04-04T16:47:29.117+0000] {dag.py:3834} INFO - Setting next_dagrun for example_task_group_decorator to 2024-04-03 00:00:00+00:00, run_after=2024-04-04 00:00:00+00:00
[2024-04-04T16:47:29.145+0000] {processor.py:183} INFO - Processing /home/airflow/.local/lib/python3.8/site-packages/airflow/example_dags/example_task_group_decorator.py took 0.129 seconds
[2024-04-04T16:47:59.269+0000] {processor.py:161} INFO - Started process (PID=55200) to work on /home/airflow/.local/lib/python3.8/site-packages/airflow/example_dags/example_task_group_decorator.py
[2024-04-04T16:47:59.270+0000] {processor.py:830} INFO - Processing file /home/airflow/.local/lib/python3.8/site-packages/airflow/example_dags/example_task_group_decorator.py for tasks to queue
[2024-04-04T16:47:59.273+0000] {logging_mixin.py:188} INFO - [2024-04-04T16:47:59.272+0000] {dagbag.py:540} INFO - Filling up the DagBag from /home/airflow/.local/lib/python3.8/site-packages/airflow/example_dags/example_task_group_decorator.py
[2024-04-04T16:47:59.292+0000] {processor.py:840} INFO - DAG(s) 'example_task_group_decorator' retrieved from /home/airflow/.local/lib/python3.8/site-packages/airflow/example_dags/example_task_group_decorator.py
[2024-04-04T16:47:59.319+0000] {logging_mixin.py:188} INFO - [2024-04-04T16:47:59.318+0000] {dag.py:3047} INFO - Sync 1 DAGs
[2024-04-04T16:47:59.348+0000] {logging_mixin.py:188} INFO - [2024-04-04T16:47:59.348+0000] {dag.py:3834} INFO - Setting next_dagrun for example_task_group_decorator to 2024-04-03 00:00:00+00:00, run_after=2024-04-04 00:00:00+00:00
[2024-04-04T16:47:59.376+0000] {processor.py:183} INFO - Processing /home/airflow/.local/lib/python3.8/site-packages/airflow/example_dags/example_task_group_decorator.py took 0.112 seconds
