[2024-04-04T16:35:48.799+0000] {processor.py:161} INFO - Started process (PID=54974) to work on /home/airflow/.local/lib/python3.8/site-packages/airflow/example_dags/example_short_circuit_operator.py
[2024-04-04T16:35:48.800+0000] {processor.py:830} INFO - Processing file /home/airflow/.local/lib/python3.8/site-packages/airflow/example_dags/example_short_circuit_operator.py for tasks to queue
[2024-04-04T16:35:48.802+0000] {logging_mixin.py:188} INFO - [2024-04-04T16:35:48.802+0000] {dagbag.py:540} INFO - Filling up the DagBag from /home/airflow/.local/lib/python3.8/site-packages/airflow/example_dags/example_short_circuit_operator.py
[2024-04-04T16:35:48.811+0000] {processor.py:840} INFO - DAG(s) 'example_short_circuit_operator' retrieved from /home/airflow/.local/lib/python3.8/site-packages/airflow/example_dags/example_short_circuit_operator.py
[2024-04-04T16:35:48.836+0000] {logging_mixin.py:188} INFO - [2024-04-04T16:35:48.835+0000] {dag.py:3047} INFO - Sync 1 DAGs
[2024-04-04T16:35:48.859+0000] {logging_mixin.py:188} INFO - [2024-04-04T16:35:48.858+0000] {dag.py:3834} INFO - Setting next_dagrun for example_short_circuit_operator to 2024-04-03 00:00:00+00:00, run_after=2024-04-04 00:00:00+00:00
[2024-04-04T16:35:48.888+0000] {processor.py:183} INFO - Processing /home/airflow/.local/lib/python3.8/site-packages/airflow/example_dags/example_short_circuit_operator.py took 0.093 seconds
[2024-04-04T16:46:26.150+0000] {processor.py:161} INFO - Started process (PID=55023) to work on /home/airflow/.local/lib/python3.8/site-packages/airflow/example_dags/example_short_circuit_operator.py
[2024-04-04T16:46:26.151+0000] {processor.py:830} INFO - Processing file /home/airflow/.local/lib/python3.8/site-packages/airflow/example_dags/example_short_circuit_operator.py for tasks to queue
[2024-04-04T16:46:26.157+0000] {logging_mixin.py:188} INFO - [2024-04-04T16:46:26.156+0000] {dagbag.py:540} INFO - Filling up the DagBag from /home/airflow/.local/lib/python3.8/site-packages/airflow/example_dags/example_short_circuit_operator.py
[2024-04-04T16:46:26.170+0000] {processor.py:840} INFO - DAG(s) 'example_short_circuit_operator' retrieved from /home/airflow/.local/lib/python3.8/site-packages/airflow/example_dags/example_short_circuit_operator.py
[2024-04-04T16:46:26.211+0000] {logging_mixin.py:188} INFO - [2024-04-04T16:46:26.210+0000] {dag.py:3047} INFO - Sync 1 DAGs
[2024-04-04T16:46:26.252+0000] {logging_mixin.py:188} INFO - [2024-04-04T16:46:26.252+0000] {dag.py:3834} INFO - Setting next_dagrun for example_short_circuit_operator to 2024-04-03 00:00:00+00:00, run_after=2024-04-04 00:00:00+00:00
[2024-04-04T16:46:26.286+0000] {processor.py:183} INFO - Processing /home/airflow/.local/lib/python3.8/site-packages/airflow/example_dags/example_short_circuit_operator.py took 0.141 seconds
[2024-04-04T16:46:56.906+0000] {processor.py:161} INFO - Started process (PID=55078) to work on /home/airflow/.local/lib/python3.8/site-packages/airflow/example_dags/example_short_circuit_operator.py
[2024-04-04T16:46:56.908+0000] {processor.py:830} INFO - Processing file /home/airflow/.local/lib/python3.8/site-packages/airflow/example_dags/example_short_circuit_operator.py for tasks to queue
[2024-04-04T16:46:56.911+0000] {logging_mixin.py:188} INFO - [2024-04-04T16:46:56.910+0000] {dagbag.py:540} INFO - Filling up the DagBag from /home/airflow/.local/lib/python3.8/site-packages/airflow/example_dags/example_short_circuit_operator.py
[2024-04-04T16:46:56.920+0000] {processor.py:840} INFO - DAG(s) 'example_short_circuit_operator' retrieved from /home/airflow/.local/lib/python3.8/site-packages/airflow/example_dags/example_short_circuit_operator.py
[2024-04-04T16:46:56.949+0000] {logging_mixin.py:188} INFO - [2024-04-04T16:46:56.948+0000] {dag.py:3047} INFO - Sync 1 DAGs
[2024-04-04T16:46:56.975+0000] {logging_mixin.py:188} INFO - [2024-04-04T16:46:56.975+0000] {dag.py:3834} INFO - Setting next_dagrun for example_short_circuit_operator to 2024-04-03 00:00:00+00:00, run_after=2024-04-04 00:00:00+00:00
[2024-04-04T16:46:57.000+0000] {processor.py:183} INFO - Processing /home/airflow/.local/lib/python3.8/site-packages/airflow/example_dags/example_short_circuit_operator.py took 0.098 seconds
[2024-04-04T16:47:27.910+0000] {processor.py:161} INFO - Started process (PID=55133) to work on /home/airflow/.local/lib/python3.8/site-packages/airflow/example_dags/example_short_circuit_operator.py
[2024-04-04T16:47:27.912+0000] {processor.py:830} INFO - Processing file /home/airflow/.local/lib/python3.8/site-packages/airflow/example_dags/example_short_circuit_operator.py for tasks to queue
[2024-04-04T16:47:27.916+0000] {logging_mixin.py:188} INFO - [2024-04-04T16:47:27.915+0000] {dagbag.py:540} INFO - Filling up the DagBag from /home/airflow/.local/lib/python3.8/site-packages/airflow/example_dags/example_short_circuit_operator.py
[2024-04-04T16:47:27.927+0000] {processor.py:840} INFO - DAG(s) 'example_short_circuit_operator' retrieved from /home/airflow/.local/lib/python3.8/site-packages/airflow/example_dags/example_short_circuit_operator.py
[2024-04-04T16:47:27.969+0000] {logging_mixin.py:188} INFO - [2024-04-04T16:47:27.969+0000] {dag.py:3047} INFO - Sync 1 DAGs
[2024-04-04T16:47:28.008+0000] {logging_mixin.py:188} INFO - [2024-04-04T16:47:28.008+0000] {dag.py:3834} INFO - Setting next_dagrun for example_short_circuit_operator to 2024-04-03 00:00:00+00:00, run_after=2024-04-04 00:00:00+00:00
[2024-04-04T16:47:28.045+0000] {processor.py:183} INFO - Processing /home/airflow/.local/lib/python3.8/site-packages/airflow/example_dags/example_short_circuit_operator.py took 0.140 seconds
[2024-04-04T16:47:58.420+0000] {processor.py:161} INFO - Started process (PID=55188) to work on /home/airflow/.local/lib/python3.8/site-packages/airflow/example_dags/example_short_circuit_operator.py
[2024-04-04T16:47:58.425+0000] {processor.py:830} INFO - Processing file /home/airflow/.local/lib/python3.8/site-packages/airflow/example_dags/example_short_circuit_operator.py for tasks to queue
[2024-04-04T16:47:58.431+0000] {logging_mixin.py:188} INFO - [2024-04-04T16:47:58.431+0000] {dagbag.py:540} INFO - Filling up the DagBag from /home/airflow/.local/lib/python3.8/site-packages/airflow/example_dags/example_short_circuit_operator.py
[2024-04-04T16:47:58.442+0000] {processor.py:840} INFO - DAG(s) 'example_short_circuit_operator' retrieved from /home/airflow/.local/lib/python3.8/site-packages/airflow/example_dags/example_short_circuit_operator.py
[2024-04-04T16:47:58.473+0000] {logging_mixin.py:188} INFO - [2024-04-04T16:47:58.472+0000] {dag.py:3047} INFO - Sync 1 DAGs
[2024-04-04T16:47:58.499+0000] {logging_mixin.py:188} INFO - [2024-04-04T16:47:58.499+0000] {dag.py:3834} INFO - Setting next_dagrun for example_short_circuit_operator to 2024-04-03 00:00:00+00:00, run_after=2024-04-04 00:00:00+00:00
[2024-04-04T16:47:58.524+0000] {processor.py:183} INFO - Processing /home/airflow/.local/lib/python3.8/site-packages/airflow/example_dags/example_short_circuit_operator.py took 0.109 seconds
