[2024-04-04T16:35:49.442+0000] {processor.py:161} INFO - Started process (PID=54983) to work on /home/airflow/.local/lib/python3.8/site-packages/airflow/example_dags/example_skip_dag.py
[2024-04-04T16:35:49.444+0000] {processor.py:830} INFO - Processing file /home/airflow/.local/lib/python3.8/site-packages/airflow/example_dags/example_skip_dag.py for tasks to queue
[2024-04-04T16:35:49.447+0000] {logging_mixin.py:188} INFO - [2024-04-04T16:35:49.446+0000] {dagbag.py:540} INFO - Filling up the DagBag from /home/airflow/.local/lib/python3.8/site-packages/airflow/example_dags/example_skip_dag.py
[2024-04-04T16:35:49.455+0000] {processor.py:840} INFO - DAG(s) 'example_skip_dag' retrieved from /home/airflow/.local/lib/python3.8/site-packages/airflow/example_dags/example_skip_dag.py
[2024-04-04T16:35:49.483+0000] {logging_mixin.py:188} INFO - [2024-04-04T16:35:49.483+0000] {dag.py:3047} INFO - Sync 1 DAGs
[2024-04-04T16:35:49.510+0000] {logging_mixin.py:188} INFO - [2024-04-04T16:35:49.509+0000] {dag.py:3834} INFO - Setting next_dagrun for example_skip_dag to 2024-04-03 00:00:00+00:00, run_after=2024-04-04 00:00:00+00:00
[2024-04-04T16:35:49.536+0000] {processor.py:183} INFO - Processing /home/airflow/.local/lib/python3.8/site-packages/airflow/example_dags/example_skip_dag.py took 0.098 seconds
[2024-04-04T16:46:27.276+0000] {processor.py:161} INFO - Started process (PID=55032) to work on /home/airflow/.local/lib/python3.8/site-packages/airflow/example_dags/example_skip_dag.py
[2024-04-04T16:46:27.280+0000] {processor.py:830} INFO - Processing file /home/airflow/.local/lib/python3.8/site-packages/airflow/example_dags/example_skip_dag.py for tasks to queue
[2024-04-04T16:46:27.286+0000] {logging_mixin.py:188} INFO - [2024-04-04T16:46:27.285+0000] {dagbag.py:540} INFO - Filling up the DagBag from /home/airflow/.local/lib/python3.8/site-packages/airflow/example_dags/example_skip_dag.py
[2024-04-04T16:46:27.304+0000] {processor.py:840} INFO - DAG(s) 'example_skip_dag' retrieved from /home/airflow/.local/lib/python3.8/site-packages/airflow/example_dags/example_skip_dag.py
[2024-04-04T16:46:27.360+0000] {logging_mixin.py:188} INFO - [2024-04-04T16:46:27.358+0000] {dag.py:3047} INFO - Sync 1 DAGs
[2024-04-04T16:46:27.416+0000] {logging_mixin.py:188} INFO - [2024-04-04T16:46:27.416+0000] {dag.py:3834} INFO - Setting next_dagrun for example_skip_dag to 2024-04-03 00:00:00+00:00, run_after=2024-04-04 00:00:00+00:00
[2024-04-04T16:46:27.468+0000] {processor.py:183} INFO - Processing /home/airflow/.local/lib/python3.8/site-packages/airflow/example_dags/example_skip_dag.py took 0.200 seconds
[2024-04-04T16:46:57.785+0000] {processor.py:161} INFO - Started process (PID=55087) to work on /home/airflow/.local/lib/python3.8/site-packages/airflow/example_dags/example_skip_dag.py
[2024-04-04T16:46:57.787+0000] {processor.py:830} INFO - Processing file /home/airflow/.local/lib/python3.8/site-packages/airflow/example_dags/example_skip_dag.py for tasks to queue
[2024-04-04T16:46:57.791+0000] {logging_mixin.py:188} INFO - [2024-04-04T16:46:57.790+0000] {dagbag.py:540} INFO - Filling up the DagBag from /home/airflow/.local/lib/python3.8/site-packages/airflow/example_dags/example_skip_dag.py
[2024-04-04T16:46:57.799+0000] {processor.py:840} INFO - DAG(s) 'example_skip_dag' retrieved from /home/airflow/.local/lib/python3.8/site-packages/airflow/example_dags/example_skip_dag.py
[2024-04-04T16:46:57.825+0000] {logging_mixin.py:188} INFO - [2024-04-04T16:46:57.824+0000] {dag.py:3047} INFO - Sync 1 DAGs
[2024-04-04T16:46:57.868+0000] {logging_mixin.py:188} INFO - [2024-04-04T16:46:57.868+0000] {dag.py:3834} INFO - Setting next_dagrun for example_skip_dag to 2024-04-03 00:00:00+00:00, run_after=2024-04-04 00:00:00+00:00
[2024-04-04T16:46:57.932+0000] {processor.py:183} INFO - Processing /home/airflow/.local/lib/python3.8/site-packages/airflow/example_dags/example_skip_dag.py took 0.150 seconds
[2024-04-04T16:47:28.727+0000] {processor.py:161} INFO - Started process (PID=55142) to work on /home/airflow/.local/lib/python3.8/site-packages/airflow/example_dags/example_skip_dag.py
[2024-04-04T16:47:28.728+0000] {processor.py:830} INFO - Processing file /home/airflow/.local/lib/python3.8/site-packages/airflow/example_dags/example_skip_dag.py for tasks to queue
[2024-04-04T16:47:28.731+0000] {logging_mixin.py:188} INFO - [2024-04-04T16:47:28.731+0000] {dagbag.py:540} INFO - Filling up the DagBag from /home/airflow/.local/lib/python3.8/site-packages/airflow/example_dags/example_skip_dag.py
[2024-04-04T16:47:28.740+0000] {processor.py:840} INFO - DAG(s) 'example_skip_dag' retrieved from /home/airflow/.local/lib/python3.8/site-packages/airflow/example_dags/example_skip_dag.py
[2024-04-04T16:47:28.770+0000] {logging_mixin.py:188} INFO - [2024-04-04T16:47:28.769+0000] {dag.py:3047} INFO - Sync 1 DAGs
[2024-04-04T16:47:28.799+0000] {logging_mixin.py:188} INFO - [2024-04-04T16:47:28.798+0000] {dag.py:3834} INFO - Setting next_dagrun for example_skip_dag to 2024-04-03 00:00:00+00:00, run_after=2024-04-04 00:00:00+00:00
[2024-04-04T16:47:28.829+0000] {processor.py:183} INFO - Processing /home/airflow/.local/lib/python3.8/site-packages/airflow/example_dags/example_skip_dag.py took 0.106 seconds
[2024-04-04T16:47:59.099+0000] {processor.py:161} INFO - Started process (PID=55197) to work on /home/airflow/.local/lib/python3.8/site-packages/airflow/example_dags/example_skip_dag.py
[2024-04-04T16:47:59.100+0000] {processor.py:830} INFO - Processing file /home/airflow/.local/lib/python3.8/site-packages/airflow/example_dags/example_skip_dag.py for tasks to queue
[2024-04-04T16:47:59.103+0000] {logging_mixin.py:188} INFO - [2024-04-04T16:47:59.103+0000] {dagbag.py:540} INFO - Filling up the DagBag from /home/airflow/.local/lib/python3.8/site-packages/airflow/example_dags/example_skip_dag.py
[2024-04-04T16:47:59.112+0000] {processor.py:840} INFO - DAG(s) 'example_skip_dag' retrieved from /home/airflow/.local/lib/python3.8/site-packages/airflow/example_dags/example_skip_dag.py
[2024-04-04T16:47:59.145+0000] {logging_mixin.py:188} INFO - [2024-04-04T16:47:59.144+0000] {dag.py:3047} INFO - Sync 1 DAGs
[2024-04-04T16:47:59.171+0000] {logging_mixin.py:188} INFO - [2024-04-04T16:47:59.171+0000] {dag.py:3834} INFO - Setting next_dagrun for example_skip_dag to 2024-04-03 00:00:00+00:00, run_after=2024-04-04 00:00:00+00:00
[2024-04-04T16:47:59.193+0000] {processor.py:183} INFO - Processing /home/airflow/.local/lib/python3.8/site-packages/airflow/example_dags/example_skip_dag.py took 0.098 seconds
