[2024-04-04T16:35:51.147+0000] {processor.py:161} INFO - Started process (PID=55003) to work on /home/airflow/.local/lib/python3.8/site-packages/airflow/example_dags/example_task_group.py
[2024-04-04T16:35:51.148+0000] {processor.py:830} INFO - Processing file /home/airflow/.local/lib/python3.8/site-packages/airflow/example_dags/example_task_group.py for tasks to queue
[2024-04-04T16:35:51.150+0000] {logging_mixin.py:188} INFO - [2024-04-04T16:35:51.150+0000] {dagbag.py:540} INFO - Filling up the DagBag from /home/airflow/.local/lib/python3.8/site-packages/airflow/example_dags/example_task_group.py
[2024-04-04T16:35:51.157+0000] {processor.py:840} INFO - DAG(s) 'example_task_group' retrieved from /home/airflow/.local/lib/python3.8/site-packages/airflow/example_dags/example_task_group.py
[2024-04-04T16:35:51.180+0000] {logging_mixin.py:188} INFO - [2024-04-04T16:35:51.179+0000] {dag.py:3047} INFO - Sync 1 DAGs
[2024-04-04T16:35:51.200+0000] {logging_mixin.py:188} INFO - [2024-04-04T16:35:51.200+0000] {dag.py:3834} INFO - Setting next_dagrun for example_task_group to 2024-04-03 00:00:00+00:00, run_after=2024-04-04 00:00:00+00:00
[2024-04-04T16:35:51.221+0000] {processor.py:183} INFO - Processing /home/airflow/.local/lib/python3.8/site-packages/airflow/example_dags/example_task_group.py took 0.077 seconds
[2024-04-04T16:46:29.142+0000] {processor.py:161} INFO - Started process (PID=55052) to work on /home/airflow/.local/lib/python3.8/site-packages/airflow/example_dags/example_task_group.py
[2024-04-04T16:46:29.144+0000] {processor.py:830} INFO - Processing file /home/airflow/.local/lib/python3.8/site-packages/airflow/example_dags/example_task_group.py for tasks to queue
[2024-04-04T16:46:29.147+0000] {logging_mixin.py:188} INFO - [2024-04-04T16:46:29.146+0000] {dagbag.py:540} INFO - Filling up the DagBag from /home/airflow/.local/lib/python3.8/site-packages/airflow/example_dags/example_task_group.py
[2024-04-04T16:46:29.155+0000] {processor.py:840} INFO - DAG(s) 'example_task_group' retrieved from /home/airflow/.local/lib/python3.8/site-packages/airflow/example_dags/example_task_group.py
[2024-04-04T16:46:29.186+0000] {logging_mixin.py:188} INFO - [2024-04-04T16:46:29.185+0000] {dag.py:3047} INFO - Sync 1 DAGs
[2024-04-04T16:46:29.220+0000] {logging_mixin.py:188} INFO - [2024-04-04T16:46:29.219+0000] {dag.py:3834} INFO - Setting next_dagrun for example_task_group to 2024-04-03 00:00:00+00:00, run_after=2024-04-04 00:00:00+00:00
[2024-04-04T16:46:29.251+0000] {processor.py:183} INFO - Processing /home/airflow/.local/lib/python3.8/site-packages/airflow/example_dags/example_task_group.py took 0.113 seconds
[2024-04-04T16:47:00.073+0000] {processor.py:161} INFO - Started process (PID=55107) to work on /home/airflow/.local/lib/python3.8/site-packages/airflow/example_dags/example_task_group.py
[2024-04-04T16:47:00.075+0000] {processor.py:830} INFO - Processing file /home/airflow/.local/lib/python3.8/site-packages/airflow/example_dags/example_task_group.py for tasks to queue
[2024-04-04T16:47:00.079+0000] {logging_mixin.py:188} INFO - [2024-04-04T16:47:00.078+0000] {dagbag.py:540} INFO - Filling up the DagBag from /home/airflow/.local/lib/python3.8/site-packages/airflow/example_dags/example_task_group.py
[2024-04-04T16:47:00.094+0000] {processor.py:840} INFO - DAG(s) 'example_task_group' retrieved from /home/airflow/.local/lib/python3.8/site-packages/airflow/example_dags/example_task_group.py
[2024-04-04T16:47:00.141+0000] {logging_mixin.py:188} INFO - [2024-04-04T16:47:00.140+0000] {dag.py:3047} INFO - Sync 1 DAGs
[2024-04-04T16:47:00.187+0000] {logging_mixin.py:188} INFO - [2024-04-04T16:47:00.187+0000] {dag.py:3834} INFO - Setting next_dagrun for example_task_group to 2024-04-03 00:00:00+00:00, run_after=2024-04-04 00:00:00+00:00
[2024-04-04T16:47:00.225+0000] {processor.py:183} INFO - Processing /home/airflow/.local/lib/python3.8/site-packages/airflow/example_dags/example_task_group.py took 0.158 seconds
[2024-04-04T16:47:30.642+0000] {processor.py:161} INFO - Started process (PID=55162) to work on /home/airflow/.local/lib/python3.8/site-packages/airflow/example_dags/example_task_group.py
[2024-04-04T16:47:30.644+0000] {processor.py:830} INFO - Processing file /home/airflow/.local/lib/python3.8/site-packages/airflow/example_dags/example_task_group.py for tasks to queue
[2024-04-04T16:47:30.648+0000] {logging_mixin.py:188} INFO - [2024-04-04T16:47:30.647+0000] {dagbag.py:540} INFO - Filling up the DagBag from /home/airflow/.local/lib/python3.8/site-packages/airflow/example_dags/example_task_group.py
[2024-04-04T16:47:30.657+0000] {processor.py:840} INFO - DAG(s) 'example_task_group' retrieved from /home/airflow/.local/lib/python3.8/site-packages/airflow/example_dags/example_task_group.py
[2024-04-04T16:47:30.685+0000] {logging_mixin.py:188} INFO - [2024-04-04T16:47:30.685+0000] {dag.py:3047} INFO - Sync 1 DAGs
[2024-04-04T16:47:30.712+0000] {logging_mixin.py:188} INFO - [2024-04-04T16:47:30.712+0000] {dag.py:3834} INFO - Setting next_dagrun for example_task_group to 2024-04-03 00:00:00+00:00, run_after=2024-04-04 00:00:00+00:00
[2024-04-04T16:47:30.744+0000] {processor.py:183} INFO - Processing /home/airflow/.local/lib/python3.8/site-packages/airflow/example_dags/example_task_group.py took 0.105 seconds
[2024-04-04T16:48:00.920+0000] {processor.py:161} INFO - Started process (PID=55217) to work on /home/airflow/.local/lib/python3.8/site-packages/airflow/example_dags/example_task_group.py
[2024-04-04T16:48:00.922+0000] {processor.py:830} INFO - Processing file /home/airflow/.local/lib/python3.8/site-packages/airflow/example_dags/example_task_group.py for tasks to queue
[2024-04-04T16:48:00.924+0000] {logging_mixin.py:188} INFO - [2024-04-04T16:48:00.923+0000] {dagbag.py:540} INFO - Filling up the DagBag from /home/airflow/.local/lib/python3.8/site-packages/airflow/example_dags/example_task_group.py
[2024-04-04T16:48:00.932+0000] {processor.py:840} INFO - DAG(s) 'example_task_group' retrieved from /home/airflow/.local/lib/python3.8/site-packages/airflow/example_dags/example_task_group.py
[2024-04-04T16:48:00.960+0000] {logging_mixin.py:188} INFO - [2024-04-04T16:48:00.959+0000] {dag.py:3047} INFO - Sync 1 DAGs
[2024-04-04T16:48:00.986+0000] {logging_mixin.py:188} INFO - [2024-04-04T16:48:00.986+0000] {dag.py:3834} INFO - Setting next_dagrun for example_task_group to 2024-04-03 00:00:00+00:00, run_after=2024-04-04 00:00:00+00:00
[2024-04-04T16:48:01.007+0000] {processor.py:183} INFO - Processing /home/airflow/.local/lib/python3.8/site-packages/airflow/example_dags/example_task_group.py took 0.091 seconds
