[2024-04-04T16:35:50.479+0000] {processor.py:161} INFO - Started process (PID=54994) to work on /home/airflow/.local/lib/python3.8/site-packages/airflow/example_dags/example_external_task_marker_dag.py
[2024-04-04T16:35:50.480+0000] {processor.py:830} INFO - Processing file /home/airflow/.local/lib/python3.8/site-packages/airflow/example_dags/example_external_task_marker_dag.py for tasks to queue
[2024-04-04T16:35:50.483+0000] {logging_mixin.py:188} INFO - [2024-04-04T16:35:50.482+0000] {dagbag.py:540} INFO - Filling up the DagBag from /home/airflow/.local/lib/python3.8/site-packages/airflow/example_dags/example_external_task_marker_dag.py
[2024-04-04T16:35:50.489+0000] {processor.py:840} INFO - DAG(s) 'example_external_task_marker_child', 'example_external_task_marker_parent' retrieved from /home/airflow/.local/lib/python3.8/site-packages/airflow/example_dags/example_external_task_marker_dag.py
[2024-04-04T16:35:50.535+0000] {logging_mixin.py:188} INFO - [2024-04-04T16:35:50.534+0000] {dag.py:3047} INFO - Sync 2 DAGs
[2024-04-04T16:35:50.560+0000] {logging_mixin.py:188} INFO - [2024-04-04T16:35:50.560+0000] {dag.py:3834} INFO - Setting next_dagrun for example_external_task_marker_child to None, run_after=None
[2024-04-04T16:35:50.577+0000] {logging_mixin.py:188} INFO - [2024-04-04T16:35:50.574+0000] {dag.py:3834} INFO - Setting next_dagrun for example_external_task_marker_parent to None, run_after=None
[2024-04-04T16:35:50.613+0000] {processor.py:183} INFO - Processing /home/airflow/.local/lib/python3.8/site-packages/airflow/example_dags/example_external_task_marker_dag.py took 0.137 seconds
[2024-04-04T16:46:28.302+0000] {processor.py:161} INFO - Started process (PID=55043) to work on /home/airflow/.local/lib/python3.8/site-packages/airflow/example_dags/example_external_task_marker_dag.py
[2024-04-04T16:46:28.303+0000] {processor.py:830} INFO - Processing file /home/airflow/.local/lib/python3.8/site-packages/airflow/example_dags/example_external_task_marker_dag.py for tasks to queue
[2024-04-04T16:46:28.307+0000] {logging_mixin.py:188} INFO - [2024-04-04T16:46:28.306+0000] {dagbag.py:540} INFO - Filling up the DagBag from /home/airflow/.local/lib/python3.8/site-packages/airflow/example_dags/example_external_task_marker_dag.py
[2024-04-04T16:46:28.315+0000] {processor.py:840} INFO - DAG(s) 'example_external_task_marker_parent', 'example_external_task_marker_child' retrieved from /home/airflow/.local/lib/python3.8/site-packages/airflow/example_dags/example_external_task_marker_dag.py
[2024-04-04T16:46:28.350+0000] {logging_mixin.py:188} INFO - [2024-04-04T16:46:28.349+0000] {dag.py:3047} INFO - Sync 2 DAGs
[2024-04-04T16:46:28.371+0000] {logging_mixin.py:188} INFO - [2024-04-04T16:46:28.371+0000] {dag.py:3834} INFO - Setting next_dagrun for example_external_task_marker_child to None, run_after=None
[2024-04-04T16:46:28.379+0000] {logging_mixin.py:188} INFO - [2024-04-04T16:46:28.379+0000] {dag.py:3834} INFO - Setting next_dagrun for example_external_task_marker_parent to None, run_after=None
[2024-04-04T16:46:28.409+0000] {processor.py:183} INFO - Processing /home/airflow/.local/lib/python3.8/site-packages/airflow/example_dags/example_external_task_marker_dag.py took 0.110 seconds
[2024-04-04T16:46:59.104+0000] {processor.py:161} INFO - Started process (PID=55098) to work on /home/airflow/.local/lib/python3.8/site-packages/airflow/example_dags/example_external_task_marker_dag.py
[2024-04-04T16:46:59.108+0000] {processor.py:830} INFO - Processing file /home/airflow/.local/lib/python3.8/site-packages/airflow/example_dags/example_external_task_marker_dag.py for tasks to queue
[2024-04-04T16:46:59.113+0000] {logging_mixin.py:188} INFO - [2024-04-04T16:46:59.112+0000] {dagbag.py:540} INFO - Filling up the DagBag from /home/airflow/.local/lib/python3.8/site-packages/airflow/example_dags/example_external_task_marker_dag.py
[2024-04-04T16:46:59.123+0000] {processor.py:840} INFO - DAG(s) 'example_external_task_marker_parent', 'example_external_task_marker_child' retrieved from /home/airflow/.local/lib/python3.8/site-packages/airflow/example_dags/example_external_task_marker_dag.py
[2024-04-04T16:46:59.171+0000] {logging_mixin.py:188} INFO - [2024-04-04T16:46:59.170+0000] {dag.py:3047} INFO - Sync 2 DAGs
[2024-04-04T16:46:59.197+0000] {logging_mixin.py:188} INFO - [2024-04-04T16:46:59.197+0000] {dag.py:3834} INFO - Setting next_dagrun for example_external_task_marker_child to None, run_after=None
[2024-04-04T16:46:59.207+0000] {logging_mixin.py:188} INFO - [2024-04-04T16:46:59.206+0000] {dag.py:3834} INFO - Setting next_dagrun for example_external_task_marker_parent to None, run_after=None
[2024-04-04T16:46:59.246+0000] {processor.py:183} INFO - Processing /home/airflow/.local/lib/python3.8/site-packages/airflow/example_dags/example_external_task_marker_dag.py took 0.148 seconds
[2024-04-04T16:47:29.770+0000] {processor.py:161} INFO - Started process (PID=55153) to work on /home/airflow/.local/lib/python3.8/site-packages/airflow/example_dags/example_external_task_marker_dag.py
[2024-04-04T16:47:29.772+0000] {processor.py:830} INFO - Processing file /home/airflow/.local/lib/python3.8/site-packages/airflow/example_dags/example_external_task_marker_dag.py for tasks to queue
[2024-04-04T16:47:29.775+0000] {logging_mixin.py:188} INFO - [2024-04-04T16:47:29.775+0000] {dagbag.py:540} INFO - Filling up the DagBag from /home/airflow/.local/lib/python3.8/site-packages/airflow/example_dags/example_external_task_marker_dag.py
[2024-04-04T16:47:29.785+0000] {processor.py:840} INFO - DAG(s) 'example_external_task_marker_parent', 'example_external_task_marker_child' retrieved from /home/airflow/.local/lib/python3.8/site-packages/airflow/example_dags/example_external_task_marker_dag.py
[2024-04-04T16:47:29.817+0000] {logging_mixin.py:188} INFO - [2024-04-04T16:47:29.816+0000] {dag.py:3047} INFO - Sync 2 DAGs
[2024-04-04T16:47:29.834+0000] {logging_mixin.py:188} INFO - [2024-04-04T16:47:29.833+0000] {dag.py:3834} INFO - Setting next_dagrun for example_external_task_marker_child to None, run_after=None
[2024-04-04T16:47:29.839+0000] {logging_mixin.py:188} INFO - [2024-04-04T16:47:29.839+0000] {dag.py:3834} INFO - Setting next_dagrun for example_external_task_marker_parent to None, run_after=None
[2024-04-04T16:47:29.867+0000] {processor.py:183} INFO - Processing /home/airflow/.local/lib/python3.8/site-packages/airflow/example_dags/example_external_task_marker_dag.py took 0.102 seconds
[2024-04-04T16:47:59.905+0000] {processor.py:161} INFO - Started process (PID=55207) to work on /home/airflow/.local/lib/python3.8/site-packages/airflow/example_dags/example_external_task_marker_dag.py
[2024-04-04T16:47:59.907+0000] {processor.py:830} INFO - Processing file /home/airflow/.local/lib/python3.8/site-packages/airflow/example_dags/example_external_task_marker_dag.py for tasks to queue
[2024-04-04T16:47:59.909+0000] {logging_mixin.py:188} INFO - [2024-04-04T16:47:59.909+0000] {dagbag.py:540} INFO - Filling up the DagBag from /home/airflow/.local/lib/python3.8/site-packages/airflow/example_dags/example_external_task_marker_dag.py
[2024-04-04T16:47:59.917+0000] {processor.py:840} INFO - DAG(s) 'example_external_task_marker_child', 'example_external_task_marker_parent' retrieved from /home/airflow/.local/lib/python3.8/site-packages/airflow/example_dags/example_external_task_marker_dag.py
[2024-04-04T16:47:59.949+0000] {logging_mixin.py:188} INFO - [2024-04-04T16:47:59.948+0000] {dag.py:3047} INFO - Sync 2 DAGs
[2024-04-04T16:47:59.964+0000] {logging_mixin.py:188} INFO - [2024-04-04T16:47:59.964+0000] {dag.py:3834} INFO - Setting next_dagrun for example_external_task_marker_child to None, run_after=None
[2024-04-04T16:47:59.969+0000] {logging_mixin.py:188} INFO - [2024-04-04T16:47:59.968+0000] {dag.py:3834} INFO - Setting next_dagrun for example_external_task_marker_parent to None, run_after=None
[2024-04-04T16:47:59.988+0000] {processor.py:183} INFO - Processing /home/airflow/.local/lib/python3.8/site-packages/airflow/example_dags/example_external_task_marker_dag.py took 0.088 seconds
