[2024-04-04T16:35:51.354+0000] {processor.py:161} INFO - Started process (PID=55006) to work on /home/airflow/.local/lib/python3.8/site-packages/airflow/example_dags/example_bash_operator.py
[2024-04-04T16:35:51.356+0000] {processor.py:830} INFO - Processing file /home/airflow/.local/lib/python3.8/site-packages/airflow/example_dags/example_bash_operator.py for tasks to queue
[2024-04-04T16:35:51.358+0000] {logging_mixin.py:188} INFO - [2024-04-04T16:35:51.358+0000] {dagbag.py:540} INFO - Filling up the DagBag from /home/airflow/.local/lib/python3.8/site-packages/airflow/example_dags/example_bash_operator.py
[2024-04-04T16:35:51.367+0000] {processor.py:840} INFO - DAG(s) 'example_bash_operator' retrieved from /home/airflow/.local/lib/python3.8/site-packages/airflow/example_dags/example_bash_operator.py
[2024-04-04T16:35:51.388+0000] {logging_mixin.py:188} INFO - [2024-04-04T16:35:51.387+0000] {dag.py:3047} INFO - Sync 1 DAGs
[2024-04-04T16:35:51.404+0000] {logging_mixin.py:188} INFO - [2024-04-04T16:35:51.404+0000] {dag.py:3834} INFO - Setting next_dagrun for example_bash_operator to 2024-04-03 00:00:00+00:00, run_after=2024-04-04 00:00:00+00:00
[2024-04-04T16:35:51.419+0000] {processor.py:183} INFO - Processing /home/airflow/.local/lib/python3.8/site-packages/airflow/example_dags/example_bash_operator.py took 0.067 seconds
[2024-04-04T16:46:29.365+0000] {processor.py:161} INFO - Started process (PID=55055) to work on /home/airflow/.local/lib/python3.8/site-packages/airflow/example_dags/example_bash_operator.py
[2024-04-04T16:46:29.367+0000] {processor.py:830} INFO - Processing file /home/airflow/.local/lib/python3.8/site-packages/airflow/example_dags/example_bash_operator.py for tasks to queue
[2024-04-04T16:46:29.371+0000] {logging_mixin.py:188} INFO - [2024-04-04T16:46:29.370+0000] {dagbag.py:540} INFO - Filling up the DagBag from /home/airflow/.local/lib/python3.8/site-packages/airflow/example_dags/example_bash_operator.py
[2024-04-04T16:46:29.395+0000] {processor.py:840} INFO - DAG(s) 'example_bash_operator' retrieved from /home/airflow/.local/lib/python3.8/site-packages/airflow/example_dags/example_bash_operator.py
[2024-04-04T16:46:29.440+0000] {logging_mixin.py:188} INFO - [2024-04-04T16:46:29.439+0000] {dag.py:3047} INFO - Sync 1 DAGs
[2024-04-04T16:46:29.481+0000] {logging_mixin.py:188} INFO - [2024-04-04T16:46:29.481+0000] {dag.py:3834} INFO - Setting next_dagrun for example_bash_operator to 2024-04-03 00:00:00+00:00, run_after=2024-04-04 00:00:00+00:00
[2024-04-04T16:46:29.516+0000] {processor.py:183} INFO - Processing /home/airflow/.local/lib/python3.8/site-packages/airflow/example_dags/example_bash_operator.py took 0.155 seconds
[2024-04-04T16:47:00.345+0000] {processor.py:161} INFO - Started process (PID=55110) to work on /home/airflow/.local/lib/python3.8/site-packages/airflow/example_dags/example_bash_operator.py
[2024-04-04T16:47:00.347+0000] {processor.py:830} INFO - Processing file /home/airflow/.local/lib/python3.8/site-packages/airflow/example_dags/example_bash_operator.py for tasks to queue
[2024-04-04T16:47:00.351+0000] {logging_mixin.py:188} INFO - [2024-04-04T16:47:00.350+0000] {dagbag.py:540} INFO - Filling up the DagBag from /home/airflow/.local/lib/python3.8/site-packages/airflow/example_dags/example_bash_operator.py
[2024-04-04T16:47:00.371+0000] {processor.py:840} INFO - DAG(s) 'example_bash_operator' retrieved from /home/airflow/.local/lib/python3.8/site-packages/airflow/example_dags/example_bash_operator.py
[2024-04-04T16:47:00.422+0000] {logging_mixin.py:188} INFO - [2024-04-04T16:47:00.421+0000] {dag.py:3047} INFO - Sync 1 DAGs
[2024-04-04T16:47:00.459+0000] {logging_mixin.py:188} INFO - [2024-04-04T16:47:00.458+0000] {dag.py:3834} INFO - Setting next_dagrun for example_bash_operator to 2024-04-03 00:00:00+00:00, run_after=2024-04-04 00:00:00+00:00
[2024-04-04T16:47:00.498+0000] {processor.py:183} INFO - Processing /home/airflow/.local/lib/python3.8/site-packages/airflow/example_dags/example_bash_operator.py took 0.159 seconds
[2024-04-04T16:47:30.832+0000] {processor.py:161} INFO - Started process (PID=55165) to work on /home/airflow/.local/lib/python3.8/site-packages/airflow/example_dags/example_bash_operator.py
[2024-04-04T16:47:30.834+0000] {processor.py:830} INFO - Processing file /home/airflow/.local/lib/python3.8/site-packages/airflow/example_dags/example_bash_operator.py for tasks to queue
[2024-04-04T16:47:30.836+0000] {logging_mixin.py:188} INFO - [2024-04-04T16:47:30.836+0000] {dagbag.py:540} INFO - Filling up the DagBag from /home/airflow/.local/lib/python3.8/site-packages/airflow/example_dags/example_bash_operator.py
[2024-04-04T16:47:30.853+0000] {processor.py:840} INFO - DAG(s) 'example_bash_operator' retrieved from /home/airflow/.local/lib/python3.8/site-packages/airflow/example_dags/example_bash_operator.py
[2024-04-04T16:47:30.888+0000] {logging_mixin.py:188} INFO - [2024-04-04T16:47:30.887+0000] {dag.py:3047} INFO - Sync 1 DAGs
[2024-04-04T16:47:30.915+0000] {logging_mixin.py:188} INFO - [2024-04-04T16:47:30.914+0000] {dag.py:3834} INFO - Setting next_dagrun for example_bash_operator to 2024-04-03 00:00:00+00:00, run_after=2024-04-04 00:00:00+00:00
[2024-04-04T16:47:30.945+0000] {processor.py:183} INFO - Processing /home/airflow/.local/lib/python3.8/site-packages/airflow/example_dags/example_bash_operator.py took 0.119 seconds
[2024-04-04T16:48:01.129+0000] {processor.py:161} INFO - Started process (PID=55220) to work on /home/airflow/.local/lib/python3.8/site-packages/airflow/example_dags/example_bash_operator.py
[2024-04-04T16:48:01.131+0000] {processor.py:830} INFO - Processing file /home/airflow/.local/lib/python3.8/site-packages/airflow/example_dags/example_bash_operator.py for tasks to queue
[2024-04-04T16:48:01.133+0000] {logging_mixin.py:188} INFO - [2024-04-04T16:48:01.133+0000] {dagbag.py:540} INFO - Filling up the DagBag from /home/airflow/.local/lib/python3.8/site-packages/airflow/example_dags/example_bash_operator.py
[2024-04-04T16:48:01.150+0000] {processor.py:840} INFO - DAG(s) 'example_bash_operator' retrieved from /home/airflow/.local/lib/python3.8/site-packages/airflow/example_dags/example_bash_operator.py
[2024-04-04T16:48:01.190+0000] {logging_mixin.py:188} INFO - [2024-04-04T16:48:01.188+0000] {dag.py:3047} INFO - Sync 1 DAGs
[2024-04-04T16:48:01.223+0000] {logging_mixin.py:188} INFO - [2024-04-04T16:48:01.223+0000] {dag.py:3834} INFO - Setting next_dagrun for example_bash_operator to 2024-04-03 00:00:00+00:00, run_after=2024-04-04 00:00:00+00:00
[2024-04-04T16:48:01.248+0000] {processor.py:183} INFO - Processing /home/airflow/.local/lib/python3.8/site-packages/airflow/example_dags/example_bash_operator.py took 0.123 seconds
