[2024-04-04T16:35:48.301+0000] {processor.py:161} INFO - Started process (PID=54970) to work on /home/airflow/.local/lib/python3.8/site-packages/airflow/example_dags/example_dag_decorator.py
[2024-04-04T16:35:48.302+0000] {processor.py:830} INFO - Processing file /home/airflow/.local/lib/python3.8/site-packages/airflow/example_dags/example_dag_decorator.py for tasks to queue
[2024-04-04T16:35:48.304+0000] {logging_mixin.py:188} INFO - [2024-04-04T16:35:48.304+0000] {dagbag.py:540} INFO - Filling up the DagBag from /home/airflow/.local/lib/python3.8/site-packages/airflow/example_dags/example_dag_decorator.py
[2024-04-04T16:35:48.397+0000] {processor.py:840} INFO - DAG(s) 'example_dag_decorator' retrieved from /home/airflow/.local/lib/python3.8/site-packages/airflow/example_dags/example_dag_decorator.py
[2024-04-04T16:35:48.537+0000] {logging_mixin.py:188} INFO - [2024-04-04T16:35:48.537+0000] {dag.py:3047} INFO - Sync 1 DAGs
[2024-04-04T16:35:48.551+0000] {logging_mixin.py:188} INFO - [2024-04-04T16:35:48.551+0000] {dag.py:3834} INFO - Setting next_dagrun for example_dag_decorator to None, run_after=None
[2024-04-04T16:35:48.849+0000] {processor.py:183} INFO - Processing /home/airflow/.local/lib/python3.8/site-packages/airflow/example_dags/example_dag_decorator.py took 0.552 seconds
[2024-04-04T16:46:25.298+0000] {processor.py:161} INFO - Started process (PID=55019) to work on /home/airflow/.local/lib/python3.8/site-packages/airflow/example_dags/example_dag_decorator.py
[2024-04-04T16:46:25.299+0000] {processor.py:830} INFO - Processing file /home/airflow/.local/lib/python3.8/site-packages/airflow/example_dags/example_dag_decorator.py for tasks to queue
[2024-04-04T16:46:25.305+0000] {logging_mixin.py:188} INFO - [2024-04-04T16:46:25.302+0000] {dagbag.py:540} INFO - Filling up the DagBag from /home/airflow/.local/lib/python3.8/site-packages/airflow/example_dags/example_dag_decorator.py
[2024-04-04T16:46:25.496+0000] {processor.py:840} INFO - DAG(s) 'example_dag_decorator' retrieved from /home/airflow/.local/lib/python3.8/site-packages/airflow/example_dags/example_dag_decorator.py
[2024-04-04T16:46:26.072+0000] {logging_mixin.py:188} INFO - [2024-04-04T16:46:26.071+0000] {dag.py:3047} INFO - Sync 1 DAGs
[2024-04-04T16:46:26.088+0000] {logging_mixin.py:188} INFO - [2024-04-04T16:46:26.087+0000] {dag.py:3834} INFO - Setting next_dagrun for example_dag_decorator to None, run_after=None
[2024-04-04T16:46:26.128+0000] {processor.py:183} INFO - Processing /home/airflow/.local/lib/python3.8/site-packages/airflow/example_dags/example_dag_decorator.py took 0.836 seconds
[2024-04-04T16:46:56.609+0000] {processor.py:161} INFO - Started process (PID=55075) to work on /home/airflow/.local/lib/python3.8/site-packages/airflow/example_dags/example_dag_decorator.py
[2024-04-04T16:46:56.611+0000] {processor.py:830} INFO - Processing file /home/airflow/.local/lib/python3.8/site-packages/airflow/example_dags/example_dag_decorator.py for tasks to queue
[2024-04-04T16:46:56.613+0000] {logging_mixin.py:188} INFO - [2024-04-04T16:46:56.613+0000] {dagbag.py:540} INFO - Filling up the DagBag from /home/airflow/.local/lib/python3.8/site-packages/airflow/example_dags/example_dag_decorator.py
[2024-04-04T16:46:56.702+0000] {processor.py:840} INFO - DAG(s) 'example_dag_decorator' retrieved from /home/airflow/.local/lib/python3.8/site-packages/airflow/example_dags/example_dag_decorator.py
[2024-04-04T16:46:56.999+0000] {logging_mixin.py:188} INFO - [2024-04-04T16:46:56.998+0000] {dag.py:3047} INFO - Sync 1 DAGs
[2024-04-04T16:46:57.011+0000] {logging_mixin.py:188} INFO - [2024-04-04T16:46:57.011+0000] {dag.py:3834} INFO - Setting next_dagrun for example_dag_decorator to None, run_after=None
[2024-04-04T16:46:57.039+0000] {processor.py:183} INFO - Processing /home/airflow/.local/lib/python3.8/site-packages/airflow/example_dags/example_dag_decorator.py took 0.432 seconds
[2024-04-04T16:47:27.534+0000] {processor.py:161} INFO - Started process (PID=55130) to work on /home/airflow/.local/lib/python3.8/site-packages/airflow/example_dags/example_dag_decorator.py
[2024-04-04T16:47:27.536+0000] {processor.py:830} INFO - Processing file /home/airflow/.local/lib/python3.8/site-packages/airflow/example_dags/example_dag_decorator.py for tasks to queue
[2024-04-04T16:47:27.538+0000] {logging_mixin.py:188} INFO - [2024-04-04T16:47:27.538+0000] {dagbag.py:540} INFO - Filling up the DagBag from /home/airflow/.local/lib/python3.8/site-packages/airflow/example_dags/example_dag_decorator.py
[2024-04-04T16:47:27.625+0000] {processor.py:840} INFO - DAG(s) 'example_dag_decorator' retrieved from /home/airflow/.local/lib/python3.8/site-packages/airflow/example_dags/example_dag_decorator.py
[2024-04-04T16:47:27.918+0000] {logging_mixin.py:188} INFO - [2024-04-04T16:47:27.917+0000] {dag.py:3047} INFO - Sync 1 DAGs
[2024-04-04T16:47:27.939+0000] {logging_mixin.py:188} INFO - [2024-04-04T16:47:27.938+0000] {dag.py:3834} INFO - Setting next_dagrun for example_dag_decorator to None, run_after=None
[2024-04-04T16:47:27.973+0000] {processor.py:183} INFO - Processing /home/airflow/.local/lib/python3.8/site-packages/airflow/example_dags/example_dag_decorator.py took 0.443 seconds
[2024-04-04T16:47:58.055+0000] {processor.py:161} INFO - Started process (PID=55185) to work on /home/airflow/.local/lib/python3.8/site-packages/airflow/example_dags/example_dag_decorator.py
[2024-04-04T16:47:58.056+0000] {processor.py:830} INFO - Processing file /home/airflow/.local/lib/python3.8/site-packages/airflow/example_dags/example_dag_decorator.py for tasks to queue
[2024-04-04T16:47:58.059+0000] {logging_mixin.py:188} INFO - [2024-04-04T16:47:58.059+0000] {dagbag.py:540} INFO - Filling up the DagBag from /home/airflow/.local/lib/python3.8/site-packages/airflow/example_dags/example_dag_decorator.py
[2024-04-04T16:47:58.164+0000] {processor.py:840} INFO - DAG(s) 'example_dag_decorator' retrieved from /home/airflow/.local/lib/python3.8/site-packages/airflow/example_dags/example_dag_decorator.py
[2024-04-04T16:47:58.536+0000] {logging_mixin.py:188} INFO - [2024-04-04T16:47:58.535+0000] {dag.py:3047} INFO - Sync 1 DAGs
[2024-04-04T16:47:58.549+0000] {logging_mixin.py:188} INFO - [2024-04-04T16:47:58.549+0000] {dag.py:3834} INFO - Setting next_dagrun for example_dag_decorator to None, run_after=None
[2024-04-04T16:47:58.576+0000] {processor.py:183} INFO - Processing /home/airflow/.local/lib/python3.8/site-packages/airflow/example_dags/example_dag_decorator.py took 0.524 seconds
