[2024-04-04T16:35:50.382+0000] {processor.py:161} INFO - Started process (PID=54993) to work on /home/airflow/.local/lib/python3.8/site-packages/airflow/example_dags/example_branch_operator.py
[2024-04-04T16:35:50.384+0000] {processor.py:830} INFO - Processing file /home/airflow/.local/lib/python3.8/site-packages/airflow/example_dags/example_branch_operator.py for tasks to queue
[2024-04-04T16:35:50.386+0000] {logging_mixin.py:188} INFO - [2024-04-04T16:35:50.386+0000] {dagbag.py:540} INFO - Filling up the DagBag from /home/airflow/.local/lib/python3.8/site-packages/airflow/example_dags/example_branch_operator.py
[2024-04-04T16:35:50.404+0000] {processor.py:840} INFO - DAG(s) 'example_branch_operator' retrieved from /home/airflow/.local/lib/python3.8/site-packages/airflow/example_dags/example_branch_operator.py
[2024-04-04T16:35:50.433+0000] {logging_mixin.py:188} INFO - [2024-04-04T16:35:50.432+0000] {dag.py:3047} INFO - Sync 1 DAGs
[2024-04-04T16:35:50.459+0000] {logging_mixin.py:188} INFO - [2024-04-04T16:35:50.459+0000] {dag.py:3834} INFO - Setting next_dagrun for example_branch_operator to 2024-04-03 00:00:00+00:00, run_after=2024-04-04 00:00:00+00:00
[2024-04-04T16:35:50.487+0000] {processor.py:183} INFO - Processing /home/airflow/.local/lib/python3.8/site-packages/airflow/example_dags/example_branch_operator.py took 0.109 seconds
[2024-04-04T16:46:28.271+0000] {processor.py:161} INFO - Started process (PID=55042) to work on /home/airflow/.local/lib/python3.8/site-packages/airflow/example_dags/example_branch_operator.py
[2024-04-04T16:46:28.273+0000] {processor.py:830} INFO - Processing file /home/airflow/.local/lib/python3.8/site-packages/airflow/example_dags/example_branch_operator.py for tasks to queue
[2024-04-04T16:46:28.276+0000] {logging_mixin.py:188} INFO - [2024-04-04T16:46:28.276+0000] {dagbag.py:540} INFO - Filling up the DagBag from /home/airflow/.local/lib/python3.8/site-packages/airflow/example_dags/example_branch_operator.py
[2024-04-04T16:46:28.297+0000] {processor.py:840} INFO - DAG(s) 'example_branch_operator' retrieved from /home/airflow/.local/lib/python3.8/site-packages/airflow/example_dags/example_branch_operator.py
[2024-04-04T16:46:28.334+0000] {logging_mixin.py:188} INFO - [2024-04-04T16:46:28.333+0000] {dag.py:3047} INFO - Sync 1 DAGs
[2024-04-04T16:46:28.370+0000] {logging_mixin.py:188} INFO - [2024-04-04T16:46:28.370+0000] {dag.py:3834} INFO - Setting next_dagrun for example_branch_operator to 2024-04-03 00:00:00+00:00, run_after=2024-04-04 00:00:00+00:00
[2024-04-04T16:46:28.403+0000] {processor.py:183} INFO - Processing /home/airflow/.local/lib/python3.8/site-packages/airflow/example_dags/example_branch_operator.py took 0.136 seconds
[2024-04-04T16:46:58.915+0000] {processor.py:161} INFO - Started process (PID=55097) to work on /home/airflow/.local/lib/python3.8/site-packages/airflow/example_dags/example_branch_operator.py
[2024-04-04T16:46:58.917+0000] {processor.py:830} INFO - Processing file /home/airflow/.local/lib/python3.8/site-packages/airflow/example_dags/example_branch_operator.py for tasks to queue
[2024-04-04T16:46:58.920+0000] {logging_mixin.py:188} INFO - [2024-04-04T16:46:58.920+0000] {dagbag.py:540} INFO - Filling up the DagBag from /home/airflow/.local/lib/python3.8/site-packages/airflow/example_dags/example_branch_operator.py
[2024-04-04T16:46:58.957+0000] {processor.py:840} INFO - DAG(s) 'example_branch_operator' retrieved from /home/airflow/.local/lib/python3.8/site-packages/airflow/example_dags/example_branch_operator.py
[2024-04-04T16:46:59.006+0000] {logging_mixin.py:188} INFO - [2024-04-04T16:46:59.005+0000] {dag.py:3047} INFO - Sync 1 DAGs
[2024-04-04T16:46:59.047+0000] {logging_mixin.py:188} INFO - [2024-04-04T16:46:59.047+0000] {dag.py:3834} INFO - Setting next_dagrun for example_branch_operator to 2024-04-03 00:00:00+00:00, run_after=2024-04-04 00:00:00+00:00
[2024-04-04T16:46:59.092+0000] {processor.py:183} INFO - Processing /home/airflow/.local/lib/python3.8/site-packages/airflow/example_dags/example_branch_operator.py took 0.182 seconds
[2024-04-04T16:47:29.742+0000] {processor.py:161} INFO - Started process (PID=55152) to work on /home/airflow/.local/lib/python3.8/site-packages/airflow/example_dags/example_branch_operator.py
[2024-04-04T16:47:29.743+0000] {processor.py:830} INFO - Processing file /home/airflow/.local/lib/python3.8/site-packages/airflow/example_dags/example_branch_operator.py for tasks to queue
[2024-04-04T16:47:29.746+0000] {logging_mixin.py:188} INFO - [2024-04-04T16:47:29.746+0000] {dagbag.py:540} INFO - Filling up the DagBag from /home/airflow/.local/lib/python3.8/site-packages/airflow/example_dags/example_branch_operator.py
[2024-04-04T16:47:29.772+0000] {processor.py:840} INFO - DAG(s) 'example_branch_operator' retrieved from /home/airflow/.local/lib/python3.8/site-packages/airflow/example_dags/example_branch_operator.py
[2024-04-04T16:47:29.810+0000] {logging_mixin.py:188} INFO - [2024-04-04T16:47:29.809+0000] {dag.py:3047} INFO - Sync 1 DAGs
[2024-04-04T16:47:29.846+0000] {logging_mixin.py:188} INFO - [2024-04-04T16:47:29.846+0000] {dag.py:3834} INFO - Setting next_dagrun for example_branch_operator to 2024-04-03 00:00:00+00:00, run_after=2024-04-04 00:00:00+00:00
[2024-04-04T16:47:29.875+0000] {processor.py:183} INFO - Processing /home/airflow/.local/lib/python3.8/site-packages/airflow/example_dags/example_branch_operator.py took 0.138 seconds
[2024-04-04T16:48:00.061+0000] {processor.py:161} INFO - Started process (PID=55208) to work on /home/airflow/.local/lib/python3.8/site-packages/airflow/example_dags/example_branch_operator.py
[2024-04-04T16:48:00.062+0000] {processor.py:830} INFO - Processing file /home/airflow/.local/lib/python3.8/site-packages/airflow/example_dags/example_branch_operator.py for tasks to queue
[2024-04-04T16:48:00.065+0000] {logging_mixin.py:188} INFO - [2024-04-04T16:48:00.064+0000] {dagbag.py:540} INFO - Filling up the DagBag from /home/airflow/.local/lib/python3.8/site-packages/airflow/example_dags/example_branch_operator.py
[2024-04-04T16:48:00.083+0000] {processor.py:840} INFO - DAG(s) 'example_branch_operator' retrieved from /home/airflow/.local/lib/python3.8/site-packages/airflow/example_dags/example_branch_operator.py
[2024-04-04T16:48:00.113+0000] {logging_mixin.py:188} INFO - [2024-04-04T16:48:00.112+0000] {dag.py:3047} INFO - Sync 1 DAGs
[2024-04-04T16:48:00.137+0000] {logging_mixin.py:188} INFO - [2024-04-04T16:48:00.136+0000] {dag.py:3834} INFO - Setting next_dagrun for example_branch_operator to 2024-04-03 00:00:00+00:00, run_after=2024-04-04 00:00:00+00:00
[2024-04-04T16:48:00.185+0000] {processor.py:183} INFO - Processing /home/airflow/.local/lib/python3.8/site-packages/airflow/example_dags/example_branch_operator.py took 0.127 seconds
