[2024-04-04T16:35:49.062+0000] {processor.py:161} INFO - Started process (PID=54978) to work on /home/airflow/.local/lib/python3.8/site-packages/airflow/example_dags/example_branch_labels.py
[2024-04-04T16:35:49.064+0000] {processor.py:830} INFO - Processing file /home/airflow/.local/lib/python3.8/site-packages/airflow/example_dags/example_branch_labels.py for tasks to queue
[2024-04-04T16:35:49.066+0000] {logging_mixin.py:188} INFO - [2024-04-04T16:35:49.066+0000] {dagbag.py:540} INFO - Filling up the DagBag from /home/airflow/.local/lib/python3.8/site-packages/airflow/example_dags/example_branch_labels.py
[2024-04-04T16:35:49.076+0000] {processor.py:840} INFO - DAG(s) 'example_branch_labels' retrieved from /home/airflow/.local/lib/python3.8/site-packages/airflow/example_dags/example_branch_labels.py
[2024-04-04T16:35:49.102+0000] {logging_mixin.py:188} INFO - [2024-04-04T16:35:49.102+0000] {dag.py:3047} INFO - Sync 1 DAGs
[2024-04-04T16:35:49.143+0000] {logging_mixin.py:188} INFO - [2024-04-04T16:35:49.142+0000] {dag.py:3834} INFO - Setting next_dagrun for example_branch_labels to 2024-04-03 00:00:00+00:00, run_after=2024-04-04 00:00:00+00:00
[2024-04-04T16:35:49.171+0000] {processor.py:183} INFO - Processing /home/airflow/.local/lib/python3.8/site-packages/airflow/example_dags/example_branch_labels.py took 0.113 seconds
[2024-04-04T16:46:26.612+0000] {processor.py:161} INFO - Started process (PID=55027) to work on /home/airflow/.local/lib/python3.8/site-packages/airflow/example_dags/example_branch_labels.py
[2024-04-04T16:46:26.614+0000] {processor.py:830} INFO - Processing file /home/airflow/.local/lib/python3.8/site-packages/airflow/example_dags/example_branch_labels.py for tasks to queue
[2024-04-04T16:46:26.617+0000] {logging_mixin.py:188} INFO - [2024-04-04T16:46:26.617+0000] {dagbag.py:540} INFO - Filling up the DagBag from /home/airflow/.local/lib/python3.8/site-packages/airflow/example_dags/example_branch_labels.py
[2024-04-04T16:46:26.631+0000] {processor.py:840} INFO - DAG(s) 'example_branch_labels' retrieved from /home/airflow/.local/lib/python3.8/site-packages/airflow/example_dags/example_branch_labels.py
[2024-04-04T16:46:26.670+0000] {logging_mixin.py:188} INFO - [2024-04-04T16:46:26.669+0000] {dag.py:3047} INFO - Sync 1 DAGs
[2024-04-04T16:46:26.720+0000] {logging_mixin.py:188} INFO - [2024-04-04T16:46:26.719+0000] {dag.py:3834} INFO - Setting next_dagrun for example_branch_labels to 2024-04-03 00:00:00+00:00, run_after=2024-04-04 00:00:00+00:00
[2024-04-04T16:46:26.760+0000] {processor.py:183} INFO - Processing /home/airflow/.local/lib/python3.8/site-packages/airflow/example_dags/example_branch_labels.py took 0.153 seconds
[2024-04-04T16:46:57.217+0000] {processor.py:161} INFO - Started process (PID=55082) to work on /home/airflow/.local/lib/python3.8/site-packages/airflow/example_dags/example_branch_labels.py
[2024-04-04T16:46:57.218+0000] {processor.py:830} INFO - Processing file /home/airflow/.local/lib/python3.8/site-packages/airflow/example_dags/example_branch_labels.py for tasks to queue
[2024-04-04T16:46:57.221+0000] {logging_mixin.py:188} INFO - [2024-04-04T16:46:57.220+0000] {dagbag.py:540} INFO - Filling up the DagBag from /home/airflow/.local/lib/python3.8/site-packages/airflow/example_dags/example_branch_labels.py
[2024-04-04T16:46:57.232+0000] {processor.py:840} INFO - DAG(s) 'example_branch_labels' retrieved from /home/airflow/.local/lib/python3.8/site-packages/airflow/example_dags/example_branch_labels.py
[2024-04-04T16:46:57.262+0000] {logging_mixin.py:188} INFO - [2024-04-04T16:46:57.261+0000] {dag.py:3047} INFO - Sync 1 DAGs
[2024-04-04T16:46:57.290+0000] {logging_mixin.py:188} INFO - [2024-04-04T16:46:57.290+0000] {dag.py:3834} INFO - Setting next_dagrun for example_branch_labels to 2024-04-03 00:00:00+00:00, run_after=2024-04-04 00:00:00+00:00
[2024-04-04T16:46:57.318+0000] {processor.py:183} INFO - Processing /home/airflow/.local/lib/python3.8/site-packages/airflow/example_dags/example_branch_labels.py took 0.105 seconds
[2024-04-04T16:47:28.300+0000] {processor.py:161} INFO - Started process (PID=55137) to work on /home/airflow/.local/lib/python3.8/site-packages/airflow/example_dags/example_branch_labels.py
[2024-04-04T16:47:28.302+0000] {processor.py:830} INFO - Processing file /home/airflow/.local/lib/python3.8/site-packages/airflow/example_dags/example_branch_labels.py for tasks to queue
[2024-04-04T16:47:28.305+0000] {logging_mixin.py:188} INFO - [2024-04-04T16:47:28.305+0000] {dagbag.py:540} INFO - Filling up the DagBag from /home/airflow/.local/lib/python3.8/site-packages/airflow/example_dags/example_branch_labels.py
[2024-04-04T16:47:28.316+0000] {processor.py:840} INFO - DAG(s) 'example_branch_labels' retrieved from /home/airflow/.local/lib/python3.8/site-packages/airflow/example_dags/example_branch_labels.py
[2024-04-04T16:47:28.347+0000] {logging_mixin.py:188} INFO - [2024-04-04T16:47:28.346+0000] {dag.py:3047} INFO - Sync 1 DAGs
[2024-04-04T16:47:28.377+0000] {logging_mixin.py:188} INFO - [2024-04-04T16:47:28.377+0000] {dag.py:3834} INFO - Setting next_dagrun for example_branch_labels to 2024-04-03 00:00:00+00:00, run_after=2024-04-04 00:00:00+00:00
[2024-04-04T16:47:28.408+0000] {processor.py:183} INFO - Processing /home/airflow/.local/lib/python3.8/site-packages/airflow/example_dags/example_branch_labels.py took 0.114 seconds
[2024-04-04T16:47:58.753+0000] {processor.py:161} INFO - Started process (PID=55192) to work on /home/airflow/.local/lib/python3.8/site-packages/airflow/example_dags/example_branch_labels.py
[2024-04-04T16:47:58.754+0000] {processor.py:830} INFO - Processing file /home/airflow/.local/lib/python3.8/site-packages/airflow/example_dags/example_branch_labels.py for tasks to queue
[2024-04-04T16:47:58.757+0000] {logging_mixin.py:188} INFO - [2024-04-04T16:47:58.756+0000] {dagbag.py:540} INFO - Filling up the DagBag from /home/airflow/.local/lib/python3.8/site-packages/airflow/example_dags/example_branch_labels.py
[2024-04-04T16:47:58.767+0000] {processor.py:840} INFO - DAG(s) 'example_branch_labels' retrieved from /home/airflow/.local/lib/python3.8/site-packages/airflow/example_dags/example_branch_labels.py
[2024-04-04T16:47:58.792+0000] {logging_mixin.py:188} INFO - [2024-04-04T16:47:58.791+0000] {dag.py:3047} INFO - Sync 1 DAGs
[2024-04-04T16:47:58.824+0000] {logging_mixin.py:188} INFO - [2024-04-04T16:47:58.823+0000] {dag.py:3834} INFO - Setting next_dagrun for example_branch_labels to 2024-04-03 00:00:00+00:00, run_after=2024-04-04 00:00:00+00:00
[2024-04-04T16:47:58.844+0000] {processor.py:183} INFO - Processing /home/airflow/.local/lib/python3.8/site-packages/airflow/example_dags/example_branch_labels.py took 0.095 seconds
