[2024-04-04T16:35:48.214+0000] {processor.py:161} INFO - Started process (PID=54969) to work on /home/airflow/.local/lib/python3.8/site-packages/airflow/example_dags/example_sensor_decorator.py
[2024-04-04T16:35:48.215+0000] {processor.py:830} INFO - Processing file /home/airflow/.local/lib/python3.8/site-packages/airflow/example_dags/example_sensor_decorator.py for tasks to queue
[2024-04-04T16:35:48.218+0000] {logging_mixin.py:188} INFO - [2024-04-04T16:35:48.217+0000] {dagbag.py:540} INFO - Filling up the DagBag from /home/airflow/.local/lib/python3.8/site-packages/airflow/example_dags/example_sensor_decorator.py
[2024-04-04T16:35:48.225+0000] {processor.py:840} INFO - DAG(s) 'example_sensor_decorator' retrieved from /home/airflow/.local/lib/python3.8/site-packages/airflow/example_dags/example_sensor_decorator.py
[2024-04-04T16:35:48.252+0000] {logging_mixin.py:188} INFO - [2024-04-04T16:35:48.251+0000] {dag.py:3047} INFO - Sync 1 DAGs
[2024-04-04T16:35:48.274+0000] {logging_mixin.py:188} INFO - [2024-04-04T16:35:48.274+0000] {dag.py:3834} INFO - Setting next_dagrun for example_sensor_decorator to None, run_after=None
[2024-04-04T16:35:48.304+0000] {processor.py:183} INFO - Processing /home/airflow/.local/lib/python3.8/site-packages/airflow/example_dags/example_sensor_decorator.py took 0.094 seconds
[2024-04-04T16:46:25.106+0000] {processor.py:161} INFO - Started process (PID=55018) to work on /home/airflow/.local/lib/python3.8/site-packages/airflow/example_dags/example_sensor_decorator.py
[2024-04-04T16:46:25.111+0000] {processor.py:830} INFO - Processing file /home/airflow/.local/lib/python3.8/site-packages/airflow/example_dags/example_sensor_decorator.py for tasks to queue
[2024-04-04T16:46:25.119+0000] {logging_mixin.py:188} INFO - [2024-04-04T16:46:25.119+0000] {dagbag.py:540} INFO - Filling up the DagBag from /home/airflow/.local/lib/python3.8/site-packages/airflow/example_dags/example_sensor_decorator.py
[2024-04-04T16:46:25.138+0000] {processor.py:840} INFO - DAG(s) 'example_sensor_decorator' retrieved from /home/airflow/.local/lib/python3.8/site-packages/airflow/example_dags/example_sensor_decorator.py
[2024-04-04T16:46:25.182+0000] {logging_mixin.py:188} INFO - [2024-04-04T16:46:25.181+0000] {dag.py:3047} INFO - Sync 1 DAGs
[2024-04-04T16:46:25.223+0000] {logging_mixin.py:188} INFO - [2024-04-04T16:46:25.221+0000] {dag.py:3834} INFO - Setting next_dagrun for example_sensor_decorator to None, run_after=None
[2024-04-04T16:46:25.269+0000] {processor.py:183} INFO - Processing /home/airflow/.local/lib/python3.8/site-packages/airflow/example_dags/example_sensor_decorator.py took 0.168 seconds
[2024-04-04T16:46:55.474+0000] {processor.py:161} INFO - Started process (PID=55073) to work on /home/airflow/.local/lib/python3.8/site-packages/airflow/example_dags/example_sensor_decorator.py
[2024-04-04T16:46:55.476+0000] {processor.py:830} INFO - Processing file /home/airflow/.local/lib/python3.8/site-packages/airflow/example_dags/example_sensor_decorator.py for tasks to queue
[2024-04-04T16:46:55.479+0000] {logging_mixin.py:188} INFO - [2024-04-04T16:46:55.478+0000] {dagbag.py:540} INFO - Filling up the DagBag from /home/airflow/.local/lib/python3.8/site-packages/airflow/example_dags/example_sensor_decorator.py
[2024-04-04T16:46:55.487+0000] {processor.py:840} INFO - DAG(s) 'example_sensor_decorator' retrieved from /home/airflow/.local/lib/python3.8/site-packages/airflow/example_dags/example_sensor_decorator.py
[2024-04-04T16:46:55.511+0000] {logging_mixin.py:188} INFO - [2024-04-04T16:46:55.511+0000] {dag.py:3047} INFO - Sync 1 DAGs
[2024-04-04T16:46:55.527+0000] {logging_mixin.py:188} INFO - [2024-04-04T16:46:55.526+0000] {dag.py:3834} INFO - Setting next_dagrun for example_sensor_decorator to None, run_after=None
[2024-04-04T16:46:55.553+0000] {processor.py:183} INFO - Processing /home/airflow/.local/lib/python3.8/site-packages/airflow/example_dags/example_sensor_decorator.py took 0.082 seconds
[2024-04-04T16:47:26.422+0000] {processor.py:161} INFO - Started process (PID=55128) to work on /home/airflow/.local/lib/python3.8/site-packages/airflow/example_dags/example_sensor_decorator.py
[2024-04-04T16:47:26.424+0000] {processor.py:830} INFO - Processing file /home/airflow/.local/lib/python3.8/site-packages/airflow/example_dags/example_sensor_decorator.py for tasks to queue
[2024-04-04T16:47:26.426+0000] {logging_mixin.py:188} INFO - [2024-04-04T16:47:26.426+0000] {dagbag.py:540} INFO - Filling up the DagBag from /home/airflow/.local/lib/python3.8/site-packages/airflow/example_dags/example_sensor_decorator.py
[2024-04-04T16:47:26.432+0000] {processor.py:840} INFO - DAG(s) 'example_sensor_decorator' retrieved from /home/airflow/.local/lib/python3.8/site-packages/airflow/example_dags/example_sensor_decorator.py
[2024-04-04T16:47:26.452+0000] {logging_mixin.py:188} INFO - [2024-04-04T16:47:26.452+0000] {dag.py:3047} INFO - Sync 1 DAGs
[2024-04-04T16:47:26.464+0000] {logging_mixin.py:188} INFO - [2024-04-04T16:47:26.464+0000] {dag.py:3834} INFO - Setting next_dagrun for example_sensor_decorator to None, run_after=None
[2024-04-04T16:47:26.486+0000] {processor.py:183} INFO - Processing /home/airflow/.local/lib/python3.8/site-packages/airflow/example_dags/example_sensor_decorator.py took 0.067 seconds
[2024-04-04T16:47:56.853+0000] {processor.py:161} INFO - Started process (PID=55183) to work on /home/airflow/.local/lib/python3.8/site-packages/airflow/example_dags/example_sensor_decorator.py
[2024-04-04T16:47:56.854+0000] {processor.py:830} INFO - Processing file /home/airflow/.local/lib/python3.8/site-packages/airflow/example_dags/example_sensor_decorator.py for tasks to queue
[2024-04-04T16:47:56.857+0000] {logging_mixin.py:188} INFO - [2024-04-04T16:47:56.857+0000] {dagbag.py:540} INFO - Filling up the DagBag from /home/airflow/.local/lib/python3.8/site-packages/airflow/example_dags/example_sensor_decorator.py
[2024-04-04T16:47:56.864+0000] {processor.py:840} INFO - DAG(s) 'example_sensor_decorator' retrieved from /home/airflow/.local/lib/python3.8/site-packages/airflow/example_dags/example_sensor_decorator.py
[2024-04-04T16:47:56.886+0000] {logging_mixin.py:188} INFO - [2024-04-04T16:47:56.885+0000] {dag.py:3047} INFO - Sync 1 DAGs
[2024-04-04T16:47:56.900+0000] {logging_mixin.py:188} INFO - [2024-04-04T16:47:56.900+0000] {dag.py:3834} INFO - Setting next_dagrun for example_sensor_decorator to None, run_after=None
[2024-04-04T16:47:56.922+0000] {processor.py:183} INFO - Processing /home/airflow/.local/lib/python3.8/site-packages/airflow/example_dags/example_sensor_decorator.py took 0.073 seconds
