[2024-04-04T16:35:49.569+0000] {processor.py:161} INFO - Started process (PID=54984) to work on /home/airflow/.local/lib/python3.8/site-packages/airflow/example_dags/example_latest_only_with_trigger.py
[2024-04-04T16:35:49.571+0000] {processor.py:830} INFO - Processing file /home/airflow/.local/lib/python3.8/site-packages/airflow/example_dags/example_latest_only_with_trigger.py for tasks to queue
[2024-04-04T16:35:49.572+0000] {logging_mixin.py:188} INFO - [2024-04-04T16:35:49.572+0000] {dagbag.py:540} INFO - Filling up the DagBag from /home/airflow/.local/lib/python3.8/site-packages/airflow/example_dags/example_latest_only_with_trigger.py
[2024-04-04T16:35:49.579+0000] {processor.py:840} INFO - DAG(s) 'latest_only_with_trigger' retrieved from /home/airflow/.local/lib/python3.8/site-packages/airflow/example_dags/example_latest_only_with_trigger.py
[2024-04-04T16:35:49.602+0000] {logging_mixin.py:188} INFO - [2024-04-04T16:35:49.601+0000] {dag.py:3047} INFO - Sync 1 DAGs
[2024-04-04T16:35:49.626+0000] {logging_mixin.py:188} INFO - [2024-04-04T16:35:49.626+0000] {dag.py:3834} INFO - Setting next_dagrun for latest_only_with_trigger to 2024-04-04 12:00:00+00:00, run_after=2024-04-04 16:00:00+00:00
[2024-04-04T16:35:49.646+0000] {processor.py:183} INFO - Processing /home/airflow/.local/lib/python3.8/site-packages/airflow/example_dags/example_latest_only_with_trigger.py took 0.081 seconds
[2024-04-04T16:46:27.328+0000] {processor.py:161} INFO - Started process (PID=55033) to work on /home/airflow/.local/lib/python3.8/site-packages/airflow/example_dags/example_latest_only_with_trigger.py
[2024-04-04T16:46:27.330+0000] {processor.py:830} INFO - Processing file /home/airflow/.local/lib/python3.8/site-packages/airflow/example_dags/example_latest_only_with_trigger.py for tasks to queue
[2024-04-04T16:46:27.334+0000] {logging_mixin.py:188} INFO - [2024-04-04T16:46:27.333+0000] {dagbag.py:540} INFO - Filling up the DagBag from /home/airflow/.local/lib/python3.8/site-packages/airflow/example_dags/example_latest_only_with_trigger.py
[2024-04-04T16:46:27.350+0000] {processor.py:840} INFO - DAG(s) 'latest_only_with_trigger' retrieved from /home/airflow/.local/lib/python3.8/site-packages/airflow/example_dags/example_latest_only_with_trigger.py
[2024-04-04T16:46:27.400+0000] {logging_mixin.py:188} INFO - [2024-04-04T16:46:27.394+0000] {dag.py:3047} INFO - Sync 1 DAGs
[2024-04-04T16:46:27.450+0000] {logging_mixin.py:188} INFO - [2024-04-04T16:46:27.449+0000] {dag.py:3834} INFO - Setting next_dagrun for latest_only_with_trigger to 2024-04-04 12:00:00+00:00, run_after=2024-04-04 16:00:00+00:00
[2024-04-04T16:46:27.506+0000] {processor.py:183} INFO - Processing /home/airflow/.local/lib/python3.8/site-packages/airflow/example_dags/example_latest_only_with_trigger.py took 0.184 seconds
[2024-04-04T16:46:57.786+0000] {processor.py:161} INFO - Started process (PID=55088) to work on /home/airflow/.local/lib/python3.8/site-packages/airflow/example_dags/example_latest_only_with_trigger.py
[2024-04-04T16:46:57.787+0000] {processor.py:830} INFO - Processing file /home/airflow/.local/lib/python3.8/site-packages/airflow/example_dags/example_latest_only_with_trigger.py for tasks to queue
[2024-04-04T16:46:57.791+0000] {logging_mixin.py:188} INFO - [2024-04-04T16:46:57.790+0000] {dagbag.py:540} INFO - Filling up the DagBag from /home/airflow/.local/lib/python3.8/site-packages/airflow/example_dags/example_latest_only_with_trigger.py
[2024-04-04T16:46:57.798+0000] {processor.py:840} INFO - DAG(s) 'latest_only_with_trigger' retrieved from /home/airflow/.local/lib/python3.8/site-packages/airflow/example_dags/example_latest_only_with_trigger.py
[2024-04-04T16:46:57.825+0000] {logging_mixin.py:188} INFO - [2024-04-04T16:46:57.824+0000] {dag.py:3047} INFO - Sync 1 DAGs
[2024-04-04T16:46:57.878+0000] {logging_mixin.py:188} INFO - [2024-04-04T16:46:57.878+0000] {dag.py:3834} INFO - Setting next_dagrun for latest_only_with_trigger to 2024-04-04 12:00:00+00:00, run_after=2024-04-04 16:00:00+00:00
[2024-04-04T16:46:57.940+0000] {processor.py:183} INFO - Processing /home/airflow/.local/lib/python3.8/site-packages/airflow/example_dags/example_latest_only_with_trigger.py took 0.158 seconds
[2024-04-04T16:47:28.880+0000] {processor.py:161} INFO - Started process (PID=55143) to work on /home/airflow/.local/lib/python3.8/site-packages/airflow/example_dags/example_latest_only_with_trigger.py
[2024-04-04T16:47:28.882+0000] {processor.py:830} INFO - Processing file /home/airflow/.local/lib/python3.8/site-packages/airflow/example_dags/example_latest_only_with_trigger.py for tasks to queue
[2024-04-04T16:47:28.885+0000] {logging_mixin.py:188} INFO - [2024-04-04T16:47:28.884+0000] {dagbag.py:540} INFO - Filling up the DagBag from /home/airflow/.local/lib/python3.8/site-packages/airflow/example_dags/example_latest_only_with_trigger.py
[2024-04-04T16:47:28.892+0000] {processor.py:840} INFO - DAG(s) 'latest_only_with_trigger' retrieved from /home/airflow/.local/lib/python3.8/site-packages/airflow/example_dags/example_latest_only_with_trigger.py
[2024-04-04T16:47:28.921+0000] {logging_mixin.py:188} INFO - [2024-04-04T16:47:28.920+0000] {dag.py:3047} INFO - Sync 1 DAGs
[2024-04-04T16:47:28.946+0000] {logging_mixin.py:188} INFO - [2024-04-04T16:47:28.945+0000] {dag.py:3834} INFO - Setting next_dagrun for latest_only_with_trigger to 2024-04-04 12:00:00+00:00, run_after=2024-04-04 16:00:00+00:00
[2024-04-04T16:47:28.973+0000] {processor.py:183} INFO - Processing /home/airflow/.local/lib/python3.8/site-packages/airflow/example_dags/example_latest_only_with_trigger.py took 0.096 seconds
[2024-04-04T16:47:59.142+0000] {processor.py:161} INFO - Started process (PID=55198) to work on /home/airflow/.local/lib/python3.8/site-packages/airflow/example_dags/example_latest_only_with_trigger.py
[2024-04-04T16:47:59.143+0000] {processor.py:830} INFO - Processing file /home/airflow/.local/lib/python3.8/site-packages/airflow/example_dags/example_latest_only_with_trigger.py for tasks to queue
[2024-04-04T16:47:59.146+0000] {logging_mixin.py:188} INFO - [2024-04-04T16:47:59.146+0000] {dagbag.py:540} INFO - Filling up the DagBag from /home/airflow/.local/lib/python3.8/site-packages/airflow/example_dags/example_latest_only_with_trigger.py
[2024-04-04T16:47:59.153+0000] {processor.py:840} INFO - DAG(s) 'latest_only_with_trigger' retrieved from /home/airflow/.local/lib/python3.8/site-packages/airflow/example_dags/example_latest_only_with_trigger.py
[2024-04-04T16:47:59.177+0000] {logging_mixin.py:188} INFO - [2024-04-04T16:47:59.177+0000] {dag.py:3047} INFO - Sync 1 DAGs
[2024-04-04T16:47:59.206+0000] {logging_mixin.py:188} INFO - [2024-04-04T16:47:59.206+0000] {dag.py:3834} INFO - Setting next_dagrun for latest_only_with_trigger to 2024-04-04 12:00:00+00:00, run_after=2024-04-04 16:00:00+00:00
[2024-04-04T16:47:59.230+0000] {processor.py:183} INFO - Processing /home/airflow/.local/lib/python3.8/site-packages/airflow/example_dags/example_latest_only_with_trigger.py took 0.093 seconds
