[2024-04-04T16:35:49.162+0000] {processor.py:161} INFO - Started process (PID=54979) to work on /home/airflow/.local/lib/python3.8/site-packages/airflow/example_dags/example_subdag_operator.py
[2024-04-04T16:35:49.164+0000] {processor.py:830} INFO - Processing file /home/airflow/.local/lib/python3.8/site-packages/airflow/example_dags/example_subdag_operator.py for tasks to queue
[2024-04-04T16:35:49.166+0000] {logging_mixin.py:188} INFO - [2024-04-04T16:35:49.166+0000] {dagbag.py:540} INFO - Filling up the DagBag from /home/airflow/.local/lib/python3.8/site-packages/airflow/example_dags/example_subdag_operator.py
[2024-04-04T16:35:49.200+0000] {processor.py:840} INFO - DAG(s) 'example_subdag_operator.section-1', 'example_subdag_operator.section-2', 'example_subdag_operator' retrieved from /home/airflow/.local/lib/python3.8/site-packages/airflow/example_dags/example_subdag_operator.py
[2024-04-04T16:35:49.224+0000] {logging_mixin.py:188} INFO - [2024-04-04T16:35:49.224+0000] {dag.py:3047} INFO - Sync 3 DAGs
[2024-04-04T16:35:49.261+0000] {logging_mixin.py:188} INFO - [2024-04-04T16:35:49.261+0000] {dag.py:3834} INFO - Setting next_dagrun for example_subdag_operator to 2022-01-01 00:00:00+00:00, run_after=2022-01-01 00:00:00+00:00
[2024-04-04T16:35:49.267+0000] {logging_mixin.py:188} INFO - [2024-04-04T16:35:49.267+0000] {dag.py:3834} INFO - Setting next_dagrun for example_subdag_operator.section-1 to None, run_after=None
[2024-04-04T16:35:49.270+0000] {logging_mixin.py:188} INFO - [2024-04-04T16:35:49.269+0000] {dag.py:3834} INFO - Setting next_dagrun for example_subdag_operator.section-2 to None, run_after=None
[2024-04-04T16:35:49.280+0000] {logging_mixin.py:188} INFO - [2024-04-04T16:35:49.280+0000] {dag.py:3047} INFO - Sync 2 DAGs
[2024-04-04T16:35:49.288+0000] {logging_mixin.py:188} INFO - [2024-04-04T16:35:49.288+0000] {dag.py:3834} INFO - Setting next_dagrun for example_subdag_operator.section-1 to None, run_after=None
[2024-04-04T16:35:49.289+0000] {logging_mixin.py:188} INFO - [2024-04-04T16:35:49.289+0000] {dag.py:3834} INFO - Setting next_dagrun for example_subdag_operator.section-2 to None, run_after=None
[2024-04-04T16:35:49.304+0000] {processor.py:183} INFO - Processing /home/airflow/.local/lib/python3.8/site-packages/airflow/example_dags/example_subdag_operator.py took 0.146 seconds
[2024-04-04T16:46:26.813+0000] {processor.py:161} INFO - Started process (PID=55028) to work on /home/airflow/.local/lib/python3.8/site-packages/airflow/example_dags/example_subdag_operator.py
[2024-04-04T16:46:26.815+0000] {processor.py:830} INFO - Processing file /home/airflow/.local/lib/python3.8/site-packages/airflow/example_dags/example_subdag_operator.py for tasks to queue
[2024-04-04T16:46:26.819+0000] {logging_mixin.py:188} INFO - [2024-04-04T16:46:26.818+0000] {dagbag.py:540} INFO - Filling up the DagBag from /home/airflow/.local/lib/python3.8/site-packages/airflow/example_dags/example_subdag_operator.py
[2024-04-04T16:46:26.863+0000] {processor.py:840} INFO - DAG(s) 'example_subdag_operator.section-1', 'example_subdag_operator.section-2', 'example_subdag_operator' retrieved from /home/airflow/.local/lib/python3.8/site-packages/airflow/example_dags/example_subdag_operator.py
[2024-04-04T16:46:26.890+0000] {logging_mixin.py:188} INFO - [2024-04-04T16:46:26.889+0000] {dag.py:3047} INFO - Sync 3 DAGs
[2024-04-04T16:46:26.925+0000] {logging_mixin.py:188} INFO - [2024-04-04T16:46:26.925+0000] {dag.py:3834} INFO - Setting next_dagrun for example_subdag_operator to 2022-01-01 00:00:00+00:00, run_after=2022-01-01 00:00:00+00:00
[2024-04-04T16:46:26.935+0000] {logging_mixin.py:188} INFO - [2024-04-04T16:46:26.935+0000] {dag.py:3834} INFO - Setting next_dagrun for example_subdag_operator.section-1 to None, run_after=None
[2024-04-04T16:46:26.938+0000] {logging_mixin.py:188} INFO - [2024-04-04T16:46:26.938+0000] {dag.py:3834} INFO - Setting next_dagrun for example_subdag_operator.section-2 to None, run_after=None
[2024-04-04T16:46:26.958+0000] {logging_mixin.py:188} INFO - [2024-04-04T16:46:26.957+0000] {dag.py:3047} INFO - Sync 2 DAGs
[2024-04-04T16:46:26.978+0000] {logging_mixin.py:188} INFO - [2024-04-04T16:46:26.977+0000] {dag.py:3834} INFO - Setting next_dagrun for example_subdag_operator.section-1 to None, run_after=None
[2024-04-04T16:46:26.980+0000] {logging_mixin.py:188} INFO - [2024-04-04T16:46:26.979+0000] {dag.py:3834} INFO - Setting next_dagrun for example_subdag_operator.section-2 to None, run_after=None
[2024-04-04T16:46:27.032+0000] {processor.py:183} INFO - Processing /home/airflow/.local/lib/python3.8/site-packages/airflow/example_dags/example_subdag_operator.py took 0.225 seconds
[2024-04-04T16:46:57.304+0000] {processor.py:161} INFO - Started process (PID=55083) to work on /home/airflow/.local/lib/python3.8/site-packages/airflow/example_dags/example_subdag_operator.py
[2024-04-04T16:46:57.306+0000] {processor.py:830} INFO - Processing file /home/airflow/.local/lib/python3.8/site-packages/airflow/example_dags/example_subdag_operator.py for tasks to queue
[2024-04-04T16:46:57.309+0000] {logging_mixin.py:188} INFO - [2024-04-04T16:46:57.309+0000] {dagbag.py:540} INFO - Filling up the DagBag from /home/airflow/.local/lib/python3.8/site-packages/airflow/example_dags/example_subdag_operator.py
[2024-04-04T16:46:57.343+0000] {processor.py:840} INFO - DAG(s) 'example_subdag_operator.section-1', 'example_subdag_operator.section-2', 'example_subdag_operator' retrieved from /home/airflow/.local/lib/python3.8/site-packages/airflow/example_dags/example_subdag_operator.py
[2024-04-04T16:46:57.364+0000] {logging_mixin.py:188} INFO - [2024-04-04T16:46:57.364+0000] {dag.py:3047} INFO - Sync 3 DAGs
[2024-04-04T16:46:57.392+0000] {logging_mixin.py:188} INFO - [2024-04-04T16:46:57.391+0000] {dag.py:3834} INFO - Setting next_dagrun for example_subdag_operator to 2022-01-01 00:00:00+00:00, run_after=2022-01-01 00:00:00+00:00
[2024-04-04T16:46:57.398+0000] {logging_mixin.py:188} INFO - [2024-04-04T16:46:57.397+0000] {dag.py:3834} INFO - Setting next_dagrun for example_subdag_operator.section-1 to None, run_after=None
[2024-04-04T16:46:57.401+0000] {logging_mixin.py:188} INFO - [2024-04-04T16:46:57.400+0000] {dag.py:3834} INFO - Setting next_dagrun for example_subdag_operator.section-2 to None, run_after=None
[2024-04-04T16:46:57.411+0000] {logging_mixin.py:188} INFO - [2024-04-04T16:46:57.410+0000] {dag.py:3047} INFO - Sync 2 DAGs
[2024-04-04T16:46:57.420+0000] {logging_mixin.py:188} INFO - [2024-04-04T16:46:57.419+0000] {dag.py:3834} INFO - Setting next_dagrun for example_subdag_operator.section-1 to None, run_after=None
[2024-04-04T16:46:57.421+0000] {logging_mixin.py:188} INFO - [2024-04-04T16:46:57.420+0000] {dag.py:3834} INFO - Setting next_dagrun for example_subdag_operator.section-2 to None, run_after=None
[2024-04-04T16:46:57.438+0000] {processor.py:183} INFO - Processing /home/airflow/.local/lib/python3.8/site-packages/airflow/example_dags/example_subdag_operator.py took 0.138 seconds
[2024-04-04T16:47:28.392+0000] {processor.py:161} INFO - Started process (PID=55138) to work on /home/airflow/.local/lib/python3.8/site-packages/airflow/example_dags/example_subdag_operator.py
[2024-04-04T16:47:28.393+0000] {processor.py:830} INFO - Processing file /home/airflow/.local/lib/python3.8/site-packages/airflow/example_dags/example_subdag_operator.py for tasks to queue
[2024-04-04T16:47:28.396+0000] {logging_mixin.py:188} INFO - [2024-04-04T16:47:28.395+0000] {dagbag.py:540} INFO - Filling up the DagBag from /home/airflow/.local/lib/python3.8/site-packages/airflow/example_dags/example_subdag_operator.py
[2024-04-04T16:47:28.433+0000] {processor.py:840} INFO - DAG(s) 'example_subdag_operator.section-1', 'example_subdag_operator.section-2', 'example_subdag_operator' retrieved from /home/airflow/.local/lib/python3.8/site-packages/airflow/example_dags/example_subdag_operator.py
[2024-04-04T16:47:28.452+0000] {logging_mixin.py:188} INFO - [2024-04-04T16:47:28.452+0000] {dag.py:3047} INFO - Sync 3 DAGs
[2024-04-04T16:47:28.482+0000] {logging_mixin.py:188} INFO - [2024-04-04T16:47:28.482+0000] {dag.py:3834} INFO - Setting next_dagrun for example_subdag_operator to 2022-01-01 00:00:00+00:00, run_after=2022-01-01 00:00:00+00:00
[2024-04-04T16:47:28.489+0000] {logging_mixin.py:188} INFO - [2024-04-04T16:47:28.489+0000] {dag.py:3834} INFO - Setting next_dagrun for example_subdag_operator.section-1 to None, run_after=None
[2024-04-04T16:47:28.492+0000] {logging_mixin.py:188} INFO - [2024-04-04T16:47:28.492+0000] {dag.py:3834} INFO - Setting next_dagrun for example_subdag_operator.section-2 to None, run_after=None
[2024-04-04T16:47:28.505+0000] {logging_mixin.py:188} INFO - [2024-04-04T16:47:28.505+0000] {dag.py:3047} INFO - Sync 2 DAGs
[2024-04-04T16:47:28.515+0000] {logging_mixin.py:188} INFO - [2024-04-04T16:47:28.514+0000] {dag.py:3834} INFO - Setting next_dagrun for example_subdag_operator.section-1 to None, run_after=None
[2024-04-04T16:47:28.516+0000] {logging_mixin.py:188} INFO - [2024-04-04T16:47:28.516+0000] {dag.py:3834} INFO - Setting next_dagrun for example_subdag_operator.section-2 to None, run_after=None
[2024-04-04T16:47:28.536+0000] {processor.py:183} INFO - Processing /home/airflow/.local/lib/python3.8/site-packages/airflow/example_dags/example_subdag_operator.py took 0.149 seconds
[2024-04-04T16:47:58.823+0000] {processor.py:161} INFO - Started process (PID=55193) to work on /home/airflow/.local/lib/python3.8/site-packages/airflow/example_dags/example_subdag_operator.py
[2024-04-04T16:47:58.825+0000] {processor.py:830} INFO - Processing file /home/airflow/.local/lib/python3.8/site-packages/airflow/example_dags/example_subdag_operator.py for tasks to queue
[2024-04-04T16:47:58.827+0000] {logging_mixin.py:188} INFO - [2024-04-04T16:47:58.827+0000] {dagbag.py:540} INFO - Filling up the DagBag from /home/airflow/.local/lib/python3.8/site-packages/airflow/example_dags/example_subdag_operator.py
[2024-04-04T16:47:58.857+0000] {processor.py:840} INFO - DAG(s) 'example_subdag_operator.section-1', 'example_subdag_operator.section-2', 'example_subdag_operator' retrieved from /home/airflow/.local/lib/python3.8/site-packages/airflow/example_dags/example_subdag_operator.py
[2024-04-04T16:47:58.879+0000] {logging_mixin.py:188} INFO - [2024-04-04T16:47:58.878+0000] {dag.py:3047} INFO - Sync 3 DAGs
[2024-04-04T16:47:58.909+0000] {logging_mixin.py:188} INFO - [2024-04-04T16:47:58.908+0000] {dag.py:3834} INFO - Setting next_dagrun for example_subdag_operator to 2022-01-01 00:00:00+00:00, run_after=2022-01-01 00:00:00+00:00
[2024-04-04T16:47:58.914+0000] {logging_mixin.py:188} INFO - [2024-04-04T16:47:58.914+0000] {dag.py:3834} INFO - Setting next_dagrun for example_subdag_operator.section-1 to None, run_after=None
[2024-04-04T16:47:58.916+0000] {logging_mixin.py:188} INFO - [2024-04-04T16:47:58.916+0000] {dag.py:3834} INFO - Setting next_dagrun for example_subdag_operator.section-2 to None, run_after=None
[2024-04-04T16:47:58.924+0000] {logging_mixin.py:188} INFO - [2024-04-04T16:47:58.924+0000] {dag.py:3047} INFO - Sync 2 DAGs
[2024-04-04T16:47:58.931+0000] {logging_mixin.py:188} INFO - [2024-04-04T16:47:58.931+0000] {dag.py:3834} INFO - Setting next_dagrun for example_subdag_operator.section-1 to None, run_after=None
[2024-04-04T16:47:58.932+0000] {logging_mixin.py:188} INFO - [2024-04-04T16:47:58.932+0000] {dag.py:3834} INFO - Setting next_dagrun for example_subdag_operator.section-2 to None, run_after=None
[2024-04-04T16:47:58.944+0000] {processor.py:183} INFO - Processing /home/airflow/.local/lib/python3.8/site-packages/airflow/example_dags/example_subdag_operator.py took 0.128 seconds
