[2024-04-04T16:35:50.657+0000] {processor.py:161} INFO - Started process (PID=54996) to work on /home/airflow/.local/lib/python3.8/site-packages/airflow/example_dags/example_kubernetes_executor.py
[2024-04-04T16:35:50.659+0000] {processor.py:830} INFO - Processing file /home/airflow/.local/lib/python3.8/site-packages/airflow/example_dags/example_kubernetes_executor.py for tasks to queue
[2024-04-04T16:35:50.662+0000] {logging_mixin.py:188} INFO - [2024-04-04T16:35:50.661+0000] {dagbag.py:540} INFO - Filling up the DagBag from /home/airflow/.local/lib/python3.8/site-packages/airflow/example_dags/example_kubernetes_executor.py
[2024-04-04T16:35:50.682+0000] {processor.py:840} INFO - DAG(s) 'example_kubernetes_executor' retrieved from /home/airflow/.local/lib/python3.8/site-packages/airflow/example_dags/example_kubernetes_executor.py
[2024-04-04T16:35:50.740+0000] {logging_mixin.py:188} INFO - [2024-04-04T16:35:50.740+0000] {dag.py:3047} INFO - Sync 1 DAGs
[2024-04-04T16:35:50.760+0000] {logging_mixin.py:188} INFO - [2024-04-04T16:35:50.760+0000] {dag.py:3834} INFO - Setting next_dagrun for example_kubernetes_executor to None, run_after=None
[2024-04-04T16:35:50.789+0000] {processor.py:183} INFO - Processing /home/airflow/.local/lib/python3.8/site-packages/airflow/example_dags/example_kubernetes_executor.py took 0.137 seconds
[2024-04-04T16:46:28.562+0000] {processor.py:161} INFO - Started process (PID=55045) to work on /home/airflow/.local/lib/python3.8/site-packages/airflow/example_dags/example_kubernetes_executor.py
[2024-04-04T16:46:28.564+0000] {processor.py:830} INFO - Processing file /home/airflow/.local/lib/python3.8/site-packages/airflow/example_dags/example_kubernetes_executor.py for tasks to queue
[2024-04-04T16:46:28.567+0000] {logging_mixin.py:188} INFO - [2024-04-04T16:46:28.567+0000] {dagbag.py:540} INFO - Filling up the DagBag from /home/airflow/.local/lib/python3.8/site-packages/airflow/example_dags/example_kubernetes_executor.py
[2024-04-04T16:46:28.586+0000] {processor.py:840} INFO - DAG(s) 'example_kubernetes_executor' retrieved from /home/airflow/.local/lib/python3.8/site-packages/airflow/example_dags/example_kubernetes_executor.py
[2024-04-04T16:46:28.644+0000] {logging_mixin.py:188} INFO - [2024-04-04T16:46:28.643+0000] {dag.py:3047} INFO - Sync 1 DAGs
[2024-04-04T16:46:28.657+0000] {logging_mixin.py:188} INFO - [2024-04-04T16:46:28.657+0000] {dag.py:3834} INFO - Setting next_dagrun for example_kubernetes_executor to None, run_after=None
[2024-04-04T16:46:28.687+0000] {processor.py:183} INFO - Processing /home/airflow/.local/lib/python3.8/site-packages/airflow/example_dags/example_kubernetes_executor.py took 0.128 seconds
[2024-04-04T16:46:59.303+0000] {processor.py:161} INFO - Started process (PID=55100) to work on /home/airflow/.local/lib/python3.8/site-packages/airflow/example_dags/example_kubernetes_executor.py
[2024-04-04T16:46:59.306+0000] {processor.py:830} INFO - Processing file /home/airflow/.local/lib/python3.8/site-packages/airflow/example_dags/example_kubernetes_executor.py for tasks to queue
[2024-04-04T16:46:59.311+0000] {logging_mixin.py:188} INFO - [2024-04-04T16:46:59.310+0000] {dagbag.py:540} INFO - Filling up the DagBag from /home/airflow/.local/lib/python3.8/site-packages/airflow/example_dags/example_kubernetes_executor.py
[2024-04-04T16:46:59.337+0000] {processor.py:840} INFO - DAG(s) 'example_kubernetes_executor' retrieved from /home/airflow/.local/lib/python3.8/site-packages/airflow/example_dags/example_kubernetes_executor.py
[2024-04-04T16:46:59.399+0000] {logging_mixin.py:188} INFO - [2024-04-04T16:46:59.399+0000] {dag.py:3047} INFO - Sync 1 DAGs
[2024-04-04T16:46:59.428+0000] {logging_mixin.py:188} INFO - [2024-04-04T16:46:59.427+0000] {dag.py:3834} INFO - Setting next_dagrun for example_kubernetes_executor to None, run_after=None
[2024-04-04T16:46:59.473+0000] {processor.py:183} INFO - Processing /home/airflow/.local/lib/python3.8/site-packages/airflow/example_dags/example_kubernetes_executor.py took 0.175 seconds
[2024-04-04T16:47:30.068+0000] {processor.py:161} INFO - Started process (PID=55155) to work on /home/airflow/.local/lib/python3.8/site-packages/airflow/example_dags/example_kubernetes_executor.py
[2024-04-04T16:47:30.070+0000] {processor.py:830} INFO - Processing file /home/airflow/.local/lib/python3.8/site-packages/airflow/example_dags/example_kubernetes_executor.py for tasks to queue
[2024-04-04T16:47:30.073+0000] {logging_mixin.py:188} INFO - [2024-04-04T16:47:30.073+0000] {dagbag.py:540} INFO - Filling up the DagBag from /home/airflow/.local/lib/python3.8/site-packages/airflow/example_dags/example_kubernetes_executor.py
[2024-04-04T16:47:30.090+0000] {processor.py:840} INFO - DAG(s) 'example_kubernetes_executor' retrieved from /home/airflow/.local/lib/python3.8/site-packages/airflow/example_dags/example_kubernetes_executor.py
[2024-04-04T16:47:30.139+0000] {logging_mixin.py:188} INFO - [2024-04-04T16:47:30.139+0000] {dag.py:3047} INFO - Sync 1 DAGs
[2024-04-04T16:47:30.155+0000] {logging_mixin.py:188} INFO - [2024-04-04T16:47:30.155+0000] {dag.py:3834} INFO - Setting next_dagrun for example_kubernetes_executor to None, run_after=None
[2024-04-04T16:47:30.187+0000] {processor.py:183} INFO - Processing /home/airflow/.local/lib/python3.8/site-packages/airflow/example_dags/example_kubernetes_executor.py took 0.122 seconds
[2024-04-04T16:48:00.390+0000] {processor.py:161} INFO - Started process (PID=55211) to work on /home/airflow/.local/lib/python3.8/site-packages/airflow/example_dags/example_kubernetes_executor.py
[2024-04-04T16:48:00.392+0000] {processor.py:830} INFO - Processing file /home/airflow/.local/lib/python3.8/site-packages/airflow/example_dags/example_kubernetes_executor.py for tasks to queue
[2024-04-04T16:48:00.394+0000] {logging_mixin.py:188} INFO - [2024-04-04T16:48:00.394+0000] {dagbag.py:540} INFO - Filling up the DagBag from /home/airflow/.local/lib/python3.8/site-packages/airflow/example_dags/example_kubernetes_executor.py
[2024-04-04T16:48:00.410+0000] {processor.py:840} INFO - DAG(s) 'example_kubernetes_executor' retrieved from /home/airflow/.local/lib/python3.8/site-packages/airflow/example_dags/example_kubernetes_executor.py
[2024-04-04T16:48:00.453+0000] {logging_mixin.py:188} INFO - [2024-04-04T16:48:00.452+0000] {dag.py:3047} INFO - Sync 1 DAGs
[2024-04-04T16:48:00.468+0000] {logging_mixin.py:188} INFO - [2024-04-04T16:48:00.468+0000] {dag.py:3834} INFO - Setting next_dagrun for example_kubernetes_executor to None, run_after=None
[2024-04-04T16:48:00.488+0000] {processor.py:183} INFO - Processing /home/airflow/.local/lib/python3.8/site-packages/airflow/example_dags/example_kubernetes_executor.py took 0.101 seconds
