[2024-04-04T16:35:48.890+0000] {processor.py:161} INFO - Started process (PID=54975) to work on /home/airflow/.local/lib/python3.8/site-packages/airflow/example_dags/tutorial_objectstorage.py
[2024-04-04T16:35:48.891+0000] {processor.py:830} INFO - Processing file /home/airflow/.local/lib/python3.8/site-packages/airflow/example_dags/tutorial_objectstorage.py for tasks to queue
[2024-04-04T16:35:48.894+0000] {logging_mixin.py:188} INFO - [2024-04-04T16:35:48.894+0000] {dagbag.py:540} INFO - Filling up the DagBag from /home/airflow/.local/lib/python3.8/site-packages/airflow/example_dags/tutorial_objectstorage.py
[2024-04-04T16:35:48.903+0000] {processor.py:840} INFO - DAG(s) 'tutorial_objectstorage' retrieved from /home/airflow/.local/lib/python3.8/site-packages/airflow/example_dags/tutorial_objectstorage.py
[2024-04-04T16:35:48.926+0000] {logging_mixin.py:188} INFO - [2024-04-04T16:35:48.925+0000] {dag.py:3047} INFO - Sync 1 DAGs
[2024-04-04T16:35:48.943+0000] {logging_mixin.py:188} INFO - [2024-04-04T16:35:48.942+0000] {dag.py:3834} INFO - Setting next_dagrun for tutorial_objectstorage to None, run_after=None
[2024-04-04T16:35:48.971+0000] {processor.py:183} INFO - Processing /home/airflow/.local/lib/python3.8/site-packages/airflow/example_dags/tutorial_objectstorage.py took 0.085 seconds
[2024-04-04T16:46:26.197+0000] {processor.py:161} INFO - Started process (PID=55024) to work on /home/airflow/.local/lib/python3.8/site-packages/airflow/example_dags/tutorial_objectstorage.py
[2024-04-04T16:46:26.200+0000] {processor.py:830} INFO - Processing file /home/airflow/.local/lib/python3.8/site-packages/airflow/example_dags/tutorial_objectstorage.py for tasks to queue
[2024-04-04T16:46:26.204+0000] {logging_mixin.py:188} INFO - [2024-04-04T16:46:26.203+0000] {dagbag.py:540} INFO - Filling up the DagBag from /home/airflow/.local/lib/python3.8/site-packages/airflow/example_dags/tutorial_objectstorage.py
[2024-04-04T16:46:26.215+0000] {processor.py:840} INFO - DAG(s) 'tutorial_objectstorage' retrieved from /home/airflow/.local/lib/python3.8/site-packages/airflow/example_dags/tutorial_objectstorage.py
[2024-04-04T16:46:26.252+0000] {logging_mixin.py:188} INFO - [2024-04-04T16:46:26.251+0000] {dag.py:3047} INFO - Sync 1 DAGs
[2024-04-04T16:46:26.276+0000] {logging_mixin.py:188} INFO - [2024-04-04T16:46:26.276+0000] {dag.py:3834} INFO - Setting next_dagrun for tutorial_objectstorage to None, run_after=None
[2024-04-04T16:46:26.317+0000] {processor.py:183} INFO - Processing /home/airflow/.local/lib/python3.8/site-packages/airflow/example_dags/tutorial_objectstorage.py took 0.125 seconds
[2024-04-04T16:46:57.037+0000] {processor.py:161} INFO - Started process (PID=55079) to work on /home/airflow/.local/lib/python3.8/site-packages/airflow/example_dags/tutorial_objectstorage.py
[2024-04-04T16:46:57.039+0000] {processor.py:830} INFO - Processing file /home/airflow/.local/lib/python3.8/site-packages/airflow/example_dags/tutorial_objectstorage.py for tasks to queue
[2024-04-04T16:46:57.042+0000] {logging_mixin.py:188} INFO - [2024-04-04T16:46:57.041+0000] {dagbag.py:540} INFO - Filling up the DagBag from /home/airflow/.local/lib/python3.8/site-packages/airflow/example_dags/tutorial_objectstorage.py
[2024-04-04T16:46:57.051+0000] {processor.py:840} INFO - DAG(s) 'tutorial_objectstorage' retrieved from /home/airflow/.local/lib/python3.8/site-packages/airflow/example_dags/tutorial_objectstorage.py
[2024-04-04T16:46:57.076+0000] {logging_mixin.py:188} INFO - [2024-04-04T16:46:57.075+0000] {dag.py:3047} INFO - Sync 1 DAGs
[2024-04-04T16:46:57.091+0000] {logging_mixin.py:188} INFO - [2024-04-04T16:46:57.091+0000] {dag.py:3834} INFO - Setting next_dagrun for tutorial_objectstorage to None, run_after=None
[2024-04-04T16:46:57.118+0000] {processor.py:183} INFO - Processing /home/airflow/.local/lib/python3.8/site-packages/airflow/example_dags/tutorial_objectstorage.py took 0.084 seconds
[2024-04-04T16:47:28.024+0000] {processor.py:161} INFO - Started process (PID=55134) to work on /home/airflow/.local/lib/python3.8/site-packages/airflow/example_dags/tutorial_objectstorage.py
[2024-04-04T16:47:28.026+0000] {processor.py:830} INFO - Processing file /home/airflow/.local/lib/python3.8/site-packages/airflow/example_dags/tutorial_objectstorage.py for tasks to queue
[2024-04-04T16:47:28.030+0000] {logging_mixin.py:188} INFO - [2024-04-04T16:47:28.029+0000] {dagbag.py:540} INFO - Filling up the DagBag from /home/airflow/.local/lib/python3.8/site-packages/airflow/example_dags/tutorial_objectstorage.py
[2024-04-04T16:47:28.039+0000] {processor.py:840} INFO - DAG(s) 'tutorial_objectstorage' retrieved from /home/airflow/.local/lib/python3.8/site-packages/airflow/example_dags/tutorial_objectstorage.py
[2024-04-04T16:47:28.088+0000] {logging_mixin.py:188} INFO - [2024-04-04T16:47:28.087+0000] {dag.py:3047} INFO - Sync 1 DAGs
[2024-04-04T16:47:28.127+0000] {logging_mixin.py:188} INFO - [2024-04-04T16:47:28.126+0000] {dag.py:3834} INFO - Setting next_dagrun for tutorial_objectstorage to None, run_after=None
[2024-04-04T16:47:28.182+0000] {processor.py:183} INFO - Processing /home/airflow/.local/lib/python3.8/site-packages/airflow/example_dags/tutorial_objectstorage.py took 0.162 seconds
[2024-04-04T16:47:58.562+0000] {processor.py:161} INFO - Started process (PID=55189) to work on /home/airflow/.local/lib/python3.8/site-packages/airflow/example_dags/tutorial_objectstorage.py
[2024-04-04T16:47:58.564+0000] {processor.py:830} INFO - Processing file /home/airflow/.local/lib/python3.8/site-packages/airflow/example_dags/tutorial_objectstorage.py for tasks to queue
[2024-04-04T16:47:58.566+0000] {logging_mixin.py:188} INFO - [2024-04-04T16:47:58.566+0000] {dagbag.py:540} INFO - Filling up the DagBag from /home/airflow/.local/lib/python3.8/site-packages/airflow/example_dags/tutorial_objectstorage.py
[2024-04-04T16:47:58.574+0000] {processor.py:840} INFO - DAG(s) 'tutorial_objectstorage' retrieved from /home/airflow/.local/lib/python3.8/site-packages/airflow/example_dags/tutorial_objectstorage.py
[2024-04-04T16:47:58.601+0000] {logging_mixin.py:188} INFO - [2024-04-04T16:47:58.600+0000] {dag.py:3047} INFO - Sync 1 DAGs
[2024-04-04T16:47:58.616+0000] {logging_mixin.py:188} INFO - [2024-04-04T16:47:58.616+0000] {dag.py:3834} INFO - Setting next_dagrun for tutorial_objectstorage to None, run_after=None
[2024-04-04T16:47:58.646+0000] {processor.py:183} INFO - Processing /home/airflow/.local/lib/python3.8/site-packages/airflow/example_dags/tutorial_objectstorage.py took 0.087 seconds
