[2024-04-04T16:35:50.216+0000] {processor.py:161} INFO - Started process (PID=54990) to work on /home/airflow/.local/lib/python3.8/site-packages/airflow/example_dags/tutorial_dag.py
[2024-04-04T16:35:50.218+0000] {processor.py:830} INFO - Processing file /home/airflow/.local/lib/python3.8/site-packages/airflow/example_dags/tutorial_dag.py for tasks to queue
[2024-04-04T16:35:50.223+0000] {logging_mixin.py:188} INFO - [2024-04-04T16:35:50.223+0000] {dagbag.py:540} INFO - Filling up the DagBag from /home/airflow/.local/lib/python3.8/site-packages/airflow/example_dags/tutorial_dag.py
[2024-04-04T16:35:50.232+0000] {processor.py:840} INFO - DAG(s) 'tutorial_dag' retrieved from /home/airflow/.local/lib/python3.8/site-packages/airflow/example_dags/tutorial_dag.py
[2024-04-04T16:35:50.265+0000] {logging_mixin.py:188} INFO - [2024-04-04T16:35:50.264+0000] {dag.py:3047} INFO - Sync 1 DAGs
[2024-04-04T16:35:50.291+0000] {logging_mixin.py:188} INFO - [2024-04-04T16:35:50.290+0000] {dag.py:3834} INFO - Setting next_dagrun for tutorial_dag to None, run_after=None
[2024-04-04T16:35:50.328+0000] {processor.py:183} INFO - Processing /home/airflow/.local/lib/python3.8/site-packages/airflow/example_dags/tutorial_dag.py took 0.116 seconds
[2024-04-04T16:46:28.036+0000] {processor.py:161} INFO - Started process (PID=55039) to work on /home/airflow/.local/lib/python3.8/site-packages/airflow/example_dags/tutorial_dag.py
[2024-04-04T16:46:28.038+0000] {processor.py:830} INFO - Processing file /home/airflow/.local/lib/python3.8/site-packages/airflow/example_dags/tutorial_dag.py for tasks to queue
[2024-04-04T16:46:28.041+0000] {logging_mixin.py:188} INFO - [2024-04-04T16:46:28.040+0000] {dagbag.py:540} INFO - Filling up the DagBag from /home/airflow/.local/lib/python3.8/site-packages/airflow/example_dags/tutorial_dag.py
[2024-04-04T16:46:28.048+0000] {processor.py:840} INFO - DAG(s) 'tutorial_dag' retrieved from /home/airflow/.local/lib/python3.8/site-packages/airflow/example_dags/tutorial_dag.py
[2024-04-04T16:46:28.074+0000] {logging_mixin.py:188} INFO - [2024-04-04T16:46:28.074+0000] {dag.py:3047} INFO - Sync 1 DAGs
[2024-04-04T16:46:28.088+0000] {logging_mixin.py:188} INFO - [2024-04-04T16:46:28.087+0000] {dag.py:3834} INFO - Setting next_dagrun for tutorial_dag to None, run_after=None
[2024-04-04T16:46:28.113+0000] {processor.py:183} INFO - Processing /home/airflow/.local/lib/python3.8/site-packages/airflow/example_dags/tutorial_dag.py took 0.079 seconds
[2024-04-04T16:46:58.573+0000] {processor.py:161} INFO - Started process (PID=55094) to work on /home/airflow/.local/lib/python3.8/site-packages/airflow/example_dags/tutorial_dag.py
[2024-04-04T16:46:58.575+0000] {processor.py:830} INFO - Processing file /home/airflow/.local/lib/python3.8/site-packages/airflow/example_dags/tutorial_dag.py for tasks to queue
[2024-04-04T16:46:58.578+0000] {logging_mixin.py:188} INFO - [2024-04-04T16:46:58.577+0000] {dagbag.py:540} INFO - Filling up the DagBag from /home/airflow/.local/lib/python3.8/site-packages/airflow/example_dags/tutorial_dag.py
[2024-04-04T16:46:58.587+0000] {processor.py:840} INFO - DAG(s) 'tutorial_dag' retrieved from /home/airflow/.local/lib/python3.8/site-packages/airflow/example_dags/tutorial_dag.py
[2024-04-04T16:46:58.626+0000] {logging_mixin.py:188} INFO - [2024-04-04T16:46:58.625+0000] {dag.py:3047} INFO - Sync 1 DAGs
[2024-04-04T16:46:58.649+0000] {logging_mixin.py:188} INFO - [2024-04-04T16:46:58.649+0000] {dag.py:3834} INFO - Setting next_dagrun for tutorial_dag to None, run_after=None
[2024-04-04T16:46:58.686+0000] {processor.py:183} INFO - Processing /home/airflow/.local/lib/python3.8/site-packages/airflow/example_dags/tutorial_dag.py took 0.118 seconds
[2024-04-04T16:47:29.469+0000] {processor.py:161} INFO - Started process (PID=55149) to work on /home/airflow/.local/lib/python3.8/site-packages/airflow/example_dags/tutorial_dag.py
[2024-04-04T16:47:29.471+0000] {processor.py:830} INFO - Processing file /home/airflow/.local/lib/python3.8/site-packages/airflow/example_dags/tutorial_dag.py for tasks to queue
[2024-04-04T16:47:29.473+0000] {logging_mixin.py:188} INFO - [2024-04-04T16:47:29.473+0000] {dagbag.py:540} INFO - Filling up the DagBag from /home/airflow/.local/lib/python3.8/site-packages/airflow/example_dags/tutorial_dag.py
[2024-04-04T16:47:29.480+0000] {processor.py:840} INFO - DAG(s) 'tutorial_dag' retrieved from /home/airflow/.local/lib/python3.8/site-packages/airflow/example_dags/tutorial_dag.py
[2024-04-04T16:47:29.509+0000] {logging_mixin.py:188} INFO - [2024-04-04T16:47:29.509+0000] {dag.py:3047} INFO - Sync 1 DAGs
[2024-04-04T16:47:29.524+0000] {logging_mixin.py:188} INFO - [2024-04-04T16:47:29.524+0000] {dag.py:3834} INFO - Setting next_dagrun for tutorial_dag to None, run_after=None
[2024-04-04T16:47:29.556+0000] {processor.py:183} INFO - Processing /home/airflow/.local/lib/python3.8/site-packages/airflow/example_dags/tutorial_dag.py took 0.091 seconds
[2024-04-04T16:47:59.636+0000] {processor.py:161} INFO - Started process (PID=55204) to work on /home/airflow/.local/lib/python3.8/site-packages/airflow/example_dags/tutorial_dag.py
[2024-04-04T16:47:59.637+0000] {processor.py:830} INFO - Processing file /home/airflow/.local/lib/python3.8/site-packages/airflow/example_dags/tutorial_dag.py for tasks to queue
[2024-04-04T16:47:59.640+0000] {logging_mixin.py:188} INFO - [2024-04-04T16:47:59.640+0000] {dagbag.py:540} INFO - Filling up the DagBag from /home/airflow/.local/lib/python3.8/site-packages/airflow/example_dags/tutorial_dag.py
[2024-04-04T16:47:59.646+0000] {processor.py:840} INFO - DAG(s) 'tutorial_dag' retrieved from /home/airflow/.local/lib/python3.8/site-packages/airflow/example_dags/tutorial_dag.py
[2024-04-04T16:47:59.681+0000] {logging_mixin.py:188} INFO - [2024-04-04T16:47:59.680+0000] {dag.py:3047} INFO - Sync 1 DAGs
[2024-04-04T16:47:59.697+0000] {logging_mixin.py:188} INFO - [2024-04-04T16:47:59.697+0000] {dag.py:3834} INFO - Setting next_dagrun for tutorial_dag to None, run_after=None
[2024-04-04T16:47:59.718+0000] {processor.py:183} INFO - Processing /home/airflow/.local/lib/python3.8/site-packages/airflow/example_dags/tutorial_dag.py took 0.086 seconds
