[2024-04-04T16:35:50.708+0000] {processor.py:161} INFO - Started process (PID=54997) to work on /home/airflow/.local/lib/python3.8/site-packages/airflow/example_dags/tutorial.py
[2024-04-04T16:35:50.710+0000] {processor.py:830} INFO - Processing file /home/airflow/.local/lib/python3.8/site-packages/airflow/example_dags/tutorial.py for tasks to queue
[2024-04-04T16:35:50.713+0000] {logging_mixin.py:188} INFO - [2024-04-04T16:35:50.712+0000] {dagbag.py:540} INFO - Filling up the DagBag from /home/airflow/.local/lib/python3.8/site-packages/airflow/example_dags/tutorial.py
[2024-04-04T16:35:50.720+0000] {processor.py:840} INFO - DAG(s) 'tutorial' retrieved from /home/airflow/.local/lib/python3.8/site-packages/airflow/example_dags/tutorial.py
[2024-04-04T16:35:50.750+0000] {logging_mixin.py:188} INFO - [2024-04-04T16:35:50.750+0000] {dag.py:3047} INFO - Sync 1 DAGs
[2024-04-04T16:35:50.779+0000] {logging_mixin.py:188} INFO - [2024-04-04T16:35:50.778+0000] {dag.py:3834} INFO - Setting next_dagrun for tutorial to 2024-04-03 00:00:00+00:00, run_after=2024-04-04 00:00:00+00:00
[2024-04-04T16:35:50.807+0000] {processor.py:183} INFO - Processing /home/airflow/.local/lib/python3.8/site-packages/airflow/example_dags/tutorial.py took 0.103 seconds
[2024-04-04T16:46:28.562+0000] {processor.py:161} INFO - Started process (PID=55046) to work on /home/airflow/.local/lib/python3.8/site-packages/airflow/example_dags/tutorial.py
[2024-04-04T16:46:28.564+0000] {processor.py:830} INFO - Processing file /home/airflow/.local/lib/python3.8/site-packages/airflow/example_dags/tutorial.py for tasks to queue
[2024-04-04T16:46:28.567+0000] {logging_mixin.py:188} INFO - [2024-04-04T16:46:28.566+0000] {dagbag.py:540} INFO - Filling up the DagBag from /home/airflow/.local/lib/python3.8/site-packages/airflow/example_dags/tutorial.py
[2024-04-04T16:46:28.575+0000] {processor.py:840} INFO - DAG(s) 'tutorial' retrieved from /home/airflow/.local/lib/python3.8/site-packages/airflow/example_dags/tutorial.py
[2024-04-04T16:46:28.607+0000] {logging_mixin.py:188} INFO - [2024-04-04T16:46:28.607+0000] {dag.py:3047} INFO - Sync 1 DAGs
[2024-04-04T16:46:28.635+0000] {logging_mixin.py:188} INFO - [2024-04-04T16:46:28.635+0000] {dag.py:3834} INFO - Setting next_dagrun for tutorial to 2024-04-03 00:00:00+00:00, run_after=2024-04-04 00:00:00+00:00
[2024-04-04T16:46:28.667+0000] {processor.py:183} INFO - Processing /home/airflow/.local/lib/python3.8/site-packages/airflow/example_dags/tutorial.py took 0.108 seconds
[2024-04-04T16:46:59.355+0000] {processor.py:161} INFO - Started process (PID=55101) to work on /home/airflow/.local/lib/python3.8/site-packages/airflow/example_dags/tutorial.py
[2024-04-04T16:46:59.357+0000] {processor.py:830} INFO - Processing file /home/airflow/.local/lib/python3.8/site-packages/airflow/example_dags/tutorial.py for tasks to queue
[2024-04-04T16:46:59.362+0000] {logging_mixin.py:188} INFO - [2024-04-04T16:46:59.361+0000] {dagbag.py:540} INFO - Filling up the DagBag from /home/airflow/.local/lib/python3.8/site-packages/airflow/example_dags/tutorial.py
[2024-04-04T16:46:59.376+0000] {processor.py:840} INFO - DAG(s) 'tutorial' retrieved from /home/airflow/.local/lib/python3.8/site-packages/airflow/example_dags/tutorial.py
[2024-04-04T16:46:59.417+0000] {logging_mixin.py:188} INFO - [2024-04-04T16:46:59.417+0000] {dag.py:3047} INFO - Sync 1 DAGs
[2024-04-04T16:46:59.455+0000] {logging_mixin.py:188} INFO - [2024-04-04T16:46:59.454+0000] {dag.py:3834} INFO - Setting next_dagrun for tutorial to 2024-04-03 00:00:00+00:00, run_after=2024-04-04 00:00:00+00:00
[2024-04-04T16:46:59.496+0000] {processor.py:183} INFO - Processing /home/airflow/.local/lib/python3.8/site-packages/airflow/example_dags/tutorial.py took 0.149 seconds
[2024-04-04T16:47:30.070+0000] {processor.py:161} INFO - Started process (PID=55156) to work on /home/airflow/.local/lib/python3.8/site-packages/airflow/example_dags/tutorial.py
[2024-04-04T16:47:30.072+0000] {processor.py:830} INFO - Processing file /home/airflow/.local/lib/python3.8/site-packages/airflow/example_dags/tutorial.py for tasks to queue
[2024-04-04T16:47:30.074+0000] {logging_mixin.py:188} INFO - [2024-04-04T16:47:30.074+0000] {dagbag.py:540} INFO - Filling up the DagBag from /home/airflow/.local/lib/python3.8/site-packages/airflow/example_dags/tutorial.py
[2024-04-04T16:47:30.084+0000] {processor.py:840} INFO - DAG(s) 'tutorial' retrieved from /home/airflow/.local/lib/python3.8/site-packages/airflow/example_dags/tutorial.py
[2024-04-04T16:47:30.115+0000] {logging_mixin.py:188} INFO - [2024-04-04T16:47:30.114+0000] {dag.py:3047} INFO - Sync 1 DAGs
[2024-04-04T16:47:30.149+0000] {logging_mixin.py:188} INFO - [2024-04-04T16:47:30.149+0000] {dag.py:3834} INFO - Setting next_dagrun for tutorial to 2024-04-03 00:00:00+00:00, run_after=2024-04-04 00:00:00+00:00
[2024-04-04T16:47:30.183+0000] {processor.py:183} INFO - Processing /home/airflow/.local/lib/python3.8/site-packages/airflow/example_dags/tutorial.py took 0.118 seconds
[2024-04-04T16:48:00.243+0000] {processor.py:161} INFO - Started process (PID=55210) to work on /home/airflow/.local/lib/python3.8/site-packages/airflow/example_dags/tutorial.py
[2024-04-04T16:48:00.245+0000] {processor.py:830} INFO - Processing file /home/airflow/.local/lib/python3.8/site-packages/airflow/example_dags/tutorial.py for tasks to queue
[2024-04-04T16:48:00.247+0000] {logging_mixin.py:188} INFO - [2024-04-04T16:48:00.247+0000] {dagbag.py:540} INFO - Filling up the DagBag from /home/airflow/.local/lib/python3.8/site-packages/airflow/example_dags/tutorial.py
[2024-04-04T16:48:00.255+0000] {processor.py:840} INFO - DAG(s) 'tutorial' retrieved from /home/airflow/.local/lib/python3.8/site-packages/airflow/example_dags/tutorial.py
[2024-04-04T16:48:00.280+0000] {logging_mixin.py:188} INFO - [2024-04-04T16:48:00.280+0000] {dag.py:3047} INFO - Sync 1 DAGs
[2024-04-04T16:48:00.307+0000] {logging_mixin.py:188} INFO - [2024-04-04T16:48:00.307+0000] {dag.py:3834} INFO - Setting next_dagrun for tutorial to 2024-04-03 00:00:00+00:00, run_after=2024-04-04 00:00:00+00:00
[2024-04-04T16:48:00.341+0000] {processor.py:183} INFO - Processing /home/airflow/.local/lib/python3.8/site-packages/airflow/example_dags/tutorial.py took 0.103 seconds
