[2024-04-04T16:35:47.985+0000] {processor.py:161} INFO - Started process (PID=54967) to work on /opt/airflow/dags/include/fx_dag.py
[2024-04-04T16:35:47.988+0000] {processor.py:830} INFO - Processing file /opt/airflow/dags/include/fx_dag.py for tasks to queue
[2024-04-04T16:35:47.993+0000] {logging_mixin.py:188} INFO - [2024-04-04T16:35:47.991+0000] {dagbag.py:540} INFO - Filling up the DagBag from /opt/airflow/dags/include/fx_dag.py
[2024-04-04T16:35:48.121+0000] {processor.py:840} INFO - DAG(s) 'Chuksfx_ETL' retrieved from /opt/airflow/dags/include/fx_dag.py
[2024-04-04T16:35:48.179+0000] {logging_mixin.py:188} INFO - [2024-04-04T16:35:48.178+0000] {dag.py:3047} INFO - Sync 1 DAGs
[2024-04-04T16:35:48.216+0000] {logging_mixin.py:188} INFO - [2024-04-04T16:35:48.216+0000] {dag.py:3834} INFO - Setting next_dagrun for Chuksfx_ETL to 2024-04-04 00:00:00+00:00, run_after=2024-04-05 00:00:00+00:00
[2024-04-04T16:35:48.247+0000] {processor.py:183} INFO - Processing /opt/airflow/dags/include/fx_dag.py took 0.281 seconds
[2024-04-04T16:46:24.559+0000] {processor.py:161} INFO - Started process (PID=55016) to work on /opt/airflow/dags/include/fx_dag.py
[2024-04-04T16:46:24.562+0000] {processor.py:830} INFO - Processing file /opt/airflow/dags/include/fx_dag.py for tasks to queue
[2024-04-04T16:46:24.574+0000] {logging_mixin.py:188} INFO - [2024-04-04T16:46:24.572+0000] {dagbag.py:540} INFO - Filling up the DagBag from /opt/airflow/dags/include/fx_dag.py
[2024-04-04T16:46:25.009+0000] {processor.py:840} INFO - DAG(s) 'Chuksfx_ETL' retrieved from /opt/airflow/dags/include/fx_dag.py
[2024-04-04T16:46:25.077+0000] {logging_mixin.py:188} INFO - [2024-04-04T16:46:25.076+0000] {dag.py:3047} INFO - Sync 1 DAGs
[2024-04-04T16:46:25.156+0000] {logging_mixin.py:188} INFO - [2024-04-04T16:46:25.154+0000] {dag.py:3834} INFO - Setting next_dagrun for Chuksfx_ETL to 2024-04-04 00:00:00+00:00, run_after=2024-04-05 00:00:00+00:00
[2024-04-04T16:46:25.215+0000] {processor.py:183} INFO - Processing /opt/airflow/dags/include/fx_dag.py took 0.664 seconds
[2024-04-04T16:46:55.308+0000] {processor.py:161} INFO - Started process (PID=55071) to work on /opt/airflow/dags/include/fx_dag.py
[2024-04-04T16:46:55.309+0000] {processor.py:830} INFO - Processing file /opt/airflow/dags/include/fx_dag.py for tasks to queue
[2024-04-04T16:46:55.312+0000] {logging_mixin.py:188} INFO - [2024-04-04T16:46:55.312+0000] {dagbag.py:540} INFO - Filling up the DagBag from /opt/airflow/dags/include/fx_dag.py
[2024-04-04T16:46:55.455+0000] {processor.py:840} INFO - DAG(s) 'Chuksfx_ETL' retrieved from /opt/airflow/dags/include/fx_dag.py
[2024-04-04T16:46:55.482+0000] {logging_mixin.py:188} INFO - [2024-04-04T16:46:55.481+0000] {dag.py:3047} INFO - Sync 1 DAGs
[2024-04-04T16:46:55.508+0000] {logging_mixin.py:188} INFO - [2024-04-04T16:46:55.507+0000] {dag.py:3834} INFO - Setting next_dagrun for Chuksfx_ETL to 2024-04-04 00:00:00+00:00, run_after=2024-04-05 00:00:00+00:00
[2024-04-04T16:46:55.536+0000] {processor.py:183} INFO - Processing /opt/airflow/dags/include/fx_dag.py took 0.231 seconds
[2024-04-04T16:47:26.291+0000] {processor.py:161} INFO - Started process (PID=55126) to work on /opt/airflow/dags/include/fx_dag.py
[2024-04-04T16:47:26.292+0000] {processor.py:830} INFO - Processing file /opt/airflow/dags/include/fx_dag.py for tasks to queue
[2024-04-04T16:47:26.295+0000] {logging_mixin.py:188} INFO - [2024-04-04T16:47:26.294+0000] {dagbag.py:540} INFO - Filling up the DagBag from /opt/airflow/dags/include/fx_dag.py
[2024-04-04T16:47:26.410+0000] {processor.py:840} INFO - DAG(s) 'Chuksfx_ETL' retrieved from /opt/airflow/dags/include/fx_dag.py
[2024-04-04T16:47:26.429+0000] {logging_mixin.py:188} INFO - [2024-04-04T16:47:26.429+0000] {dag.py:3047} INFO - Sync 1 DAGs
[2024-04-04T16:47:26.450+0000] {logging_mixin.py:188} INFO - [2024-04-04T16:47:26.449+0000] {dag.py:3834} INFO - Setting next_dagrun for Chuksfx_ETL to 2024-04-04 00:00:00+00:00, run_after=2024-04-05 00:00:00+00:00
[2024-04-04T16:47:26.475+0000] {processor.py:183} INFO - Processing /opt/airflow/dags/include/fx_dag.py took 0.187 seconds
[2024-04-04T16:47:56.707+0000] {processor.py:161} INFO - Started process (PID=55181) to work on /opt/airflow/dags/include/fx_dag.py
[2024-04-04T16:47:56.708+0000] {processor.py:830} INFO - Processing file /opt/airflow/dags/include/fx_dag.py for tasks to queue
[2024-04-04T16:47:56.711+0000] {logging_mixin.py:188} INFO - [2024-04-04T16:47:56.710+0000] {dagbag.py:540} INFO - Filling up the DagBag from /opt/airflow/dags/include/fx_dag.py
[2024-04-04T16:47:56.906+0000] {processor.py:840} INFO - DAG(s) 'Chuksfx_ETL' retrieved from /opt/airflow/dags/include/fx_dag.py
[2024-04-04T16:47:56.928+0000] {logging_mixin.py:188} INFO - [2024-04-04T16:47:56.928+0000] {dag.py:3047} INFO - Sync 1 DAGs
[2024-04-04T16:47:56.961+0000] {logging_mixin.py:188} INFO - [2024-04-04T16:47:56.961+0000] {dag.py:3834} INFO - Setting next_dagrun for Chuksfx_ETL to 2024-04-04 00:00:00+00:00, run_after=2024-04-05 00:00:00+00:00
[2024-04-04T16:47:56.984+0000] {processor.py:183} INFO - Processing /opt/airflow/dags/include/fx_dag.py took 0.280 seconds
