[2024-04-03T16:20:30.248+0000] {taskinstance.py:1979} INFO - Dependencies all met for dep_context=non-requeueable deps ti=<TaskInstance: Chuksfx_ETL.Extract_Response scheduled__2024-04-02T00:00:00+00:00 [queued]>
[2024-04-03T16:20:30.274+0000] {taskinstance.py:1979} INFO - Dependencies all met for dep_context=requeueable deps ti=<TaskInstance: Chuksfx_ETL.Extract_Response scheduled__2024-04-02T00:00:00+00:00 [queued]>
[2024-04-03T16:20:30.275+0000] {taskinstance.py:2193} INFO - Starting attempt 1 of 0
[2024-04-03T16:20:30.301+0000] {taskinstance.py:2217} INFO - Executing <Task(PythonOperator): Extract_Response> on 2024-04-02 00:00:00+00:00
[2024-04-03T16:20:30.310+0000] {standard_task_runner.py:60} INFO - Started process 2993 to run task
[2024-04-03T16:20:30.317+0000] {standard_task_runner.py:87} INFO - Running: ['***', 'tasks', 'run', 'Chuksfx_ETL', 'Extract_Response', 'scheduled__2024-04-02T00:00:00+00:00', '--job-id', '12', '--raw', '--subdir', 'DAGS_FOLDER/include/fx_dag.py', '--cfg-path', '/tmp/tmpwijmit56']
[2024-04-03T16:20:30.321+0000] {standard_task_runner.py:88} INFO - Job 12: Subtask Extract_Response
[2024-04-03T16:20:30.463+0000] {task_command.py:423} INFO - Running <TaskInstance: Chuksfx_ETL.Extract_Response scheduled__2024-04-02T00:00:00+00:00 [running]> on host 506fa6827c3e
[2024-04-03T16:20:30.613+0000] {taskinstance.py:2513} INFO - Exporting env vars: AIRFLOW_CTX_DAG_OWNER='Chuks' AIRFLOW_CTX_DAG_ID='Chuksfx_ETL' AIRFLOW_CTX_TASK_ID='Extract_Response' AIRFLOW_CTX_EXECUTION_DATE='2024-04-02T00:00:00+00:00' AIRFLOW_CTX_TRY_NUMBER='1' AIRFLOW_CTX_DAG_RUN_ID='scheduled__2024-04-02T00:00:00+00:00'
[2024-04-03T16:20:30.622+0000] {logging_mixin.py:188} INFO - None 10analysis697753392
[2024-04-03T16:20:31.667+0000] {logging_mixin.py:188} INFO - {'code': 1, 'message': 'Bad credentials', 'documentation_url': 'https://xecdapi.xe.com/docs/v1/'}
[2024-04-03T16:20:31.671+0000] {python.py:202} INFO - Done. Returned value was: None
[2024-04-03T16:20:31.686+0000] {taskinstance.py:1149} INFO - Marking task as SUCCESS. dag_id=Chuksfx_ETL, task_id=Extract_Response, execution_date=20240402T000000, start_date=20240403T162030, end_date=20240403T162031
[2024-04-03T16:20:31.741+0000] {local_task_job_runner.py:234} INFO - Task exited with return code 0
[2024-04-03T16:29:42.984+0000] {taskinstance.py:1979} INFO - Dependencies all met for dep_context=non-requeueable deps ti=<TaskInstance: Chuksfx_ETL.Extract_Response scheduled__2024-04-02T00:00:00+00:00 [queued]>
[2024-04-03T16:29:42.993+0000] {taskinstance.py:1979} INFO - Dependencies all met for dep_context=requeueable deps ti=<TaskInstance: Chuksfx_ETL.Extract_Response scheduled__2024-04-02T00:00:00+00:00 [queued]>
[2024-04-03T16:29:42.994+0000] {taskinstance.py:2193} INFO - Starting attempt 1 of 0
[2024-04-03T16:29:43.013+0000] {taskinstance.py:2217} INFO - Executing <Task(PythonOperator): Extract_Response> on 2024-04-02 00:00:00+00:00
[2024-04-03T16:29:43.020+0000] {standard_task_runner.py:60} INFO - Started process 3138 to run task
[2024-04-03T16:29:43.024+0000] {standard_task_runner.py:87} INFO - Running: ['***', 'tasks', 'run', 'Chuksfx_ETL', 'Extract_Response', 'scheduled__2024-04-02T00:00:00+00:00', '--job-id', '15', '--raw', '--subdir', 'DAGS_FOLDER/include/fx_dag.py', '--cfg-path', '/tmp/tmp1xta7mfg']
[2024-04-03T16:29:43.026+0000] {standard_task_runner.py:88} INFO - Job 15: Subtask Extract_Response
[2024-04-03T16:29:43.079+0000] {task_command.py:423} INFO - Running <TaskInstance: Chuksfx_ETL.Extract_Response scheduled__2024-04-02T00:00:00+00:00 [running]> on host 506fa6827c3e
[2024-04-03T16:29:43.149+0000] {taskinstance.py:2513} INFO - Exporting env vars: AIRFLOW_CTX_DAG_OWNER='Chuks' AIRFLOW_CTX_DAG_ID='Chuksfx_ETL' AIRFLOW_CTX_TASK_ID='Extract_Response' AIRFLOW_CTX_EXECUTION_DATE='2024-04-02T00:00:00+00:00' AIRFLOW_CTX_TRY_NUMBER='1' AIRFLOW_CTX_DAG_RUN_ID='scheduled__2024-04-02T00:00:00+00:00'
[2024-04-03T16:29:43.151+0000] {logging_mixin.py:188} INFO - None 10analysis736138842
[2024-04-03T16:29:44.364+0000] {logging_mixin.py:188} INFO - {'code': 1, 'message': 'Bad credentials', 'documentation_url': 'https://xecdapi.xe.com/docs/v1/'}
[2024-04-03T16:29:44.365+0000] {python.py:202} INFO - Done. Returned value was: None
[2024-04-03T16:29:44.375+0000] {taskinstance.py:1149} INFO - Marking task as SUCCESS. dag_id=Chuksfx_ETL, task_id=Extract_Response, execution_date=20240402T000000, start_date=20240403T162942, end_date=20240403T162944
[2024-04-03T16:29:44.481+0000] {local_task_job_runner.py:234} INFO - Task exited with return code 0
[2024-04-03T16:52:45.435+0000] {taskinstance.py:1979} INFO - Dependencies all met for dep_context=non-requeueable deps ti=<TaskInstance: Chuksfx_ETL.Extract_Response scheduled__2024-04-02T00:00:00+00:00 [queued]>
[2024-04-03T16:52:45.445+0000] {taskinstance.py:1979} INFO - Dependencies all met for dep_context=requeueable deps ti=<TaskInstance: Chuksfx_ETL.Extract_Response scheduled__2024-04-02T00:00:00+00:00 [queued]>
[2024-04-03T16:52:45.446+0000] {taskinstance.py:2193} INFO - Starting attempt 1 of 0
[2024-04-03T16:52:45.459+0000] {taskinstance.py:2217} INFO - Executing <Task(PythonOperator): Extract_Response> on 2024-04-02 00:00:00+00:00
[2024-04-03T16:52:45.466+0000] {standard_task_runner.py:60} INFO - Started process 3488 to run task
[2024-04-03T16:52:45.469+0000] {standard_task_runner.py:87} INFO - Running: ['***', 'tasks', 'run', 'Chuksfx_ETL', 'Extract_Response', 'scheduled__2024-04-02T00:00:00+00:00', '--job-id', '17', '--raw', '--subdir', 'DAGS_FOLDER/include/fx_dag.py', '--cfg-path', '/tmp/tmpu8gom3fv']
[2024-04-03T16:52:45.471+0000] {standard_task_runner.py:88} INFO - Job 17: Subtask Extract_Response
[2024-04-03T16:52:45.515+0000] {task_command.py:423} INFO - Running <TaskInstance: Chuksfx_ETL.Extract_Response scheduled__2024-04-02T00:00:00+00:00 [running]> on host 506fa6827c3e
[2024-04-03T16:52:45.577+0000] {taskinstance.py:2513} INFO - Exporting env vars: AIRFLOW_CTX_DAG_OWNER='Chuks' AIRFLOW_CTX_DAG_ID='Chuksfx_ETL' AIRFLOW_CTX_TASK_ID='Extract_Response' AIRFLOW_CTX_EXECUTION_DATE='2024-04-02T00:00:00+00:00' AIRFLOW_CTX_TRY_NUMBER='1' AIRFLOW_CTX_DAG_RUN_ID='scheduled__2024-04-02T00:00:00+00:00'
[2024-04-03T16:52:45.578+0000] {logging_mixin.py:188} INFO - None 10analysis736138842
[2024-04-03T16:52:46.984+0000] {logging_mixin.py:188} INFO - {'code': 1, 'message': 'Bad credentials', 'documentation_url': 'https://xecdapi.xe.com/docs/v1/'}
[2024-04-03T16:52:46.992+0000] {python.py:202} INFO - Done. Returned value was: None
[2024-04-03T16:52:47.004+0000] {taskinstance.py:1149} INFO - Marking task as SUCCESS. dag_id=Chuksfx_ETL, task_id=Extract_Response, execution_date=20240402T000000, start_date=20240403T165245, end_date=20240403T165247
[2024-04-03T16:52:47.052+0000] {local_task_job_runner.py:234} INFO - Task exited with return code 0
[2024-04-03T16:55:08.912+0000] {taskinstance.py:1979} INFO - Dependencies all met for dep_context=non-requeueable deps ti=<TaskInstance: Chuksfx_ETL.Extract_Response scheduled__2024-04-02T00:00:00+00:00 [queued]>
[2024-04-03T16:55:08.920+0000] {taskinstance.py:1979} INFO - Dependencies all met for dep_context=requeueable deps ti=<TaskInstance: Chuksfx_ETL.Extract_Response scheduled__2024-04-02T00:00:00+00:00 [queued]>
[2024-04-03T16:55:08.921+0000] {taskinstance.py:2193} INFO - Starting attempt 1 of 0
[2024-04-03T16:55:08.933+0000] {taskinstance.py:2217} INFO - Executing <Task(PythonOperator): Extract_Response> on 2024-04-02 00:00:00+00:00
[2024-04-03T16:55:08.940+0000] {standard_task_runner.py:60} INFO - Started process 3527 to run task
[2024-04-03T16:55:08.945+0000] {standard_task_runner.py:87} INFO - Running: ['***', 'tasks', 'run', 'Chuksfx_ETL', 'Extract_Response', 'scheduled__2024-04-02T00:00:00+00:00', '--job-id', '19', '--raw', '--subdir', 'DAGS_FOLDER/include/fx_dag.py', '--cfg-path', '/tmp/tmpgt18s04r']
[2024-04-03T16:55:08.946+0000] {standard_task_runner.py:88} INFO - Job 19: Subtask Extract_Response
[2024-04-03T16:55:09.000+0000] {task_command.py:423} INFO - Running <TaskInstance: Chuksfx_ETL.Extract_Response scheduled__2024-04-02T00:00:00+00:00 [running]> on host 506fa6827c3e
[2024-04-03T16:55:09.070+0000] {taskinstance.py:2513} INFO - Exporting env vars: AIRFLOW_CTX_DAG_OWNER='Chuks' AIRFLOW_CTX_DAG_ID='Chuksfx_ETL' AIRFLOW_CTX_TASK_ID='Extract_Response' AIRFLOW_CTX_EXECUTION_DATE='2024-04-02T00:00:00+00:00' AIRFLOW_CTX_TRY_NUMBER='1' AIRFLOW_CTX_DAG_RUN_ID='scheduled__2024-04-02T00:00:00+00:00'
[2024-04-03T16:55:09.072+0000] {logging_mixin.py:188} INFO - None 10analysis736138842
[2024-04-03T16:55:10.232+0000] {logging_mixin.py:188} INFO - {'code': 1, 'message': 'Bad credentials', 'documentation_url': 'https://xecdapi.xe.com/docs/v1/'}
[2024-04-03T16:55:10.234+0000] {python.py:202} INFO - Done. Returned value was: None
[2024-04-03T16:55:10.244+0000] {taskinstance.py:1149} INFO - Marking task as SUCCESS. dag_id=Chuksfx_ETL, task_id=Extract_Response, execution_date=20240402T000000, start_date=20240403T165508, end_date=20240403T165510
[2024-04-03T16:55:10.285+0000] {local_task_job_runner.py:234} INFO - Task exited with return code 0
[2024-04-03T17:20:30.491+0000] {taskinstance.py:1979} INFO - Dependencies all met for dep_context=non-requeueable deps ti=<TaskInstance: Chuksfx_ETL.Extract_Response scheduled__2024-04-02T00:00:00+00:00 [queued]>
[2024-04-03T17:20:30.500+0000] {taskinstance.py:1979} INFO - Dependencies all met for dep_context=requeueable deps ti=<TaskInstance: Chuksfx_ETL.Extract_Response scheduled__2024-04-02T00:00:00+00:00 [queued]>
[2024-04-03T17:20:30.501+0000] {taskinstance.py:2193} INFO - Starting attempt 1 of 0
[2024-04-03T17:20:30.515+0000] {taskinstance.py:2217} INFO - Executing <Task(PythonOperator): Extract_Response> on 2024-04-02 00:00:00+00:00
[2024-04-03T17:20:30.520+0000] {standard_task_runner.py:60} INFO - Started process 3914 to run task
[2024-04-03T17:20:30.523+0000] {standard_task_runner.py:87} INFO - Running: ['***', 'tasks', 'run', 'Chuksfx_ETL', 'Extract_Response', 'scheduled__2024-04-02T00:00:00+00:00', '--job-id', '23', '--raw', '--subdir', 'DAGS_FOLDER/include/fx_dag.py', '--cfg-path', '/tmp/tmpoiww4uvm']
[2024-04-03T17:20:30.524+0000] {standard_task_runner.py:88} INFO - Job 23: Subtask Extract_Response
[2024-04-03T17:20:30.572+0000] {task_command.py:423} INFO - Running <TaskInstance: Chuksfx_ETL.Extract_Response scheduled__2024-04-02T00:00:00+00:00 [running]> on host 506fa6827c3e
[2024-04-03T17:20:30.645+0000] {taskinstance.py:2513} INFO - Exporting env vars: AIRFLOW_CTX_DAG_OWNER='Chuks' AIRFLOW_CTX_DAG_ID='Chuksfx_ETL' AIRFLOW_CTX_TASK_ID='Extract_Response' AIRFLOW_CTX_EXECUTION_DATE='2024-04-02T00:00:00+00:00' AIRFLOW_CTX_TRY_NUMBER='1' AIRFLOW_CTX_DAG_RUN_ID='scheduled__2024-04-02T00:00:00+00:00'
[2024-04-03T17:20:30.646+0000] {logging_mixin.py:188} INFO - None 10analysis736138842
[2024-04-03T17:20:31.709+0000] {logging_mixin.py:188} INFO - {'code': 1, 'message': 'Bad credentials', 'documentation_url': 'https://xecdapi.xe.com/docs/v1/'}
[2024-04-03T17:20:31.710+0000] {python.py:202} INFO - Done. Returned value was: None
[2024-04-03T17:20:31.720+0000] {taskinstance.py:1149} INFO - Marking task as SUCCESS. dag_id=Chuksfx_ETL, task_id=Extract_Response, execution_date=20240402T000000, start_date=20240403T172030, end_date=20240403T172031
[2024-04-03T17:20:31.780+0000] {local_task_job_runner.py:234} INFO - Task exited with return code 0
[2024-04-03T17:34:55.715+0000] {taskinstance.py:1979} INFO - Dependencies all met for dep_context=non-requeueable deps ti=<TaskInstance: Chuksfx_ETL.Extract_Response scheduled__2024-04-02T00:00:00+00:00 [queued]>
[2024-04-03T17:34:55.725+0000] {taskinstance.py:1979} INFO - Dependencies all met for dep_context=requeueable deps ti=<TaskInstance: Chuksfx_ETL.Extract_Response scheduled__2024-04-02T00:00:00+00:00 [queued]>
[2024-04-03T17:34:55.726+0000] {taskinstance.py:2193} INFO - Starting attempt 1 of 0
[2024-04-03T17:34:55.743+0000] {taskinstance.py:2217} INFO - Executing <Task(PythonOperator): Extract_Response> on 2024-04-02 00:00:00+00:00
[2024-04-03T17:34:55.750+0000] {standard_task_runner.py:60} INFO - Started process 4128 to run task
[2024-04-03T17:34:55.753+0000] {standard_task_runner.py:87} INFO - Running: ['***', 'tasks', 'run', 'Chuksfx_ETL', 'Extract_Response', 'scheduled__2024-04-02T00:00:00+00:00', '--job-id', '25', '--raw', '--subdir', 'DAGS_FOLDER/include/fx_dag.py', '--cfg-path', '/tmp/tmpjtnqkf7p']
[2024-04-03T17:34:55.754+0000] {standard_task_runner.py:88} INFO - Job 25: Subtask Extract_Response
[2024-04-03T17:34:55.802+0000] {task_command.py:423} INFO - Running <TaskInstance: Chuksfx_ETL.Extract_Response scheduled__2024-04-02T00:00:00+00:00 [running]> on host 506fa6827c3e
[2024-04-03T17:34:55.874+0000] {taskinstance.py:2513} INFO - Exporting env vars: AIRFLOW_CTX_DAG_OWNER='Chuks' AIRFLOW_CTX_DAG_ID='Chuksfx_ETL' AIRFLOW_CTX_TASK_ID='Extract_Response' AIRFLOW_CTX_EXECUTION_DATE='2024-04-02T00:00:00+00:00' AIRFLOW_CTX_TRY_NUMBER='1' AIRFLOW_CTX_DAG_RUN_ID='scheduled__2024-04-02T00:00:00+00:00'
[2024-04-03T17:34:55.876+0000] {logging_mixin.py:188} INFO - None 10analysis697753392
[2024-04-03T17:34:57.307+0000] {logging_mixin.py:188} INFO - {'code': 1, 'message': 'Bad credentials', 'documentation_url': 'https://xecdapi.xe.com/docs/v1/'}
[2024-04-03T17:34:57.309+0000] {python.py:202} INFO - Done. Returned value was: None
[2024-04-03T17:34:57.322+0000] {taskinstance.py:1149} INFO - Marking task as SUCCESS. dag_id=Chuksfx_ETL, task_id=Extract_Response, execution_date=20240402T000000, start_date=20240403T173455, end_date=20240403T173457
[2024-04-03T17:34:57.377+0000] {local_task_job_runner.py:234} INFO - Task exited with return code 0
[2024-04-03T17:39:20.094+0000] {taskinstance.py:1979} INFO - Dependencies all met for dep_context=non-requeueable deps ti=<TaskInstance: Chuksfx_ETL.Extract_Response scheduled__2024-04-02T00:00:00+00:00 [queued]>
[2024-04-03T17:39:20.149+0000] {taskinstance.py:1979} INFO - Dependencies all met for dep_context=requeueable deps ti=<TaskInstance: Chuksfx_ETL.Extract_Response scheduled__2024-04-02T00:00:00+00:00 [queued]>
[2024-04-03T17:39:20.150+0000] {taskinstance.py:2193} INFO - Starting attempt 1 of 0
[2024-04-03T17:39:20.186+0000] {taskinstance.py:2217} INFO - Executing <Task(PythonOperator): Extract_Response> on 2024-04-02 00:00:00+00:00
[2024-04-03T17:39:20.194+0000] {standard_task_runner.py:60} INFO - Started process 4198 to run task
[2024-04-03T17:39:20.198+0000] {standard_task_runner.py:87} INFO - Running: ['***', 'tasks', 'run', 'Chuksfx_ETL', 'Extract_Response', 'scheduled__2024-04-02T00:00:00+00:00', '--job-id', '27', '--raw', '--subdir', 'DAGS_FOLDER/include/fx_dag.py', '--cfg-path', '/tmp/tmpuu7utkny']
[2024-04-03T17:39:20.200+0000] {standard_task_runner.py:88} INFO - Job 27: Subtask Extract_Response
[2024-04-03T17:39:20.255+0000] {task_command.py:423} INFO - Running <TaskInstance: Chuksfx_ETL.Extract_Response scheduled__2024-04-02T00:00:00+00:00 [running]> on host 506fa6827c3e
[2024-04-03T17:39:20.337+0000] {taskinstance.py:2513} INFO - Exporting env vars: AIRFLOW_CTX_DAG_OWNER='Chuks' AIRFLOW_CTX_DAG_ID='Chuksfx_ETL' AIRFLOW_CTX_TASK_ID='Extract_Response' AIRFLOW_CTX_EXECUTION_DATE='2024-04-02T00:00:00+00:00' AIRFLOW_CTX_TRY_NUMBER='1' AIRFLOW_CTX_DAG_RUN_ID='scheduled__2024-04-02T00:00:00+00:00'
[2024-04-03T17:39:20.338+0000] {logging_mixin.py:188} INFO - None 10analysis697753392
[2024-04-03T17:39:21.754+0000] {logging_mixin.py:188} INFO - {'code': 1, 'message': 'Bad credentials', 'documentation_url': 'https://xecdapi.xe.com/docs/v1/'}
[2024-04-03T17:39:21.755+0000] {python.py:202} INFO - Done. Returned value was: None
[2024-04-03T17:39:21.767+0000] {taskinstance.py:1149} INFO - Marking task as SUCCESS. dag_id=Chuksfx_ETL, task_id=Extract_Response, execution_date=20240402T000000, start_date=20240403T173920, end_date=20240403T173921
[2024-04-03T17:39:21.820+0000] {local_task_job_runner.py:234} INFO - Task exited with return code 0
[2024-04-03T17:55:29.094+0000] {taskinstance.py:1979} INFO - Dependencies all met for dep_context=non-requeueable deps ti=<TaskInstance: Chuksfx_ETL.Extract_Response scheduled__2024-04-02T00:00:00+00:00 [queued]>
[2024-04-03T17:55:29.107+0000] {taskinstance.py:1979} INFO - Dependencies all met for dep_context=requeueable deps ti=<TaskInstance: Chuksfx_ETL.Extract_Response scheduled__2024-04-02T00:00:00+00:00 [queued]>
[2024-04-03T17:55:29.108+0000] {taskinstance.py:2193} INFO - Starting attempt 1 of 0
[2024-04-03T17:55:29.124+0000] {taskinstance.py:2217} INFO - Executing <Task(PythonOperator): Extract_Response> on 2024-04-02 00:00:00+00:00
[2024-04-03T17:55:29.131+0000] {standard_task_runner.py:60} INFO - Started process 4451 to run task
[2024-04-03T17:55:29.134+0000] {standard_task_runner.py:87} INFO - Running: ['***', 'tasks', 'run', 'Chuksfx_ETL', 'Extract_Response', 'scheduled__2024-04-02T00:00:00+00:00', '--job-id', '31', '--raw', '--subdir', 'DAGS_FOLDER/include/fx_dag.py', '--cfg-path', '/tmp/tmpv6bp43ap']
[2024-04-03T17:55:29.136+0000] {standard_task_runner.py:88} INFO - Job 31: Subtask Extract_Response
[2024-04-03T17:55:29.203+0000] {task_command.py:423} INFO - Running <TaskInstance: Chuksfx_ETL.Extract_Response scheduled__2024-04-02T00:00:00+00:00 [running]> on host 506fa6827c3e
[2024-04-03T17:55:29.303+0000] {taskinstance.py:2513} INFO - Exporting env vars: AIRFLOW_CTX_DAG_OWNER='Chuks' AIRFLOW_CTX_DAG_ID='Chuksfx_ETL' AIRFLOW_CTX_TASK_ID='Extract_Response' AIRFLOW_CTX_EXECUTION_DATE='2024-04-02T00:00:00+00:00' AIRFLOW_CTX_TRY_NUMBER='1' AIRFLOW_CTX_DAG_RUN_ID='scheduled__2024-04-02T00:00:00+00:00'
[2024-04-03T17:55:29.305+0000] {logging_mixin.py:188} INFO - None 10analysis697753392
[2024-04-03T17:55:30.554+0000] {logging_mixin.py:188} INFO - {'terms': 'https://www.xe.com/legal/', 'privacy': 'http://www.xe.com/privacy.php', 'from': 'USD', 'amount': 1.0, 'timestamp': '2024-04-03T00:00:00Z', 'to': [{'quotecurrency': 'EGP', 'mid': 47.1573789591}, {'quotecurrency': 'GHS', 'mid': 13.2853672063}, {'quotecurrency': 'KES', 'mid': 130.9903909322}, {'quotecurrency': 'MAD', 'mid': 10.0744643035}, {'quotecurrency': 'NGN', 'mid': 1308.4589009086}, {'quotecurrency': 'UGX', 'mid': 3874.8521948817}]}
[2024-04-03T17:55:30.555+0000] {python.py:202} INFO - Done. Returned value was: None
[2024-04-03T17:55:30.565+0000] {taskinstance.py:1149} INFO - Marking task as SUCCESS. dag_id=Chuksfx_ETL, task_id=Extract_Response, execution_date=20240402T000000, start_date=20240403T175529, end_date=20240403T175530
[2024-04-03T17:55:30.595+0000] {local_task_job_runner.py:234} INFO - Task exited with return code 0
[2024-04-03T18:00:35.487+0000] {taskinstance.py:1979} INFO - Dependencies all met for dep_context=non-requeueable deps ti=<TaskInstance: Chuksfx_ETL.Extract_Response scheduled__2024-04-02T00:00:00+00:00 [queued]>
[2024-04-03T18:00:35.497+0000] {taskinstance.py:1979} INFO - Dependencies all met for dep_context=requeueable deps ti=<TaskInstance: Chuksfx_ETL.Extract_Response scheduled__2024-04-02T00:00:00+00:00 [queued]>
[2024-04-03T18:00:35.498+0000] {taskinstance.py:2193} INFO - Starting attempt 1 of 0
[2024-04-03T18:00:35.513+0000] {taskinstance.py:2217} INFO - Executing <Task(PythonOperator): Extract_Response> on 2024-04-02 00:00:00+00:00
[2024-04-03T18:00:35.519+0000] {standard_task_runner.py:60} INFO - Started process 4540 to run task
[2024-04-03T18:00:35.523+0000] {standard_task_runner.py:87} INFO - Running: ['***', 'tasks', 'run', 'Chuksfx_ETL', 'Extract_Response', 'scheduled__2024-04-02T00:00:00+00:00', '--job-id', '34', '--raw', '--subdir', 'DAGS_FOLDER/include/fx_dag.py', '--cfg-path', '/tmp/tmph8zfkgsp']
[2024-04-03T18:00:35.524+0000] {standard_task_runner.py:88} INFO - Job 34: Subtask Extract_Response
[2024-04-03T18:00:35.587+0000] {task_command.py:423} INFO - Running <TaskInstance: Chuksfx_ETL.Extract_Response scheduled__2024-04-02T00:00:00+00:00 [running]> on host 506fa6827c3e
[2024-04-03T18:00:35.671+0000] {taskinstance.py:2513} INFO - Exporting env vars: AIRFLOW_CTX_DAG_OWNER='Chuks' AIRFLOW_CTX_DAG_ID='Chuksfx_ETL' AIRFLOW_CTX_TASK_ID='Extract_Response' AIRFLOW_CTX_EXECUTION_DATE='2024-04-02T00:00:00+00:00' AIRFLOW_CTX_TRY_NUMBER='1' AIRFLOW_CTX_DAG_RUN_ID='scheduled__2024-04-02T00:00:00+00:00'
[2024-04-03T18:00:35.673+0000] {logging_mixin.py:188} INFO - None 10analysis697753392
[2024-04-03T18:00:37.341+0000] {logging_mixin.py:188} INFO - {'terms': 'https://www.xe.com/legal/', 'privacy': 'http://www.xe.com/privacy.php', 'from': 'USD', 'amount': 1.0, 'timestamp': '2024-04-03T00:00:00Z', 'to': [{'quotecurrency': 'EGP', 'mid': 47.1573789591}, {'quotecurrency': 'GHS', 'mid': 13.2853672063}, {'quotecurrency': 'KES', 'mid': 130.9903909322}, {'quotecurrency': 'MAD', 'mid': 10.0744643035}, {'quotecurrency': 'NGN', 'mid': 1308.4589009086}, {'quotecurrency': 'UGX', 'mid': 3874.8521948817}]}
[2024-04-03T18:00:37.345+0000] {python.py:202} INFO - Done. Returned value was: None
[2024-04-03T18:00:37.358+0000] {taskinstance.py:1149} INFO - Marking task as SUCCESS. dag_id=Chuksfx_ETL, task_id=Extract_Response, execution_date=20240402T000000, start_date=20240403T180035, end_date=20240403T180037
[2024-04-03T18:00:37.386+0000] {local_task_job_runner.py:234} INFO - Task exited with return code 0
[2024-04-03T19:44:00.319+0000] {taskinstance.py:1979} INFO - Dependencies all met for dep_context=non-requeueable deps ti=<TaskInstance: Chuksfx_ETL.Extract_Response scheduled__2024-04-02T00:00:00+00:00 [queued]>
[2024-04-03T19:44:00.326+0000] {taskinstance.py:1979} INFO - Dependencies all met for dep_context=requeueable deps ti=<TaskInstance: Chuksfx_ETL.Extract_Response scheduled__2024-04-02T00:00:00+00:00 [queued]>
[2024-04-03T19:44:00.326+0000] {taskinstance.py:2193} INFO - Starting attempt 1 of 0
[2024-04-03T19:44:00.336+0000] {taskinstance.py:2217} INFO - Executing <Task(PythonOperator): Extract_Response> on 2024-04-02 00:00:00+00:00
[2024-04-03T19:44:00.341+0000] {standard_task_runner.py:60} INFO - Started process 6076 to run task
[2024-04-03T19:44:00.343+0000] {standard_task_runner.py:87} INFO - Running: ['***', 'tasks', 'run', 'Chuksfx_ETL', 'Extract_Response', 'scheduled__2024-04-02T00:00:00+00:00', '--job-id', '37', '--raw', '--subdir', 'DAGS_FOLDER/include/fx_dag.py', '--cfg-path', '/tmp/tmp571wm7nk']
[2024-04-03T19:44:00.344+0000] {standard_task_runner.py:88} INFO - Job 37: Subtask Extract_Response
[2024-04-03T19:44:00.379+0000] {task_command.py:423} INFO - Running <TaskInstance: Chuksfx_ETL.Extract_Response scheduled__2024-04-02T00:00:00+00:00 [running]> on host 506fa6827c3e
[2024-04-03T19:44:00.431+0000] {taskinstance.py:2513} INFO - Exporting env vars: AIRFLOW_CTX_DAG_OWNER='Chuks' AIRFLOW_CTX_DAG_ID='Chuksfx_ETL' AIRFLOW_CTX_TASK_ID='Extract_Response' AIRFLOW_CTX_EXECUTION_DATE='2024-04-02T00:00:00+00:00' AIRFLOW_CTX_TRY_NUMBER='1' AIRFLOW_CTX_DAG_RUN_ID='scheduled__2024-04-02T00:00:00+00:00'
[2024-04-03T19:44:00.432+0000] {logging_mixin.py:188} INFO - None 10analysis697753392
[2024-04-03T19:44:01.784+0000] {logging_mixin.py:188} INFO - {'terms': 'https://www.xe.com/legal/', 'privacy': 'http://www.xe.com/privacy.php', 'from': 'USD', 'amount': 1.0, 'timestamp': '2024-04-03T00:00:00Z', 'to': [{'quotecurrency': 'EGP', 'mid': 47.1573789591}, {'quotecurrency': 'GHS', 'mid': 13.2853672063}, {'quotecurrency': 'KES', 'mid': 130.9903909322}, {'quotecurrency': 'MAD', 'mid': 10.0744643035}, {'quotecurrency': 'NGN', 'mid': 1308.4589009086}, {'quotecurrency': 'UGX', 'mid': 3874.8521948817}]}
[2024-04-03T19:44:01.785+0000] {python.py:202} INFO - Done. Returned value was: None
[2024-04-03T19:44:01.793+0000] {taskinstance.py:1149} INFO - Marking task as SUCCESS. dag_id=Chuksfx_ETL, task_id=Extract_Response, execution_date=20240402T000000, start_date=20240403T194400, end_date=20240403T194401
[2024-04-03T19:44:01.846+0000] {local_task_job_runner.py:234} INFO - Task exited with return code 0
[2024-04-03T19:44:01.859+0000] {warnings.py:109} WARNING - /home/***/.local/lib/python3.8/site-packages/***/models/baseoperator.py:1201: AirflowProviderDeprecationWarning: Call to deprecated class SnowflakeOperator. (This class is deprecated. Please use `***.providers.common.sql.operators.sql.SQLExecuteQueryOperator`. Also, you can provide `hook_params={'warehouse': <warehouse>, 'database': <database>, 'role': <role>, 'schema': <schema>, 'authenticator': <authenticator>,'session_parameters': <session_parameters>}`.)
  result = cls.__new__(cls)

[2024-04-03T19:44:01.871+0000] {taskinstance.py:3312} INFO - 1 downstream tasks scheduled from follow-on schedule check
[2024-04-03T19:46:37.040+0000] {taskinstance.py:1979} INFO - Dependencies all met for dep_context=non-requeueable deps ti=<TaskInstance: Chuksfx_ETL.Extract_Response scheduled__2024-04-02T00:00:00+00:00 [queued]>
[2024-04-03T19:46:37.046+0000] {taskinstance.py:1979} INFO - Dependencies all met for dep_context=requeueable deps ti=<TaskInstance: Chuksfx_ETL.Extract_Response scheduled__2024-04-02T00:00:00+00:00 [queued]>
[2024-04-03T19:46:37.046+0000] {taskinstance.py:2193} INFO - Starting attempt 1 of 0
[2024-04-03T19:46:37.054+0000] {taskinstance.py:2217} INFO - Executing <Task(PythonOperator): Extract_Response> on 2024-04-02 00:00:00+00:00
[2024-04-03T19:46:37.059+0000] {standard_task_runner.py:60} INFO - Started process 6125 to run task
[2024-04-03T19:46:37.062+0000] {standard_task_runner.py:87} INFO - Running: ['***', 'tasks', 'run', 'Chuksfx_ETL', 'Extract_Response', 'scheduled__2024-04-02T00:00:00+00:00', '--job-id', '40', '--raw', '--subdir', 'DAGS_FOLDER/include/fx_dag.py', '--cfg-path', '/tmp/tmp158x2lkz']
[2024-04-03T19:46:37.063+0000] {standard_task_runner.py:88} INFO - Job 40: Subtask Extract_Response
[2024-04-03T19:46:37.097+0000] {task_command.py:423} INFO - Running <TaskInstance: Chuksfx_ETL.Extract_Response scheduled__2024-04-02T00:00:00+00:00 [running]> on host 506fa6827c3e
[2024-04-03T19:46:37.143+0000] {taskinstance.py:2513} INFO - Exporting env vars: AIRFLOW_CTX_DAG_OWNER='Chuks' AIRFLOW_CTX_DAG_ID='Chuksfx_ETL' AIRFLOW_CTX_TASK_ID='Extract_Response' AIRFLOW_CTX_EXECUTION_DATE='2024-04-02T00:00:00+00:00' AIRFLOW_CTX_TRY_NUMBER='1' AIRFLOW_CTX_DAG_RUN_ID='scheduled__2024-04-02T00:00:00+00:00'
[2024-04-03T19:46:37.145+0000] {logging_mixin.py:188} INFO - None 10analysis697753392
[2024-04-03T19:46:38.389+0000] {logging_mixin.py:188} INFO - {'terms': 'https://www.xe.com/legal/', 'privacy': 'http://www.xe.com/privacy.php', 'from': 'USD', 'amount': 1.0, 'timestamp': '2024-04-03T00:00:00Z', 'to': [{'quotecurrency': 'EGP', 'mid': 47.1573789591}, {'quotecurrency': 'GHS', 'mid': 13.2853672063}, {'quotecurrency': 'KES', 'mid': 130.9903909322}, {'quotecurrency': 'MAD', 'mid': 10.0744643035}, {'quotecurrency': 'NGN', 'mid': 1308.4589009086}, {'quotecurrency': 'UGX', 'mid': 3874.8521948817}]}
[2024-04-03T19:46:38.392+0000] {python.py:202} INFO - Done. Returned value was: None
[2024-04-03T19:46:38.401+0000] {taskinstance.py:1149} INFO - Marking task as SUCCESS. dag_id=Chuksfx_ETL, task_id=Extract_Response, execution_date=20240402T000000, start_date=20240403T194637, end_date=20240403T194638
[2024-04-03T19:46:38.444+0000] {local_task_job_runner.py:234} INFO - Task exited with return code 0
[2024-04-03T19:46:38.454+0000] {warnings.py:109} WARNING - /home/***/.local/lib/python3.8/site-packages/***/models/baseoperator.py:1201: AirflowProviderDeprecationWarning: Call to deprecated class SnowflakeOperator. (This class is deprecated. Please use `***.providers.common.sql.operators.sql.SQLExecuteQueryOperator`. Also, you can provide `hook_params={'warehouse': <warehouse>, 'database': <database>, 'role': <role>, 'schema': <schema>, 'authenticator': <authenticator>,'session_parameters': <session_parameters>}`.)
  result = cls.__new__(cls)

[2024-04-03T19:46:38.466+0000] {taskinstance.py:3312} INFO - 1 downstream tasks scheduled from follow-on schedule check
[2024-04-03T20:03:24.591+0000] {taskinstance.py:1979} INFO - Dependencies all met for dep_context=non-requeueable deps ti=<TaskInstance: Chuksfx_ETL.Extract_Response scheduled__2024-04-02T00:00:00+00:00 [queued]>
[2024-04-03T20:03:24.598+0000] {taskinstance.py:1979} INFO - Dependencies all met for dep_context=requeueable deps ti=<TaskInstance: Chuksfx_ETL.Extract_Response scheduled__2024-04-02T00:00:00+00:00 [queued]>
[2024-04-03T20:03:24.599+0000] {taskinstance.py:2193} INFO - Starting attempt 1 of 0
[2024-04-03T20:03:24.609+0000] {taskinstance.py:2217} INFO - Executing <Task(PythonOperator): Extract_Response> on 2024-04-02 00:00:00+00:00
[2024-04-03T20:03:24.615+0000] {standard_task_runner.py:60} INFO - Started process 6393 to run task
[2024-04-03T20:03:24.618+0000] {standard_task_runner.py:87} INFO - Running: ['***', 'tasks', 'run', 'Chuksfx_ETL', 'Extract_Response', 'scheduled__2024-04-02T00:00:00+00:00', '--job-id', '43', '--raw', '--subdir', 'DAGS_FOLDER/include/fx_dag.py', '--cfg-path', '/tmp/tmpteiw5utl']
[2024-04-03T20:03:24.619+0000] {standard_task_runner.py:88} INFO - Job 43: Subtask Extract_Response
[2024-04-03T20:03:24.664+0000] {task_command.py:423} INFO - Running <TaskInstance: Chuksfx_ETL.Extract_Response scheduled__2024-04-02T00:00:00+00:00 [running]> on host 506fa6827c3e
[2024-04-03T20:03:24.720+0000] {taskinstance.py:2513} INFO - Exporting env vars: AIRFLOW_CTX_DAG_OWNER='Chuks' AIRFLOW_CTX_DAG_ID='Chuksfx_ETL' AIRFLOW_CTX_TASK_ID='Extract_Response' AIRFLOW_CTX_EXECUTION_DATE='2024-04-02T00:00:00+00:00' AIRFLOW_CTX_TRY_NUMBER='1' AIRFLOW_CTX_DAG_RUN_ID='scheduled__2024-04-02T00:00:00+00:00'
[2024-04-03T20:03:24.722+0000] {logging_mixin.py:188} INFO - None 10analysis697753392
[2024-04-03T20:03:25.773+0000] {logging_mixin.py:188} INFO - {'terms': 'https://www.xe.com/legal/', 'privacy': 'http://www.xe.com/privacy.php', 'from': 'USD', 'amount': 1.0, 'timestamp': '2024-04-03T00:00:00Z', 'to': [{'quotecurrency': 'EGP', 'mid': 47.1573789591}, {'quotecurrency': 'GHS', 'mid': 13.2853672063}, {'quotecurrency': 'KES', 'mid': 130.9903909322}, {'quotecurrency': 'MAD', 'mid': 10.0744643035}, {'quotecurrency': 'NGN', 'mid': 1308.4589009086}, {'quotecurrency': 'UGX', 'mid': 3874.8521948817}]}
[2024-04-03T20:03:25.775+0000] {python.py:202} INFO - Done. Returned value was: None
[2024-04-03T20:03:25.784+0000] {taskinstance.py:1149} INFO - Marking task as SUCCESS. dag_id=Chuksfx_ETL, task_id=Extract_Response, execution_date=20240402T000000, start_date=20240403T200324, end_date=20240403T200325
[2024-04-03T20:03:25.839+0000] {local_task_job_runner.py:234} INFO - Task exited with return code 0
[2024-04-03T20:03:25.850+0000] {warnings.py:109} WARNING - /home/***/.local/lib/python3.8/site-packages/***/models/baseoperator.py:1201: AirflowProviderDeprecationWarning: Call to deprecated class SnowflakeOperator. (This class is deprecated. Please use `***.providers.common.sql.operators.sql.SQLExecuteQueryOperator`. Also, you can provide `hook_params={'warehouse': <warehouse>, 'database': <database>, 'role': <role>, 'schema': <schema>, 'authenticator': <authenticator>,'session_parameters': <session_parameters>}`.)
  result = cls.__new__(cls)

[2024-04-03T20:03:25.864+0000] {taskinstance.py:3312} INFO - 1 downstream tasks scheduled from follow-on schedule check
[2024-04-03T20:37:17.143+0000] {taskinstance.py:1979} INFO - Dependencies all met for dep_context=non-requeueable deps ti=<TaskInstance: Chuksfx_ETL.Extract_Response scheduled__2024-04-02T00:00:00+00:00 [queued]>
[2024-04-03T20:37:17.152+0000] {taskinstance.py:1979} INFO - Dependencies all met for dep_context=requeueable deps ti=<TaskInstance: Chuksfx_ETL.Extract_Response scheduled__2024-04-02T00:00:00+00:00 [queued]>
[2024-04-03T20:37:17.153+0000] {taskinstance.py:2193} INFO - Starting attempt 1 of 0
[2024-04-03T20:37:17.164+0000] {taskinstance.py:2217} INFO - Executing <Task(PythonOperator): Extract_Response> on 2024-04-02 00:00:00+00:00
[2024-04-03T20:37:17.168+0000] {standard_task_runner.py:60} INFO - Started process 6928 to run task
[2024-04-03T20:37:17.171+0000] {standard_task_runner.py:87} INFO - Running: ['***', 'tasks', 'run', 'Chuksfx_ETL', 'Extract_Response', 'scheduled__2024-04-02T00:00:00+00:00', '--job-id', '49', '--raw', '--subdir', 'DAGS_FOLDER/include/fx_dag.py', '--cfg-path', '/tmp/tmpx0wfy56_']
[2024-04-03T20:37:17.172+0000] {standard_task_runner.py:88} INFO - Job 49: Subtask Extract_Response
[2024-04-03T20:37:17.250+0000] {task_command.py:423} INFO - Running <TaskInstance: Chuksfx_ETL.Extract_Response scheduled__2024-04-02T00:00:00+00:00 [running]> on host 506fa6827c3e
[2024-04-03T20:37:17.443+0000] {taskinstance.py:2513} INFO - Exporting env vars: AIRFLOW_CTX_DAG_OWNER='Chuks' AIRFLOW_CTX_DAG_ID='Chuksfx_ETL' AIRFLOW_CTX_TASK_ID='Extract_Response' AIRFLOW_CTX_EXECUTION_DATE='2024-04-02T00:00:00+00:00' AIRFLOW_CTX_TRY_NUMBER='1' AIRFLOW_CTX_DAG_RUN_ID='scheduled__2024-04-02T00:00:00+00:00'
[2024-04-03T20:37:17.445+0000] {logging_mixin.py:188} INFO - None 10analysis697753392
[2024-04-03T20:37:18.772+0000] {logging_mixin.py:188} INFO - {'terms': 'https://www.xe.com/legal/', 'privacy': 'http://www.xe.com/privacy.php', 'from': 'USD', 'amount': 1.0, 'timestamp': '2024-04-03T00:00:00Z', 'to': [{'quotecurrency': 'EGP', 'mid': 47.1573789591}, {'quotecurrency': 'GHS', 'mid': 13.2853672063}, {'quotecurrency': 'KES', 'mid': 130.9903909322}, {'quotecurrency': 'MAD', 'mid': 10.0744643035}, {'quotecurrency': 'NGN', 'mid': 1308.4589009086}, {'quotecurrency': 'UGX', 'mid': 3874.8521948817}]}
[2024-04-03T20:37:18.773+0000] {python.py:202} INFO - Done. Returned value was: None
[2024-04-03T20:37:18.783+0000] {taskinstance.py:1149} INFO - Marking task as SUCCESS. dag_id=Chuksfx_ETL, task_id=Extract_Response, execution_date=20240402T000000, start_date=20240403T203717, end_date=20240403T203718
[2024-04-03T20:37:18.832+0000] {local_task_job_runner.py:234} INFO - Task exited with return code 0
[2024-04-03T20:37:18.851+0000] {warnings.py:109} WARNING - /home/***/.local/lib/python3.8/site-packages/***/models/baseoperator.py:1201: AirflowProviderDeprecationWarning: Call to deprecated class SnowflakeOperator. (This class is deprecated. Please use `***.providers.common.sql.operators.sql.SQLExecuteQueryOperator`. Also, you can provide `hook_params={'warehouse': <warehouse>, 'database': <database>, 'role': <role>, 'schema': <schema>, 'authenticator': <authenticator>,'session_parameters': <session_parameters>}`.)
  result = cls.__new__(cls)

[2024-04-03T20:37:18.865+0000] {taskinstance.py:3312} INFO - 1 downstream tasks scheduled from follow-on schedule check
[2024-04-03T21:22:45.602+0000] {taskinstance.py:1979} INFO - Dependencies all met for dep_context=non-requeueable deps ti=<TaskInstance: Chuksfx_ETL.Extract_Response scheduled__2024-04-02T00:00:00+00:00 [queued]>
[2024-04-03T21:22:45.611+0000] {taskinstance.py:1979} INFO - Dependencies all met for dep_context=requeueable deps ti=<TaskInstance: Chuksfx_ETL.Extract_Response scheduled__2024-04-02T00:00:00+00:00 [queued]>
[2024-04-03T21:22:45.612+0000] {taskinstance.py:2193} INFO - Starting attempt 1 of 0
[2024-04-03T21:22:45.623+0000] {taskinstance.py:2217} INFO - Executing <Task(PythonOperator): Extract_Response> on 2024-04-02 00:00:00+00:00
[2024-04-03T21:22:45.629+0000] {standard_task_runner.py:60} INFO - Started process 7628 to run task
[2024-04-03T21:22:45.634+0000] {standard_task_runner.py:87} INFO - Running: ['***', 'tasks', 'run', 'Chuksfx_ETL', 'Extract_Response', 'scheduled__2024-04-02T00:00:00+00:00', '--job-id', '52', '--raw', '--subdir', 'DAGS_FOLDER/include/fx_dag.py', '--cfg-path', '/tmp/tmpqt0mrp2k']
[2024-04-03T21:22:45.636+0000] {standard_task_runner.py:88} INFO - Job 52: Subtask Extract_Response
[2024-04-03T21:22:45.779+0000] {task_command.py:423} INFO - Running <TaskInstance: Chuksfx_ETL.Extract_Response scheduled__2024-04-02T00:00:00+00:00 [running]> on host 506fa6827c3e
[2024-04-03T21:22:45.934+0000] {taskinstance.py:2513} INFO - Exporting env vars: AIRFLOW_CTX_DAG_OWNER='Chuks' AIRFLOW_CTX_DAG_ID='Chuksfx_ETL' AIRFLOW_CTX_TASK_ID='Extract_Response' AIRFLOW_CTX_EXECUTION_DATE='2024-04-02T00:00:00+00:00' AIRFLOW_CTX_TRY_NUMBER='1' AIRFLOW_CTX_DAG_RUN_ID='scheduled__2024-04-02T00:00:00+00:00'
[2024-04-03T21:22:45.936+0000] {logging_mixin.py:188} INFO - None 10analysis697753392
[2024-04-03T21:22:47.155+0000] {logging_mixin.py:188} INFO - {'terms': 'https://www.xe.com/legal/', 'privacy': 'http://www.xe.com/privacy.php', 'from': 'USD', 'amount': 1.0, 'timestamp': '2024-04-03T00:00:00Z', 'to': [{'quotecurrency': 'EGP', 'mid': 47.1573789591}, {'quotecurrency': 'GHS', 'mid': 13.2853672063}, {'quotecurrency': 'KES', 'mid': 130.9903909322}, {'quotecurrency': 'MAD', 'mid': 10.0744643035}, {'quotecurrency': 'NGN', 'mid': 1308.4589009086}, {'quotecurrency': 'UGX', 'mid': 3874.8521948817}]}
[2024-04-03T21:22:47.156+0000] {python.py:202} INFO - Done. Returned value was: None
[2024-04-03T21:22:47.167+0000] {taskinstance.py:1149} INFO - Marking task as SUCCESS. dag_id=Chuksfx_ETL, task_id=Extract_Response, execution_date=20240402T000000, start_date=20240403T212245, end_date=20240403T212247
[2024-04-03T21:22:47.218+0000] {local_task_job_runner.py:234} INFO - Task exited with return code 0
[2024-04-03T21:22:47.234+0000] {warnings.py:109} WARNING - /home/***/.local/lib/python3.8/site-packages/***/models/baseoperator.py:1201: AirflowProviderDeprecationWarning: Call to deprecated class SnowflakeOperator. (This class is deprecated. Please use `***.providers.common.sql.operators.sql.SQLExecuteQueryOperator`. Also, you can provide `hook_params={'warehouse': <warehouse>, 'database': <database>, 'role': <role>, 'schema': <schema>, 'authenticator': <authenticator>,'session_parameters': <session_parameters>}`.)
  result = cls.__new__(cls)

[2024-04-03T21:22:47.252+0000] {taskinstance.py:3312} INFO - 1 downstream tasks scheduled from follow-on schedule check
